#-----------------------------------------------------------
# Vivado v2020.1 (64-bit)
# SW Build 2902540 on Wed May 27 19:54:49 MDT 2020
# IP Build 2902112 on Wed May 27 22:43:36 MDT 2020
# Start of session at: Mon Mar 30 22:20:07 2026
# Process ID: 3168
# Current directory: C:/Users/TTKT/Downloads/DLD_project/DLD_project
# Command line: vivado.exe -gui_launcher_event rodinguilauncherevent1772 C:\Users\TTKT\Downloads\DLD_project\DLD_project\DLD_project.xpr
# Log file: C:/Users/TTKT/Downloads/DLD_project/DLD_project/vivado.log
# Journal file: C:/Users/TTKT/Downloads/DLD_project/DLD_project\vivado.jou
#-----------------------------------------------------------
start_gui
opopen_project C:/Users/TTKT/Downloads/DLD_project/DLD_project/DLD_project.xpr
Scanning sources...
Finished scanning sources
INFO: [IP_Flow 19-234] Refreshing IP repositories
INFO: [IP_Flow 19-1704] No user IP repositories specified
INFO: [IP_Flow 19-2313] Loaded Vivado IP repository 'C:/Xilinx/Vivado/2020.1/data/ip'opopen_project: Time (s): cpu = 00:00:32 ; elapsed = 00:00:15 . Memory (MB): peak = 1016.148 ; gain = 0.00upupdate_compile_order -fileset sources_update_compile_order -fileset sources_1
reset_run synth_1
launch_runs synth_1 -jobs 4
CRITICAL WARNING: [HDL 9-806] Syntax error near "endcase". [C:/Users/TTKT/Downloads/DLD_project/DLD_project/DLD_project.srcs/sources_1/new/debouncer.v:47]
CRITICAL WARNING: [HDL 9-806] Syntax error near "endmodule". [C:/Users/TTKT/Downloads/DLD_project/DLD_project/DLD_project.srcs/sources_1/new/debouncer.v:50]
[Mon Mar 30 22:30:49 2026] Launched synth_1...
Run output will be captured here: C:/Users/TTKT/Downloads/DLD_project/DLD_project/DLD_project.runs/synth_1/runme.log
reset_run synth_1
launch_runs synth_1 -jobs 4
[Mon Mar 30 22:33:06 2026] Launched synth_1...
Run output will be captured here: C:/Users/TTKT/Downloads/DLD_project/DLD_project/DLD_project.runs/synth_1/runme.log
launch_runs impl_1 -jobs 4
[Mon Mar 30 22:34:43 2026] Launched impl_1...
Run output will be captured here: C:/Users/TTKT/Downloads/DLD_project/DLD_project/DLD_project.runs/impl_1/runme.log
launch_runs impl_1 -to_step write_bitstream -jobs 4
[Mon Mar 30 22:36:53 2026] Launched impl_1...
Run output will be captured here: C:/Users/TTKT/Downloads/DLD_project/DLD_project/DLD_project.runs/impl_1/runme.log
open_hw_manager
connect_hw_server -allow_non_jtag
INFO: [Labtools 27-2285] Connecting to hw_server url TCP:localhost:3121
INFO: [Labtools 27-2222] Launching hw_server...
INFO: [Labtools 27-2221] Launch Output:

****** Xilinx hw_server v2020.1
  **** Build date : May 27 2020 at 20:24:38
    ** Copyright 1986-2020 Xilinx, Inc. All Rights Reserved.


INFO: [Labtools 27-3415] Connecting to cs_server url TCP:localhost:3042
INFO: [Labtools 27-3417] Launching cs_server...
INFO: [Labtools 27-2221] Launch Output:


****** Xilinx cs_server v2020.1.0
  **** Build date : May 14 2020-06:10:29
    ** Copyright 2017-2020 Xilinx, Inc. All Rights Reserved.



connect_hw_server: Time (s): cpu = 00:00:02 ; elapsed = 00:00:15 . Memory (MB): peak = 1016.883 ; gain = 0.000
open_hw_target
INFO: [Labtoolstcl 44-466] Opening hw_target localhost:3121/xilinx_tcf/Digilent/210183BE11FDA
open_hw_target: Time (s): cpu = 00:00:08 ; elapsed = 00:00:07 . Memory (MB): peak = 2096.539 ; gain = 1079.656
set_property PROGRAM.FILE {C:/Users/TTKT/Downloads/DLD_project/DLD_project/DLD_project.runs/impl_1/simon_game_top.bit} [get_hw_devices xc7a35t_0]
current_hw_device [get_hw_devices xc7a35t_0]
refresh_hw_device -update_hw_probes false [lindex [get_hw_devices xc7a35t_0] 0]
INFO: [Labtools 27-1434] Device xc7a35t (JTAG device index = 0) is programmed with a design that has no supported debug core(s) in it.
set_property PROBES.FILE {} [get_hw_devices xc7a35t_0]
set_property FULL_PROBES.FILE {} [get_hw_devices xc7a35t_0]
set_property PROGRAM.FILE {C:/Users/TTKT/Downloads/DLD_project/DLD_project/DLD_project.runs/impl_1/simon_game_top.bit} [get_hw_devices xc7a35t_0]
program_hw_devices [get_hw_devices xc7a35t_0]
INFO: [Labtools 27-3164] End of startup status: HIGH
refresh_hw_device [lindex [get_hw_devices xc7a35t_0] 0]
INFO: [Labtools 27-1434] Device xc7a35t (JTAG device index = 0) is programmed with a design that has no supported debug core(s) in it.
close_hw_manager
reset_run synth_1
launch_runs synth_1 -jobs 4
[Mon Mar 30 22:51:49 2026] Launched synth_1...
Run output will be captured here: C:/Users/TTKT/Downloads/DLD_project/DLD_project/DLD_project.runs/synth_1/runme.log
launch_runs impl_1 -jobs 4
[Mon Mar 30 22:53:31 2026] Launched impl_1...
Run output will be captured here: C:/Users/TTKT/Downloads/DLD_project/DLD_project/DLD_project.runs/impl_1/runme.log
launch_runs impl_1 -to_step write_bitstream -jobs 4
[Mon Mar 30 22:54:41 2026] Launched impl_1...
Run output will be captured here: C:/Users/TTKT/Downloads/DLD_project/DLD_project/DLD_project.runs/impl_1/runme.log
open_run impl_1
INFO: [Device 21-403] Loading part xc7a35tcpg236-1
INFO: [Common 17-41] Interrupt caught. Command should exit soon.
Netlist sorting complete. Time (s): cpu = 00:00:00 ; elapsed = 00:00:00.005 . Memory (MB): peak = 2402.492 ; gain = 0.000
INFO: [Netlist 29-17] Analyzing 47 Unisim elements for replacement
INFO: [Netlist 29-28] Unisim Transformation completed in 0 CPU seconds
INFO: [Project 1-479] Netlist was created with Vivado 2020.1
open_run: Time (s): cpu = 00:00:09 ; elapsed = 00:00:14 . Memory (MB): peak = 2402.730 ; gain = 262.172
INFO: [Common 17-344] 'open_run' was cancelled
reset_run synth_1
launch_runs synth_1 -jobs 4
[Mon Mar 30 22:56:03 2026] Launched synth_1...
Run output will be captured here: C:/Users/TTKT/Downloads/DLD_project/DLD_project/DLD_project.runs/synth_1/runme.log
launch_runs impl_1 -jobs 4
[Mon Mar 30 22:57:04 2026] Launched impl_1...
Run output will be captured here: C:/Users/TTKT/Downloads/DLD_project/DLD_project/DLD_project.runs/impl_1/runme.log
launch_runs impl_1 -to_step write_bitstream -jobs 4
[Mon Mar 30 22:58:34 2026] Launched impl_1...
Run output will be captured here: C:/Users/TTKT/Downloads/DLD_project/DLD_project/DLD_project.runs/impl_1/runme.log
open_hw_manager
connect_hw_server -allow_non_jtag
INFO: [Labtools 27-2285] Connecting to hw_server url TCP:localhost:3121
INFO: [Labtools 27-2222] Launching hw_server...
INFO: [Labtools 27-2221] Launch Output:

****** Xilinx hw_server v2020.1
  **** Build date : May 27 2020 at 20:24:38
    ** Copyright 1986-2020 Xilinx, Inc. All Rights Reserved.


INFO: [Labtools 27-3415] Connecting to cs_server url TCP:localhost:3042
INFO: [Labtools 27-3417] Launching cs_server...
INFO: [Labtools 27-2221] Launch Output:


****** Xilinx cs_server v2020.1.0
  **** Build date : May 14 2020-06:10:29
    ** Copyright 2017-2020 Xilinx, Inc. All Rights Reserved.



connect_hw_server: Time (s): cpu = 00:00:01 ; elapsed = 00:00:08 . Memory (MB): peak = 2402.730 ; gain = 0.000
open_hw_target
INFO: [Labtoolstcl 44-466] Opening hw_target localhost:3121/xilinx_tcf/Digilent/210183BE11FDA
set_property PROGRAM.FILE {C:/Users/TTKT/Downloads/DLD_project/DLD_project/DLD_project.runs/impl_1/simon_game_top.bit} [get_hw_devices xc7a35t_0]
current_hw_device [get_hw_devices xc7a35t_0]
refresh_hw_device -update_hw_probes false [lindex [get_hw_devices xc7a35t_0] 0]
INFO: [Labtools 27-1434] Device xc7a35t (JTAG device index = 0) is programmed with a design that has no supported debug core(s) in it.
set_property PROBES.FILE {} [get_hw_devices xc7a35t_0]
set_property FULL_PROBES.FILE {} [get_hw_devices xc7a35t_0]
set_property PROGRAM.FILE {C:/Users/TTKT/Downloads/DLD_project/DLD_project/DLD_project.runs/impl_1/simon_game_top.bit} [get_hw_devices xc7a35t_0]
program_hw_devices [get_hw_devices xc7a35t_0]
INFO: [Labtools 27-3164] End of startup status: HIGH
refresh_hw_device [lindex [get_hw_devices xc7a35t_0] 0]
INFO: [Labtools 27-1434] Device xc7a35t (JTAG device index = 0) is programmed with a design that has no supported debug core(s) in it.
refresh_hw_device [lindex [get_hw_devices xc7a35t_0] 0]
INFO: [Labtools 27-1434] Device xc7a35t (JTAG device index = 0) is programmed with a design that has no supported debug core(s) in it.
set_property PROBES.FILE {} [get_hw_devices xc7a35t_0]
set_property FULL_PROBES.FILE {} [get_hw_devices xc7a35t_0]
set_property PROGRAM.FILE {C:/Users/TTKT/Downloads/DLD_project/DLD_project/DLD_project.runs/impl_1/simon_game_top.bit} [get_hw_devices xc7a35t_0]
program_hw_devices [get_hw_devices xc7a35t_0]
INFO: [Labtools 27-3164] End of startup status: HIGH
refresh_hw_device [lindex [get_hw_devices xc7a35t_0] 0]
INFO: [Labtools 27-1434] Device xc7a35t (JTAG device index = 0) is programmed with a design that has no supported debug core(s) in it.
exit
INFO: [Common 17-206] Exiting Vivado at Mon Mar 30 23:05:32 2026...
