
*** Running vivado
    with args -log simon_game_top.vds -m64 -product Vivado -mode batch -messageDb vivado.pb -notrace -source simon_game_top.tcl



****** Vivado v2020.1 (64-bit)
  **** SW Build 2902540 on Wed May 27 19:54:49 MDT 2020
  **** IP Build 2902112 on Wed May 27 22:43:36 MDT 2020
    ** Copyright 1986-2020 Xilinx, Inc. All Rights Reserved.

source simon_game_top.tcl -notrace
Command: synth_design -top simon_game_top -part xc7a35tcpg236-1
Starting synth_design
Attempting to get a license for feature 'Synthesis' and/or device 'xc7a35t'
INFO: [Common 17-349] Got license for feature 'Synthesis' and/or device 'xc7a35t'
INFO: [Device 21-403] Loading part xc7a35tcpg236-1
INFO: [Synth 8-7079] Multithreading enabled for synth_design using a maximum of 2 processes.
INFO: [Synth 8-7078] Launching helper process for spawning children vivado processes
INFO: [Synth 8-7075] Helper process launched with PID 19252
WARNING: [Synth 8-992] state is already implicitly declared earlier [C:/Users/TTKT/Downloads/DLD_project/DLD_project/DLD_project.srcs/sources_1/new/simon_game_top.v:109]
---------------------------------------------------------------------------------
Starting RTL Elaboration : Time (s): cpu = 00:00:07 ; elapsed = 00:00:09 . Memory (MB): peak = 1019.930 ; gain = 0.000
---------------------------------------------------------------------------------
INFO: [Synth 8-6157] synthesizing module 'simon_game_top' [C:/Users/TTKT/Downloads/DLD_project/DLD_project/DLD_project.srcs/sources_1/new/simon_game_top.v:11]
	Parameter IDLE bound to: 0 - type: integer 
	Parameter GEN bound to: 1 - type: integer 
	Parameter SHOW bound to: 2 - type: integer 
	Parameter USER_INPUT bound to: 3 - type: integer 
	Parameter WAIT_RELEASE bound to: 4 - type: integer 
	Parameter CORRECT bound to: 5 - type: integer 
	Parameter CORRECT_WAIT bound to: 6 - type: integer 
	Parameter WRONG bound to: 7 - type: integer 
	Parameter TIMEOUT bound to: 8 - type: integer 
	Parameter GET_LAST bound to: 9 - type: integer 
	Parameter CORRECT_TICKS bound to: 2 - type: integer 
	Parameter CORRECT_WAIT_TICKS bound to: 1 - type: integer 
INFO: [Synth 8-6157] synthesizing module 'debouncer' [C:/Users/TTKT/Downloads/DLD_project/DLD_project/DLD_project.srcs/sources_1/new/debouncer.v:22]
INFO: [Synth 8-6155] done synthesizing module 'debouncer' (1#1) [C:/Users/TTKT/Downloads/DLD_project/DLD_project/DLD_project.srcs/sources_1/new/debouncer.v:22]
INFO: [Synth 8-6157] synthesizing module 'clock_divider' [C:/Users/TTKT/Downloads/DLD_project/DLD_project/DLD_project.srcs/sources_1/new/clock_divider.v:23]
	Parameter MAX_COUNT bound to: 100000000 - type: integer 
INFO: [Synth 8-6155] done synthesizing module 'clock_divider' (2#1) [C:/Users/TTKT/Downloads/DLD_project/DLD_project/DLD_project.srcs/sources_1/new/clock_divider.v:23]
INFO: [Synth 8-6157] synthesizing module 'clock_divider__parameterized0' [C:/Users/TTKT/Downloads/DLD_project/DLD_project/DLD_project.srcs/sources_1/new/clock_divider.v:23]
	Parameter MAX_COUNT bound to: 75000000 - type: integer 
INFO: [Synth 8-6155] done synthesizing module 'clock_divider__parameterized0' (2#1) [C:/Users/TTKT/Downloads/DLD_project/DLD_project/DLD_project.srcs/sources_1/new/clock_divider.v:23]
INFO: [Synth 8-6157] synthesizing module 'lfsr_random' [C:/Users/TTKT/Downloads/DLD_project/DLD_project/DLD_project.srcs/sources_1/new/lfsr_random.v:22]
INFO: [Synth 8-6155] done synthesizing module 'lfsr_random' (3#1) [C:/Users/TTKT/Downloads/DLD_project/DLD_project/DLD_project.srcs/sources_1/new/lfsr_random.v:22]
INFO: [Synth 8-6157] synthesizing module 'game_timer' [C:/Users/TTKT/Downloads/DLD_project/DLD_project/DLD_project.srcs/sources_1/new/game_timer.v:23]
INFO: [Synth 8-6155] done synthesizing module 'game_timer' (4#1) [C:/Users/TTKT/Downloads/DLD_project/DLD_project/DLD_project.srcs/sources_1/new/game_timer.v:23]
INFO: [Synth 8-6157] synthesizing module 'pattern_memory' [C:/Users/TTKT/Downloads/DLD_project/DLD_project/DLD_project.srcs/sources_1/new/pattern_memory.v:22]
	Parameter MAX_LEN bound to: 32 - type: integer 
INFO: [Synth 8-6155] done synthesizing module 'pattern_memory' (5#1) [C:/Users/TTKT/Downloads/DLD_project/DLD_project/DLD_project.srcs/sources_1/new/pattern_memory.v:22]
WARNING: [Synth 8-689] width (4) of port connection 'length' does not match port width (5) of module 'pattern_memory' [C:/Users/TTKT/Downloads/DLD_project/DLD_project/DLD_project.srcs/sources_1/new/simon_game_top.v:96]
INFO: [Synth 8-6157] synthesizing module 'pattern_controller' [C:/Users/TTKT/Downloads/DLD_project/DLD_project/DLD_project.srcs/sources_1/new/pattern_controller.v:22]
	Parameter IDLE bound to: 0 - type: integer 
	Parameter SHOW bound to: 1 - type: integer 
	Parameter WAIT bound to: 2 - type: integer 
	Parameter NEXT bound to: 3 - type: integer 
INFO: [Synth 8-155] case statement is not full and has no default [C:/Users/TTKT/Downloads/DLD_project/DLD_project/DLD_project.srcs/sources_1/new/pattern_controller.v:45]
INFO: [Synth 8-6155] done synthesizing module 'pattern_controller' (6#1) [C:/Users/TTKT/Downloads/DLD_project/DLD_project/DLD_project.srcs/sources_1/new/pattern_controller.v:22]
WARNING: [Synth 8-689] width (4) of port connection 'read_index' does not match port width (5) of module 'pattern_controller' [C:/Users/TTKT/Downloads/DLD_project/DLD_project/DLD_project.srcs/sources_1/new/simon_game_top.v:105]
INFO: [Synth 8-155] case statement is not full and has no default [C:/Users/TTKT/Downloads/DLD_project/DLD_project/DLD_project.srcs/sources_1/new/simon_game_top.v:173]
INFO: [Synth 8-6155] done synthesizing module 'simon_game_top' (7#1) [C:/Users/TTKT/Downloads/DLD_project/DLD_project/DLD_project.srcs/sources_1/new/simon_game_top.v:11]
---------------------------------------------------------------------------------
Finished RTL Elaboration : Time (s): cpu = 00:00:10 ; elapsed = 00:00:12 . Memory (MB): peak = 1019.930 ; gain = 0.000
---------------------------------------------------------------------------------
---------------------------------------------------------------------------------
Start Handling Custom Attributes
---------------------------------------------------------------------------------
---------------------------------------------------------------------------------
Finished Handling Custom Attributes : Time (s): cpu = 00:00:11 ; elapsed = 00:00:13 . Memory (MB): peak = 1019.930 ; gain = 0.000
---------------------------------------------------------------------------------
---------------------------------------------------------------------------------
Finished RTL Optimization Phase 1 : Time (s): cpu = 00:00:11 ; elapsed = 00:00:13 . Memory (MB): peak = 1019.930 ; gain = 0.000
---------------------------------------------------------------------------------
Netlist sorting complete. Time (s): cpu = 00:00:00 ; elapsed = 00:00:00.035 . Memory (MB): peak = 1019.930 ; gain = 0.000
INFO: [Project 1-570] Preparing netlist for logic optimization

Processing XDC Constraints
Initializing timing engine
Parsing XDC File [C:/Users/TTKT/Downloads/DLD_project/DLD_project/DLD_project.srcs/constrs_1/new/simon_game_test.xdc]
Finished Parsing XDC File [C:/Users/TTKT/Downloads/DLD_project/DLD_project/DLD_project.srcs/constrs_1/new/simon_game_test.xdc]
INFO: [Project 1-236] Implementation specific constraints were found while reading constraint file [C:/Users/TTKT/Downloads/DLD_project/DLD_project/DLD_project.srcs/constrs_1/new/simon_game_test.xdc]. These constraints will be ignored for synthesis but will be used in implementation. Impacted constraints are listed in the file [.Xil/simon_game_top_propImpl.xdc].
Resolution: To avoid this warning, move constraints listed in [.Xil/simon_game_top_propImpl.xdc] to another XDC file and exclude this new file from synthesis with the used_in_synthesis property (File Properties dialog in GUI) and re-run elaboration/synthesis.
Parsing XDC File [C:/Users/TTKT/Downloads/DLD_project/DLD_project/DLD_project.srcs/constrs_1/new/buzzer_drive.xdc]
WARNING: [Vivado 12-584] No ports matched 'buzzer'. [C:/Users/TTKT/Downloads/DLD_project/DLD_project/DLD_project.srcs/constrs_1/new/buzzer_drive.xdc:7]
CRITICAL WARNING: [Common 17-55] 'set_property' expects at least one object. [C:/Users/TTKT/Downloads/DLD_project/DLD_project/DLD_project.srcs/constrs_1/new/buzzer_drive.xdc:7]
Resolution: If [get_<value>] was used to populate the object, check to make sure this command returns at least one valid object.
WARNING: [Vivado 12-584] No ports matched 'buzzer'. [C:/Users/TTKT/Downloads/DLD_project/DLD_project/DLD_project.srcs/constrs_1/new/buzzer_drive.xdc:8]
CRITICAL WARNING: [Common 17-55] 'set_property' expects at least one object. [C:/Users/TTKT/Downloads/DLD_project/DLD_project/DLD_project.srcs/constrs_1/new/buzzer_drive.xdc:8]
Resolution: If [get_<value>] was used to populate the object, check to make sure this command returns at least one valid object.
WARNING: [Vivado 12-584] No ports matched 'enable'. [C:/Users/TTKT/Downloads/DLD_project/DLD_project/DLD_project.srcs/constrs_1/new/buzzer_drive.xdc:11]
CRITICAL WARNING: [Common 17-55] 'set_property' expects at least one object. [C:/Users/TTKT/Downloads/DLD_project/DLD_project/DLD_project.srcs/constrs_1/new/buzzer_drive.xdc:11]
Resolution: If [get_<value>] was used to populate the object, check to make sure this command returns at least one valid object.
WARNING: [Vivado 12-584] No ports matched 'enable'. [C:/Users/TTKT/Downloads/DLD_project/DLD_project/DLD_project.srcs/constrs_1/new/buzzer_drive.xdc:12]
CRITICAL WARNING: [Common 17-55] 'set_property' expects at least one object. [C:/Users/TTKT/Downloads/DLD_project/DLD_project/DLD_project.srcs/constrs_1/new/buzzer_drive.xdc:12]
Resolution: If [get_<value>] was used to populate the object, check to make sure this command returns at least one valid object.
Finished Parsing XDC File [C:/Users/TTKT/Downloads/DLD_project/DLD_project/DLD_project.srcs/constrs_1/new/buzzer_drive.xdc]
INFO: [Project 1-236] Implementation specific constraints were found while reading constraint file [C:/Users/TTKT/Downloads/DLD_project/DLD_project/DLD_project.srcs/constrs_1/new/buzzer_drive.xdc]. These constraints will be ignored for synthesis but will be used in implementation. Impacted constraints are listed in the file [.Xil/simon_game_top_propImpl.xdc].
Resolution: To avoid this warning, move constraints listed in [.Xil/simon_game_top_propImpl.xdc] to another XDC file and exclude this new file from synthesis with the used_in_synthesis property (File Properties dialog in GUI) and re-run elaboration/synthesis.
Completed Processing XDC Constraints

Netlist sorting complete. Time (s): cpu = 00:00:00 ; elapsed = 00:00:00.002 . Memory (MB): peak = 1019.930 ; gain = 0.000
INFO: [Project 1-111] Unisim Transformation Summary:
No Unisim elements were transformed.

Constraint Validation Runtime : Time (s): cpu = 00:00:00 ; elapsed = 00:00:00.016 . Memory (MB): peak = 1019.930 ; gain = 0.000
---------------------------------------------------------------------------------
Finished Constraint Validation : Time (s): cpu = 00:00:22 ; elapsed = 00:00:27 . Memory (MB): peak = 1019.930 ; gain = 0.000
---------------------------------------------------------------------------------
---------------------------------------------------------------------------------
Start Loading Part and Timing Information
---------------------------------------------------------------------------------
Loading part: xc7a35tcpg236-1
---------------------------------------------------------------------------------
Finished Loading Part and Timing Information : Time (s): cpu = 00:00:22 ; elapsed = 00:00:27 . Memory (MB): peak = 1019.930 ; gain = 0.000
---------------------------------------------------------------------------------
---------------------------------------------------------------------------------
Start Applying 'set_property' XDC Constraints
---------------------------------------------------------------------------------
---------------------------------------------------------------------------------
Finished applying 'set_property' XDC Constraints : Time (s): cpu = 00:00:22 ; elapsed = 00:00:27 . Memory (MB): peak = 1019.930 ; gain = 0.000
---------------------------------------------------------------------------------
INFO: [Synth 8-802] inferred FSM for state register 'state_reg' in module 'pattern_controller'
INFO: [Synth 8-802] inferred FSM for state register 'state_reg' in module 'simon_game_top'
---------------------------------------------------------------------------------------------------
                   State |                     New Encoding |                Previous Encoding 
---------------------------------------------------------------------------------------------------
                    IDLE |                             0001 |                             0000
                    SHOW |                             0010 |                             0001
                    WAIT |                             0100 |                             0010
                    NEXT |                             1000 |                             0011
---------------------------------------------------------------------------------------------------
INFO: [Synth 8-3354] encoded FSM with state register 'state_reg' using encoding 'one-hot' in module 'pattern_controller'
---------------------------------------------------------------------------------------------------
                   State |                     New Encoding |                Previous Encoding 
---------------------------------------------------------------------------------------------------
                    IDLE |                             0000 |                             0000
                     GEN |                             0001 |                             0001
                    SHOW |                             0010 |                             0010
                GET_LAST |                             0011 |                             1001
              USER_INPUT |                             0100 |                             0011
                 CORRECT |                             0101 |                             0101
            CORRECT_WAIT |                             0110 |                             0110
            WAIT_RELEASE |                             0111 |                             0100
                   WRONG |                             1000 |                             0111
                 TIMEOUT |                             1001 |                             1000
---------------------------------------------------------------------------------------------------
INFO: [Synth 8-3354] encoded FSM with state register 'state_reg' using encoding 'sequential' in module 'simon_game_top'
---------------------------------------------------------------------------------
Finished RTL Optimization Phase 2 : Time (s): cpu = 00:00:24 ; elapsed = 00:00:29 . Memory (MB): peak = 1019.930 ; gain = 0.000
---------------------------------------------------------------------------------
---------------------------------------------------------------------------------
Start RTL Component Statistics 
---------------------------------------------------------------------------------
Detailed RTL Component Info : 
+---Adders : 
	   2 Input   32 Bit       Adders := 4     
	   2 Input   22 Bit       Adders := 9     
	   2 Input   16 Bit       Adders := 1     
	   2 Input    5 Bit       Adders := 3     
	   2 Input    4 Bit       Adders := 5     
	   2 Input    2 Bit       Adders := 1     
+---XORs : 
	   2 Input      1 Bit         XORs := 1     
+---Registers : 
	               32 Bit    Registers := 2     
	               22 Bit    Registers := 9     
	               16 Bit    Registers := 1     
	                9 Bit    Registers := 2     
	                5 Bit    Registers := 3     
	                4 Bit    Registers := 43    
	                2 Bit    Registers := 1     
	                1 Bit    Registers := 36    
+---Muxes : 
	   2 Input   32 Bit        Muxes := 2     
	   2 Input   22 Bit        Muxes := 9     
	   2 Input   16 Bit        Muxes := 2     
	   4 Input    9 Bit        Muxes := 1     
	   2 Input    9 Bit        Muxes := 1     
	  10 Input    9 Bit        Muxes := 1     
	   4 Input    5 Bit        Muxes := 1     
	   2 Input    4 Bit        Muxes := 10    
	   4 Input    4 Bit        Muxes := 2     
	  10 Input    4 Bit        Muxes := 8     
	  10 Input    2 Bit        Muxes := 1     
	   2 Input    1 Bit        Muxes := 57    
	   4 Input    1 Bit        Muxes := 4     
	  10 Input    1 Bit        Muxes := 12    
---------------------------------------------------------------------------------
Finished RTL Component Statistics 
---------------------------------------------------------------------------------
---------------------------------------------------------------------------------
Start Part Resource Summary
---------------------------------------------------------------------------------
Part Resources:
DSPs: 90 (col length:60)
BRAMs: 100 (col length: RAMB18 60 RAMB36 30)
---------------------------------------------------------------------------------
Finished Part Resource Summary
---------------------------------------------------------------------------------
---------------------------------------------------------------------------------
Start Cross Boundary and Area Optimization
---------------------------------------------------------------------------------
---------------------------------------------------------------------------------
Finished Cross Boundary and Area Optimization : Time (s): cpu = 00:00:39 ; elapsed = 00:00:46 . Memory (MB): peak = 1019.930 ; gain = 0.000
---------------------------------------------------------------------------------
---------------------------------------------------------------------------------
Start Applying XDC Timing Constraints
---------------------------------------------------------------------------------
WARNING: [Synth 8-565] redefining clock 'sys_clk_pin'
---------------------------------------------------------------------------------
Finished Applying XDC Timing Constraints : Time (s): cpu = 00:00:52 ; elapsed = 00:01:01 . Memory (MB): peak = 1019.930 ; gain = 0.000
---------------------------------------------------------------------------------
---------------------------------------------------------------------------------
Start Timing Optimization
---------------------------------------------------------------------------------
---------------------------------------------------------------------------------
Finished Timing Optimization : Time (s): cpu = 00:00:55 ; elapsed = 00:01:04 . Memory (MB): peak = 1019.930 ; gain = 0.000
---------------------------------------------------------------------------------
---------------------------------------------------------------------------------
Start Technology Mapping
---------------------------------------------------------------------------------
---------------------------------------------------------------------------------
Finished Technology Mapping : Time (s): cpu = 00:00:55 ; elapsed = 00:01:05 . Memory (MB): peak = 1019.930 ; gain = 0.000
---------------------------------------------------------------------------------
---------------------------------------------------------------------------------
Start IO Insertion
---------------------------------------------------------------------------------
---------------------------------------------------------------------------------
Start Flattening Before IO Insertion
---------------------------------------------------------------------------------
---------------------------------------------------------------------------------
Finished Flattening Before IO Insertion
---------------------------------------------------------------------------------
---------------------------------------------------------------------------------
Start Final Netlist Cleanup
---------------------------------------------------------------------------------
---------------------------------------------------------------------------------
Finished Final Netlist Cleanup
---------------------------------------------------------------------------------
---------------------------------------------------------------------------------
Finished IO Insertion : Time (s): cpu = 00:01:02 ; elapsed = 00:01:12 . Memory (MB): peak = 1019.930 ; gain = 0.000
---------------------------------------------------------------------------------
---------------------------------------------------------------------------------
Start Renaming Generated Instances
---------------------------------------------------------------------------------
---------------------------------------------------------------------------------
Finished Renaming Generated Instances : Time (s): cpu = 00:01:02 ; elapsed = 00:01:12 . Memory (MB): peak = 1019.930 ; gain = 0.000
---------------------------------------------------------------------------------
---------------------------------------------------------------------------------
Start Rebuilding User Hierarchy
---------------------------------------------------------------------------------
---------------------------------------------------------------------------------
Finished Rebuilding User Hierarchy : Time (s): cpu = 00:01:02 ; elapsed = 00:01:12 . Memory (MB): peak = 1019.930 ; gain = 0.000
---------------------------------------------------------------------------------
---------------------------------------------------------------------------------
Start Renaming Generated Ports
---------------------------------------------------------------------------------
---------------------------------------------------------------------------------
Finished Renaming Generated Ports : Time (s): cpu = 00:01:02 ; elapsed = 00:01:12 . Memory (MB): peak = 1019.930 ; gain = 0.000
---------------------------------------------------------------------------------
---------------------------------------------------------------------------------
Start Handling Custom Attributes
---------------------------------------------------------------------------------
---------------------------------------------------------------------------------
Finished Handling Custom Attributes : Time (s): cpu = 00:01:02 ; elapsed = 00:01:12 . Memory (MB): peak = 1019.930 ; gain = 0.000
---------------------------------------------------------------------------------
---------------------------------------------------------------------------------
Start Renaming Generated Nets
---------------------------------------------------------------------------------
---------------------------------------------------------------------------------
Finished Renaming Generated Nets : Time (s): cpu = 00:01:02 ; elapsed = 00:01:12 . Memory (MB): peak = 1019.930 ; gain = 0.000
---------------------------------------------------------------------------------
---------------------------------------------------------------------------------
Start Writing Synthesis Report
---------------------------------------------------------------------------------

Report BlackBoxes: 
+-+--------------+----------+
| |BlackBox name |Instances |
+-+--------------+----------+
+-+--------------+----------+

Report Cell Usage: 
+------+-------+------+
|      |Cell   |Count |
+------+-------+------+
|1     |BUFG   |     1|
|2     |CARRY4 |    81|
|3     |LUT1   |     4|
|4     |LUT2   |   243|
|5     |LUT3   |    30|
|6     |LUT4   |   132|
|7     |LUT5   |   119|
|8     |LUT6   |   103|
|9     |MUXF7  |     9|
|10    |MUXF8  |     4|
|11    |FDCE   |    66|
|12    |FDRE   |   379|
|13    |FDSE   |     6|
|14    |IBUF   |    11|
|15    |OBUF   |    36|
+------+-------+------+
---------------------------------------------------------------------------------
Finished Writing Synthesis Report : Time (s): cpu = 00:01:02 ; elapsed = 00:01:12 . Memory (MB): peak = 1019.930 ; gain = 0.000
---------------------------------------------------------------------------------
Synthesis finished with 0 errors, 0 critical warnings and 1 warnings.
Synthesis Optimization Runtime : Time (s): cpu = 00:00:48 ; elapsed = 00:01:07 . Memory (MB): peak = 1019.930 ; gain = 0.000
Synthesis Optimization Complete : Time (s): cpu = 00:01:03 ; elapsed = 00:01:13 . Memory (MB): peak = 1019.930 ; gain = 0.000
INFO: [Project 1-571] Translating synthesized netlist
Netlist sorting complete. Time (s): cpu = 00:00:00 ; elapsed = 00:00:00.019 . Memory (MB): peak = 1019.930 ; gain = 0.000
INFO: [Netlist 29-17] Analyzing 94 Unisim elements for replacement
INFO: [Netlist 29-28] Unisim Transformation completed in 0 CPU seconds
INFO: [Project 1-570] Preparing netlist for logic optimization
INFO: [Opt 31-138] Pushed 0 inverter(s) to 0 load pin(s).
Netlist sorting complete. Time (s): cpu = 00:00:00 ; elapsed = 00:00:00 . Memory (MB): peak = 1019.930 ; gain = 0.000
INFO: [Project 1-111] Unisim Transformation Summary:
No Unisim elements were transformed.

INFO: [Common 17-83] Releasing license: Synthesis
38 Infos, 8 Warnings, 4 Critical Warnings and 0 Errors encountered.
synth_design completed successfully
synth_design: Time (s): cpu = 00:01:12 ; elapsed = 00:01:25 . Memory (MB): peak = 1019.930 ; gain = 0.000
INFO: [Common 17-1381] The checkpoint 'C:/Users/TTKT/Downloads/DLD_project/DLD_project/DLD_project.runs/synth_1/simon_game_top.dcp' has been generated.
INFO: [runtcl-4] Executing : report_utilization -file simon_game_top_utilization_synth.rpt -pb simon_game_top_utilization_synth.pb
INFO: [Common 17-206] Exiting Vivado at Sun Apr 12 18:03:17 2026...
