Copyright 1986-2020 Xilinx, Inc. All Rights Reserved.
--------------------------------------------------------------------------------------------------------------------------------------------------------------------------------------------------------------
| Tool Version : Vivado v.2020.1 (win64) Build 2902540 Wed May 27 19:54:49 MDT 2020
| Date         : Wed Apr  8 15:20:55 2026
| Host         : DESKTOP-GKB5T97 running 64-bit major release  (build 9200)
| Command      : report_timing_summary -max_paths 10 -file buzzer_driver_timing_summary_routed.rpt -pb buzzer_driver_timing_summary_routed.pb -rpx buzzer_driver_timing_summary_routed.rpx -warn_on_violation
| Design       : buzzer_driver
| Device       : 7a35t-cpg236
| Speed File   : -1  PRODUCTION 1.23 2018-06-13
--------------------------------------------------------------------------------------------------------------------------------------------------------------------------------------------------------------

Timing Summary Report

------------------------------------------------------------------------------------------------
| Timer Settings
| --------------
------------------------------------------------------------------------------------------------

  Enable Multi Corner Analysis               :  Yes
  Enable Pessimism Removal                   :  Yes
  Pessimism Removal Resolution               :  Nearest Common Node
  Enable Input Delay Default Clock           :  No
  Enable Preset / Clear Arcs                 :  No
  Disable Flight Delays                      :  No
  Ignore I/O Paths                           :  No
  Timing Early Launch at Borrowing Latches   :  No
  Borrow Time for Max Delay Exceptions       :  Yes
  Merge Timing Exceptions                    :  Yes

  Corner  Analyze    Analyze    
  Name    Max Paths  Min Paths  
  ------  ---------  ---------  
  Slow    Yes        Yes        
  Fast    Yes        Yes        



check_timing report

Table of Contents
-----------------
1. checking no_clock (0)
2. checking constant_clock (0)
3. checking pulse_width_clock (0)
4. checking unconstrained_internal_endpoints (0)
5. checking no_input_delay (1)
6. checking no_output_delay (1)
7. checking multiple_clock (0)
8. checking generated_clocks (0)
9. checking loops (0)
10. checking partial_input_delay (0)
11. checking partial_output_delay (0)
12. checking latch_loops (0)

1. checking no_clock (0)
------------------------
 There are 0 register/latch pins with no clock.


2. checking constant_clock (0)
------------------------------
 There are 0 register/latch pins with constant_clock.


3. checking pulse_width_clock (0)
---------------------------------
 There are 0 register/latch pins which need pulse_width check


4. checking unconstrained_internal_endpoints (0)
------------------------------------------------
 There are 0 pins that are not constrained for maximum delay.

 There are 0 pins that are not constrained for maximum delay due to constant clock.


5. checking no_input_delay (1)
------------------------------
 There is 1 input port with no input delay specified. (HIGH)

 There are 0 input ports with no input delay but user has a false path constraint.


6. checking no_output_delay (1)
-------------------------------
 There is 1 port with no output delay specified. (HIGH)

 There are 0 ports with no output delay but user has a false path constraint

 There are 0 ports with no output delay but with a timing clock defined on it or propagating through it


7. checking multiple_clock (0)
------------------------------
 There are 0 register/latch pins with multiple clocks.


8. checking generated_clocks (0)
--------------------------------
 There are 0 generated clocks that are not connected to a clock source.


9. checking loops (0)
---------------------
 There are 0 combinational loops in the design.


10. checking partial_input_delay (0)
------------------------------------
 There are 0 input ports with partial input delay specified.


11. checking partial_output_delay (0)
-------------------------------------
 There are 0 ports with partial output delay specified.


12. checking latch_loops (0)
----------------------------
 There are 0 combinational latch loops in the design through latch input



------------------------------------------------------------------------------------------------
| Design Timing Summary
| ---------------------
------------------------------------------------------------------------------------------------

    WNS(ns)      TNS(ns)  TNS Failing Endpoints  TNS Total Endpoints      WHS(ns)      THS(ns)  THS Failing Endpoints  THS Total Endpoints     WPWS(ns)     TPWS(ns)  TPWS Failing Endpoints  TPWS Total Endpoints  
    -------      -------  ---------------------  -------------------      -------      -------  ---------------------  -------------------     --------     --------  ----------------------  --------------------  
      5.658        0.000                      0                   65        0.254        0.000                      0                   65        4.500        0.000                       0                    34  


All user specified timing constraints are met.


------------------------------------------------------------------------------------------------
| Clock Summary
| -------------
------------------------------------------------------------------------------------------------

Clock        Waveform(ns)       Period(ns)      Frequency(MHz)
-----        ------------       ----------      --------------
sys_clk_pin  {0.000 5.000}      10.000          100.000         


------------------------------------------------------------------------------------------------
| Intra Clock Table
| -----------------
------------------------------------------------------------------------------------------------

Clock             WNS(ns)      TNS(ns)  TNS Failing Endpoints  TNS Total Endpoints      WHS(ns)      THS(ns)  THS Failing Endpoints  THS Total Endpoints     WPWS(ns)     TPWS(ns)  TPWS Failing Endpoints  TPWS Total Endpoints  
-----             -------      -------  ---------------------  -------------------      -------      -------  ---------------------  -------------------     --------     --------  ----------------------  --------------------  
sys_clk_pin         5.658        0.000                      0                   65        0.254        0.000                      0                   65        4.500        0.000                       0                    34  


------------------------------------------------------------------------------------------------
| Inter Clock Table
| -----------------
------------------------------------------------------------------------------------------------

From Clock    To Clock          WNS(ns)      TNS(ns)  TNS Failing Endpoints  TNS Total Endpoints      WHS(ns)      THS(ns)  THS Failing Endpoints  THS Total Endpoints  
----------    --------          -------      -------  ---------------------  -------------------      -------      -------  ---------------------  -------------------  


------------------------------------------------------------------------------------------------
| Other Path Groups Table
| -----------------------
------------------------------------------------------------------------------------------------

Path Group    From Clock    To Clock          WNS(ns)      TNS(ns)  TNS Failing Endpoints  TNS Total Endpoints      WHS(ns)      THS(ns)  THS Failing Endpoints  THS Total Endpoints  
----------    ----------    --------          -------      -------  ---------------------  -------------------      -------      -------  ---------------------  -------------------  


------------------------------------------------------------------------------------------------
| Timing Details
| --------------
------------------------------------------------------------------------------------------------


---------------------------------------------------------------------------------------------------
From Clock:  sys_clk_pin
  To Clock:  sys_clk_pin

Setup :            0  Failing Endpoints,  Worst Slack        5.658ns,  Total Violation        0.000ns
Hold  :            0  Failing Endpoints,  Worst Slack        0.254ns,  Total Violation        0.000ns
PW    :            0  Failing Endpoints,  Worst Slack        4.500ns,  Total Violation        0.000ns
---------------------------------------------------------------------------------------------------


Max Delay Paths
--------------------------------------------------------------------------------------
Slack (MET) :             5.658ns  (required time - arrival time)
  Source:                 counter_reg[7]/C
                            (rising edge-triggered cell FDRE clocked by sys_clk_pin  {rise@0.000ns fall@5.000ns period=10.000ns})
  Destination:            counter_reg[28]/R
                            (rising edge-triggered cell FDRE clocked by sys_clk_pin  {rise@0.000ns fall@5.000ns period=10.000ns})
  Path Group:             sys_clk_pin
  Path Type:              Setup (Max at Slow Process Corner)
  Requirement:            10.000ns  (sys_clk_pin rise@10.000ns - sys_clk_pin rise@0.000ns)
  Data Path Delay:        3.763ns  (logic 0.890ns (23.650%)  route 2.873ns (76.350%))
  Logic Levels:           3  (LUT6=3)
  Clock Path Skew:        -0.019ns (DCD - SCD + CPR)
    Destination Clock Delay (DCD):    4.847ns = ( 14.847 - 10.000 ) 
    Source Clock Delay      (SCD):    5.138ns
    Clock Pessimism Removal (CPR):    0.272ns
  Clock Uncertainty:      0.035ns  ((TSJ^2 + TIJ^2)^1/2 + DJ) / 2 + PE
    Total System Jitter     (TSJ):    0.071ns
    Total Input Jitter      (TIJ):    0.000ns
    Discrete Jitter          (DJ):    0.000ns
    Phase Error              (PE):    0.000ns

    Location             Delay type                Incr(ns)  Path(ns)    Netlist Resource(s)
  -------------------------------------------------------------------    -------------------
                         (clock sys_clk_pin rise edge)
                                                      0.000     0.000 r  
    W5                                                0.000     0.000 r  clk (IN)
                         net (fo=0)                   0.000     0.000    clk
    W5                   IBUF (Prop_ibuf_I_O)         1.458     1.458 r  clk_IBUF_inst/O
                         net (fo=1, routed)           1.967     3.425    clk_IBUF
    BUFGCTRL_X0Y0        BUFG (Prop_bufg_I_O)         0.096     3.521 r  clk_IBUF_BUFG_inst/O
                         net (fo=33, routed)          1.617     5.138    clk_IBUF_BUFG
    SLICE_X64Y82         FDRE                                         r  counter_reg[7]/C
  -------------------------------------------------------------------    -------------------
    SLICE_X64Y82         FDRE (Prop_fdre_C_Q)         0.518     5.656 r  counter_reg[7]/Q
                         net (fo=2, routed)           1.138     6.794    counter_reg[7]
    SLICE_X65Y82         LUT6 (Prop_lut6_I2_O)        0.124     6.918 r  counter[0]_i_8/O
                         net (fo=1, routed)           0.403     7.320    counter[0]_i_8_n_0
    SLICE_X65Y84         LUT6 (Prop_lut6_I5_O)        0.124     7.444 r  counter[0]_i_4/O
                         net (fo=2, routed)           0.442     7.887    counter[0]_i_4_n_0
    SLICE_X65Y85         LUT6 (Prop_lut6_I1_O)        0.124     8.011 r  counter[0]_i_1/O
                         net (fo=32, routed)          0.891     8.901    counter[0]_i_1_n_0
    SLICE_X64Y88         FDRE                                         r  counter_reg[28]/R
  -------------------------------------------------------------------    -------------------

                         (clock sys_clk_pin rise edge)
                                                     10.000    10.000 r  
    W5                                                0.000    10.000 r  clk (IN)
                         net (fo=0)                   0.000    10.000    clk
    W5                   IBUF (Prop_ibuf_I_O)         1.388    11.388 r  clk_IBUF_inst/O
                         net (fo=1, routed)           1.862    13.250    clk_IBUF
    BUFGCTRL_X0Y0        BUFG (Prop_bufg_I_O)         0.091    13.341 r  clk_IBUF_BUFG_inst/O
                         net (fo=33, routed)          1.506    14.847    clk_IBUF_BUFG
    SLICE_X64Y88         FDRE                                         r  counter_reg[28]/C
                         clock pessimism              0.272    15.119    
                         clock uncertainty           -0.035    15.084    
    SLICE_X64Y88         FDRE (Setup_fdre_C_R)       -0.524    14.560    counter_reg[28]
  -------------------------------------------------------------------
                         required time                         14.560    
                         arrival time                          -8.901    
  -------------------------------------------------------------------
                         slack                                  5.658    

Slack (MET) :             5.658ns  (required time - arrival time)
  Source:                 counter_reg[7]/C
                            (rising edge-triggered cell FDRE clocked by sys_clk_pin  {rise@0.000ns fall@5.000ns period=10.000ns})
  Destination:            counter_reg[29]/R
                            (rising edge-triggered cell FDRE clocked by sys_clk_pin  {rise@0.000ns fall@5.000ns period=10.000ns})
  Path Group:             sys_clk_pin
  Path Type:              Setup (Max at Slow Process Corner)
  Requirement:            10.000ns  (sys_clk_pin rise@10.000ns - sys_clk_pin rise@0.000ns)
  Data Path Delay:        3.763ns  (logic 0.890ns (23.650%)  route 2.873ns (76.350%))
  Logic Levels:           3  (LUT6=3)
  Clock Path Skew:        -0.019ns (DCD - SCD + CPR)
    Destination Clock Delay (DCD):    4.847ns = ( 14.847 - 10.000 ) 
    Source Clock Delay      (SCD):    5.138ns
    Clock Pessimism Removal (CPR):    0.272ns
  Clock Uncertainty:      0.035ns  ((TSJ^2 + TIJ^2)^1/2 + DJ) / 2 + PE
    Total System Jitter     (TSJ):    0.071ns
    Total Input Jitter      (TIJ):    0.000ns
    Discrete Jitter          (DJ):    0.000ns
    Phase Error              (PE):    0.000ns

    Location             Delay type                Incr(ns)  Path(ns)    Netlist Resource(s)
  -------------------------------------------------------------------    -------------------
                         (clock sys_clk_pin rise edge)
                                                      0.000     0.000 r  
    W5                                                0.000     0.000 r  clk (IN)
                         net (fo=0)                   0.000     0.000    clk
    W5                   IBUF (Prop_ibuf_I_O)         1.458     1.458 r  clk_IBUF_inst/O
                         net (fo=1, routed)           1.967     3.425    clk_IBUF
    BUFGCTRL_X0Y0        BUFG (Prop_bufg_I_O)         0.096     3.521 r  clk_IBUF_BUFG_inst/O
                         net (fo=33, routed)          1.617     5.138    clk_IBUF_BUFG
    SLICE_X64Y82         FDRE                                         r  counter_reg[7]/C
  -------------------------------------------------------------------    -------------------
    SLICE_X64Y82         FDRE (Prop_fdre_C_Q)         0.518     5.656 r  counter_reg[7]/Q
                         net (fo=2, routed)           1.138     6.794    counter_reg[7]
    SLICE_X65Y82         LUT6 (Prop_lut6_I2_O)        0.124     6.918 r  counter[0]_i_8/O
                         net (fo=1, routed)           0.403     7.320    counter[0]_i_8_n_0
    SLICE_X65Y84         LUT6 (Prop_lut6_I5_O)        0.124     7.444 r  counter[0]_i_4/O
                         net (fo=2, routed)           0.442     7.887    counter[0]_i_4_n_0
    SLICE_X65Y85         LUT6 (Prop_lut6_I1_O)        0.124     8.011 r  counter[0]_i_1/O
                         net (fo=32, routed)          0.891     8.901    counter[0]_i_1_n_0
    SLICE_X64Y88         FDRE                                         r  counter_reg[29]/R
  -------------------------------------------------------------------    -------------------

                         (clock sys_clk_pin rise edge)
                                                     10.000    10.000 r  
    W5                                                0.000    10.000 r  clk (IN)
                         net (fo=0)                   0.000    10.000    clk
    W5                   IBUF (Prop_ibuf_I_O)         1.388    11.388 r  clk_IBUF_inst/O
                         net (fo=1, routed)           1.862    13.250    clk_IBUF
    BUFGCTRL_X0Y0        BUFG (Prop_bufg_I_O)         0.091    13.341 r  clk_IBUF_BUFG_inst/O
                         net (fo=33, routed)          1.506    14.847    clk_IBUF_BUFG
    SLICE_X64Y88         FDRE                                         r  counter_reg[29]/C
                         clock pessimism              0.272    15.119    
                         clock uncertainty           -0.035    15.084    
    SLICE_X64Y88         FDRE (Setup_fdre_C_R)       -0.524    14.560    counter_reg[29]
  -------------------------------------------------------------------
                         required time                         14.560    
                         arrival time                          -8.901    
  -------------------------------------------------------------------
                         slack                                  5.658    

Slack (MET) :             5.658ns  (required time - arrival time)
  Source:                 counter_reg[7]/C
                            (rising edge-triggered cell FDRE clocked by sys_clk_pin  {rise@0.000ns fall@5.000ns period=10.000ns})
  Destination:            counter_reg[30]/R
                            (rising edge-triggered cell FDRE clocked by sys_clk_pin  {rise@0.000ns fall@5.000ns period=10.000ns})
  Path Group:             sys_clk_pin
  Path Type:              Setup (Max at Slow Process Corner)
  Requirement:            10.000ns  (sys_clk_pin rise@10.000ns - sys_clk_pin rise@0.000ns)
  Data Path Delay:        3.763ns  (logic 0.890ns (23.650%)  route 2.873ns (76.350%))
  Logic Levels:           3  (LUT6=3)
  Clock Path Skew:        -0.019ns (DCD - SCD + CPR)
    Destination Clock Delay (DCD):    4.847ns = ( 14.847 - 10.000 ) 
    Source Clock Delay      (SCD):    5.138ns
    Clock Pessimism Removal (CPR):    0.272ns
  Clock Uncertainty:      0.035ns  ((TSJ^2 + TIJ^2)^1/2 + DJ) / 2 + PE
    Total System Jitter     (TSJ):    0.071ns
    Total Input Jitter      (TIJ):    0.000ns
    Discrete Jitter          (DJ):    0.000ns
    Phase Error              (PE):    0.000ns

    Location             Delay type                Incr(ns)  Path(ns)    Netlist Resource(s)
  -------------------------------------------------------------------    -------------------
                         (clock sys_clk_pin rise edge)
                                                      0.000     0.000 r  
    W5                                                0.000     0.000 r  clk (IN)
                         net (fo=0)                   0.000     0.000    clk
    W5                   IBUF (Prop_ibuf_I_O)         1.458     1.458 r  clk_IBUF_inst/O
                         net (fo=1, routed)           1.967     3.425    clk_IBUF
    BUFGCTRL_X0Y0        BUFG (Prop_bufg_I_O)         0.096     3.521 r  clk_IBUF_BUFG_inst/O
                         net (fo=33, routed)          1.617     5.138    clk_IBUF_BUFG
    SLICE_X64Y82         FDRE                                         r  counter_reg[7]/C
  -------------------------------------------------------------------    -------------------
    SLICE_X64Y82         FDRE (Prop_fdre_C_Q)         0.518     5.656 r  counter_reg[7]/Q
                         net (fo=2, routed)           1.138     6.794    counter_reg[7]
    SLICE_X65Y82         LUT6 (Prop_lut6_I2_O)        0.124     6.918 r  counter[0]_i_8/O
                         net (fo=1, routed)           0.403     7.320    counter[0]_i_8_n_0
    SLICE_X65Y84         LUT6 (Prop_lut6_I5_O)        0.124     7.444 r  counter[0]_i_4/O
                         net (fo=2, routed)           0.442     7.887    counter[0]_i_4_n_0
    SLICE_X65Y85         LUT6 (Prop_lut6_I1_O)        0.124     8.011 r  counter[0]_i_1/O
                         net (fo=32, routed)          0.891     8.901    counter[0]_i_1_n_0
    SLICE_X64Y88         FDRE                                         r  counter_reg[30]/R
  -------------------------------------------------------------------    -------------------

                         (clock sys_clk_pin rise edge)
                                                     10.000    10.000 r  
    W5                                                0.000    10.000 r  clk (IN)
                         net (fo=0)                   0.000    10.000    clk
    W5                   IBUF (Prop_ibuf_I_O)         1.388    11.388 r  clk_IBUF_inst/O
                         net (fo=1, routed)           1.862    13.250    clk_IBUF
    BUFGCTRL_X0Y0        BUFG (Prop_bufg_I_O)         0.091    13.341 r  clk_IBUF_BUFG_inst/O
                         net (fo=33, routed)          1.506    14.847    clk_IBUF_BUFG
    SLICE_X64Y88         FDRE                                         r  counter_reg[30]/C
                         clock pessimism              0.272    15.119    
                         clock uncertainty           -0.035    15.084    
    SLICE_X64Y88         FDRE (Setup_fdre_C_R)       -0.524    14.560    counter_reg[30]
  -------------------------------------------------------------------
                         required time                         14.560    
                         arrival time                          -8.901    
  -------------------------------------------------------------------
                         slack                                  5.658    

Slack (MET) :             5.658ns  (required time - arrival time)
  Source:                 counter_reg[7]/C
                            (rising edge-triggered cell FDRE clocked by sys_clk_pin  {rise@0.000ns fall@5.000ns period=10.000ns})
  Destination:            counter_reg[31]/R
                            (rising edge-triggered cell FDRE clocked by sys_clk_pin  {rise@0.000ns fall@5.000ns period=10.000ns})
  Path Group:             sys_clk_pin
  Path Type:              Setup (Max at Slow Process Corner)
  Requirement:            10.000ns  (sys_clk_pin rise@10.000ns - sys_clk_pin rise@0.000ns)
  Data Path Delay:        3.763ns  (logic 0.890ns (23.650%)  route 2.873ns (76.350%))
  Logic Levels:           3  (LUT6=3)
  Clock Path Skew:        -0.019ns (DCD - SCD + CPR)
    Destination Clock Delay (DCD):    4.847ns = ( 14.847 - 10.000 ) 
    Source Clock Delay      (SCD):    5.138ns
    Clock Pessimism Removal (CPR):    0.272ns
  Clock Uncertainty:      0.035ns  ((TSJ^2 + TIJ^2)^1/2 + DJ) / 2 + PE
    Total System Jitter     (TSJ):    0.071ns
    Total Input Jitter      (TIJ):    0.000ns
    Discrete Jitter          (DJ):    0.000ns
    Phase Error              (PE):    0.000ns

    Location             Delay type                Incr(ns)  Path(ns)    Netlist Resource(s)
  -------------------------------------------------------------------    -------------------
                         (clock sys_clk_pin rise edge)
                                                      0.000     0.000 r  
    W5                                                0.000     0.000 r  clk (IN)
                         net (fo=0)                   0.000     0.000    clk
    W5                   IBUF (Prop_ibuf_I_O)         1.458     1.458 r  clk_IBUF_inst/O
                         net (fo=1, routed)           1.967     3.425    clk_IBUF
    BUFGCTRL_X0Y0        BUFG (Prop_bufg_I_O)         0.096     3.521 r  clk_IBUF_BUFG_inst/O
                         net (fo=33, routed)          1.617     5.138    clk_IBUF_BUFG
    SLICE_X64Y82         FDRE                                         r  counter_reg[7]/C
  -------------------------------------------------------------------    -------------------
    SLICE_X64Y82         FDRE (Prop_fdre_C_Q)         0.518     5.656 r  counter_reg[7]/Q
                         net (fo=2, routed)           1.138     6.794    counter_reg[7]
    SLICE_X65Y82         LUT6 (Prop_lut6_I2_O)        0.124     6.918 r  counter[0]_i_8/O
                         net (fo=1, routed)           0.403     7.320    counter[0]_i_8_n_0
    SLICE_X65Y84         LUT6 (Prop_lut6_I5_O)        0.124     7.444 r  counter[0]_i_4/O
                         net (fo=2, routed)           0.442     7.887    counter[0]_i_4_n_0
    SLICE_X65Y85         LUT6 (Prop_lut6_I1_O)        0.124     8.011 r  counter[0]_i_1/O
                         net (fo=32, routed)          0.891     8.901    counter[0]_i_1_n_0
    SLICE_X64Y88         FDRE                                         r  counter_reg[31]/R
  -------------------------------------------------------------------    -------------------

                         (clock sys_clk_pin rise edge)
                                                     10.000    10.000 r  
    W5                                                0.000    10.000 r  clk (IN)
                         net (fo=0)                   0.000    10.000    clk
    W5                   IBUF (Prop_ibuf_I_O)         1.388    11.388 r  clk_IBUF_inst/O
                         net (fo=1, routed)           1.862    13.250    clk_IBUF
    BUFGCTRL_X0Y0        BUFG (Prop_bufg_I_O)         0.091    13.341 r  clk_IBUF_BUFG_inst/O
                         net (fo=33, routed)          1.506    14.847    clk_IBUF_BUFG
    SLICE_X64Y88         FDRE                                         r  counter_reg[31]/C
                         clock pessimism              0.272    15.119    
                         clock uncertainty           -0.035    15.084    
    SLICE_X64Y88         FDRE (Setup_fdre_C_R)       -0.524    14.560    counter_reg[31]
  -------------------------------------------------------------------
                         required time                         14.560    
                         arrival time                          -8.901    
  -------------------------------------------------------------------
                         slack                                  5.658    

Slack (MET) :             5.727ns  (required time - arrival time)
  Source:                 counter_reg[7]/C
                            (rising edge-triggered cell FDRE clocked by sys_clk_pin  {rise@0.000ns fall@5.000ns period=10.000ns})
  Destination:            counter_reg[0]/R
                            (rising edge-triggered cell FDRE clocked by sys_clk_pin  {rise@0.000ns fall@5.000ns period=10.000ns})
  Path Group:             sys_clk_pin
  Path Type:              Setup (Max at Slow Process Corner)
  Requirement:            10.000ns  (sys_clk_pin rise@10.000ns - sys_clk_pin rise@0.000ns)
  Data Path Delay:        3.687ns  (logic 0.890ns (24.137%)  route 2.797ns (75.863%))
  Logic Levels:           3  (LUT6=3)
  Clock Path Skew:        -0.026ns (DCD - SCD + CPR)
    Destination Clock Delay (DCD):    4.840ns = ( 14.840 - 10.000 ) 
    Source Clock Delay      (SCD):    5.138ns
    Clock Pessimism Removal (CPR):    0.272ns
  Clock Uncertainty:      0.035ns  ((TSJ^2 + TIJ^2)^1/2 + DJ) / 2 + PE
    Total System Jitter     (TSJ):    0.071ns
    Total Input Jitter      (TIJ):    0.000ns
    Discrete Jitter          (DJ):    0.000ns
    Phase Error              (PE):    0.000ns

    Location             Delay type                Incr(ns)  Path(ns)    Netlist Resource(s)
  -------------------------------------------------------------------    -------------------
                         (clock sys_clk_pin rise edge)
                                                      0.000     0.000 r  
    W5                                                0.000     0.000 r  clk (IN)
                         net (fo=0)                   0.000     0.000    clk
    W5                   IBUF (Prop_ibuf_I_O)         1.458     1.458 r  clk_IBUF_inst/O
                         net (fo=1, routed)           1.967     3.425    clk_IBUF
    BUFGCTRL_X0Y0        BUFG (Prop_bufg_I_O)         0.096     3.521 r  clk_IBUF_BUFG_inst/O
                         net (fo=33, routed)          1.617     5.138    clk_IBUF_BUFG
    SLICE_X64Y82         FDRE                                         r  counter_reg[7]/C
  -------------------------------------------------------------------    -------------------
    SLICE_X64Y82         FDRE (Prop_fdre_C_Q)         0.518     5.656 r  counter_reg[7]/Q
                         net (fo=2, routed)           1.138     6.794    counter_reg[7]
    SLICE_X65Y82         LUT6 (Prop_lut6_I2_O)        0.124     6.918 r  counter[0]_i_8/O
                         net (fo=1, routed)           0.403     7.320    counter[0]_i_8_n_0
    SLICE_X65Y84         LUT6 (Prop_lut6_I5_O)        0.124     7.444 r  counter[0]_i_4/O
                         net (fo=2, routed)           0.442     7.887    counter[0]_i_4_n_0
    SLICE_X65Y85         LUT6 (Prop_lut6_I1_O)        0.124     8.011 r  counter[0]_i_1/O
                         net (fo=32, routed)          0.815     8.825    counter[0]_i_1_n_0
    SLICE_X64Y81         FDRE                                         r  counter_reg[0]/R
  -------------------------------------------------------------------    -------------------

                         (clock sys_clk_pin rise edge)
                                                     10.000    10.000 r  
    W5                                                0.000    10.000 r  clk (IN)
                         net (fo=0)                   0.000    10.000    clk
    W5                   IBUF (Prop_ibuf_I_O)         1.388    11.388 r  clk_IBUF_inst/O
                         net (fo=1, routed)           1.862    13.250    clk_IBUF
    BUFGCTRL_X0Y0        BUFG (Prop_bufg_I_O)         0.091    13.341 r  clk_IBUF_BUFG_inst/O
                         net (fo=33, routed)          1.499    14.840    clk_IBUF_BUFG
    SLICE_X64Y81         FDRE                                         r  counter_reg[0]/C
                         clock pessimism              0.272    15.112    
                         clock uncertainty           -0.035    15.077    
    SLICE_X64Y81         FDRE (Setup_fdre_C_R)       -0.524    14.553    counter_reg[0]
  -------------------------------------------------------------------
                         required time                         14.553    
                         arrival time                          -8.825    
  -------------------------------------------------------------------
                         slack                                  5.727    

Slack (MET) :             5.727ns  (required time - arrival time)
  Source:                 counter_reg[7]/C
                            (rising edge-triggered cell FDRE clocked by sys_clk_pin  {rise@0.000ns fall@5.000ns period=10.000ns})
  Destination:            counter_reg[1]/R
                            (rising edge-triggered cell FDRE clocked by sys_clk_pin  {rise@0.000ns fall@5.000ns period=10.000ns})
  Path Group:             sys_clk_pin
  Path Type:              Setup (Max at Slow Process Corner)
  Requirement:            10.000ns  (sys_clk_pin rise@10.000ns - sys_clk_pin rise@0.000ns)
  Data Path Delay:        3.687ns  (logic 0.890ns (24.137%)  route 2.797ns (75.863%))
  Logic Levels:           3  (LUT6=3)
  Clock Path Skew:        -0.026ns (DCD - SCD + CPR)
    Destination Clock Delay (DCD):    4.840ns = ( 14.840 - 10.000 ) 
    Source Clock Delay      (SCD):    5.138ns
    Clock Pessimism Removal (CPR):    0.272ns
  Clock Uncertainty:      0.035ns  ((TSJ^2 + TIJ^2)^1/2 + DJ) / 2 + PE
    Total System Jitter     (TSJ):    0.071ns
    Total Input Jitter      (TIJ):    0.000ns
    Discrete Jitter          (DJ):    0.000ns
    Phase Error              (PE):    0.000ns

    Location             Delay type                Incr(ns)  Path(ns)    Netlist Resource(s)
  -------------------------------------------------------------------    -------------------
                         (clock sys_clk_pin rise edge)
                                                      0.000     0.000 r  
    W5                                                0.000     0.000 r  clk (IN)
                         net (fo=0)                   0.000     0.000    clk
    W5                   IBUF (Prop_ibuf_I_O)         1.458     1.458 r  clk_IBUF_inst/O
                         net (fo=1, routed)           1.967     3.425    clk_IBUF
    BUFGCTRL_X0Y0        BUFG (Prop_bufg_I_O)         0.096     3.521 r  clk_IBUF_BUFG_inst/O
                         net (fo=33, routed)          1.617     5.138    clk_IBUF_BUFG
    SLICE_X64Y82         FDRE                                         r  counter_reg[7]/C
  -------------------------------------------------------------------    -------------------
    SLICE_X64Y82         FDRE (Prop_fdre_C_Q)         0.518     5.656 r  counter_reg[7]/Q
                         net (fo=2, routed)           1.138     6.794    counter_reg[7]
    SLICE_X65Y82         LUT6 (Prop_lut6_I2_O)        0.124     6.918 r  counter[0]_i_8/O
                         net (fo=1, routed)           0.403     7.320    counter[0]_i_8_n_0
    SLICE_X65Y84         LUT6 (Prop_lut6_I5_O)        0.124     7.444 r  counter[0]_i_4/O
                         net (fo=2, routed)           0.442     7.887    counter[0]_i_4_n_0
    SLICE_X65Y85         LUT6 (Prop_lut6_I1_O)        0.124     8.011 r  counter[0]_i_1/O
                         net (fo=32, routed)          0.815     8.825    counter[0]_i_1_n_0
    SLICE_X64Y81         FDRE                                         r  counter_reg[1]/R
  -------------------------------------------------------------------    -------------------

                         (clock sys_clk_pin rise edge)
                                                     10.000    10.000 r  
    W5                                                0.000    10.000 r  clk (IN)
                         net (fo=0)                   0.000    10.000    clk
    W5                   IBUF (Prop_ibuf_I_O)         1.388    11.388 r  clk_IBUF_inst/O
                         net (fo=1, routed)           1.862    13.250    clk_IBUF
    BUFGCTRL_X0Y0        BUFG (Prop_bufg_I_O)         0.091    13.341 r  clk_IBUF_BUFG_inst/O
                         net (fo=33, routed)          1.499    14.840    clk_IBUF_BUFG
    SLICE_X64Y81         FDRE                                         r  counter_reg[1]/C
                         clock pessimism              0.272    15.112    
                         clock uncertainty           -0.035    15.077    
    SLICE_X64Y81         FDRE (Setup_fdre_C_R)       -0.524    14.553    counter_reg[1]
  -------------------------------------------------------------------
                         required time                         14.553    
                         arrival time                          -8.825    
  -------------------------------------------------------------------
                         slack                                  5.727    

Slack (MET) :             5.727ns  (required time - arrival time)
  Source:                 counter_reg[7]/C
                            (rising edge-triggered cell FDRE clocked by sys_clk_pin  {rise@0.000ns fall@5.000ns period=10.000ns})
  Destination:            counter_reg[2]/R
                            (rising edge-triggered cell FDRE clocked by sys_clk_pin  {rise@0.000ns fall@5.000ns period=10.000ns})
  Path Group:             sys_clk_pin
  Path Type:              Setup (Max at Slow Process Corner)
  Requirement:            10.000ns  (sys_clk_pin rise@10.000ns - sys_clk_pin rise@0.000ns)
  Data Path Delay:        3.687ns  (logic 0.890ns (24.137%)  route 2.797ns (75.863%))
  Logic Levels:           3  (LUT6=3)
  Clock Path Skew:        -0.026ns (DCD - SCD + CPR)
    Destination Clock Delay (DCD):    4.840ns = ( 14.840 - 10.000 ) 
    Source Clock Delay      (SCD):    5.138ns
    Clock Pessimism Removal (CPR):    0.272ns
  Clock Uncertainty:      0.035ns  ((TSJ^2 + TIJ^2)^1/2 + DJ) / 2 + PE
    Total System Jitter     (TSJ):    0.071ns
    Total Input Jitter      (TIJ):    0.000ns
    Discrete Jitter          (DJ):    0.000ns
    Phase Error              (PE):    0.000ns

    Location             Delay type                Incr(ns)  Path(ns)    Netlist Resource(s)
  -------------------------------------------------------------------    -------------------
                         (clock sys_clk_pin rise edge)
                                                      0.000     0.000 r  
    W5                                                0.000     0.000 r  clk (IN)
                         net (fo=0)                   0.000     0.000    clk
    W5                   IBUF (Prop_ibuf_I_O)         1.458     1.458 r  clk_IBUF_inst/O
                         net (fo=1, routed)           1.967     3.425    clk_IBUF
    BUFGCTRL_X0Y0        BUFG (Prop_bufg_I_O)         0.096     3.521 r  clk_IBUF_BUFG_inst/O
                         net (fo=33, routed)          1.617     5.138    clk_IBUF_BUFG
    SLICE_X64Y82         FDRE                                         r  counter_reg[7]/C
  -------------------------------------------------------------------    -------------------
    SLICE_X64Y82         FDRE (Prop_fdre_C_Q)         0.518     5.656 r  counter_reg[7]/Q
                         net (fo=2, routed)           1.138     6.794    counter_reg[7]
    SLICE_X65Y82         LUT6 (Prop_lut6_I2_O)        0.124     6.918 r  counter[0]_i_8/O
                         net (fo=1, routed)           0.403     7.320    counter[0]_i_8_n_0
    SLICE_X65Y84         LUT6 (Prop_lut6_I5_O)        0.124     7.444 r  counter[0]_i_4/O
                         net (fo=2, routed)           0.442     7.887    counter[0]_i_4_n_0
    SLICE_X65Y85         LUT6 (Prop_lut6_I1_O)        0.124     8.011 r  counter[0]_i_1/O
                         net (fo=32, routed)          0.815     8.825    counter[0]_i_1_n_0
    SLICE_X64Y81         FDRE                                         r  counter_reg[2]/R
  -------------------------------------------------------------------    -------------------

                         (clock sys_clk_pin rise edge)
                                                     10.000    10.000 r  
    W5                                                0.000    10.000 r  clk (IN)
                         net (fo=0)                   0.000    10.000    clk
    W5                   IBUF (Prop_ibuf_I_O)         1.388    11.388 r  clk_IBUF_inst/O
                         net (fo=1, routed)           1.862    13.250    clk_IBUF
    BUFGCTRL_X0Y0        BUFG (Prop_bufg_I_O)         0.091    13.341 r  clk_IBUF_BUFG_inst/O
                         net (fo=33, routed)          1.499    14.840    clk_IBUF_BUFG
    SLICE_X64Y81         FDRE                                         r  counter_reg[2]/C
                         clock pessimism              0.272    15.112    
                         clock uncertainty           -0.035    15.077    
    SLICE_X64Y81         FDRE (Setup_fdre_C_R)       -0.524    14.553    counter_reg[2]
  -------------------------------------------------------------------
                         required time                         14.553    
                         arrival time                          -8.825    
  -------------------------------------------------------------------
                         slack                                  5.727    

Slack (MET) :             5.727ns  (required time - arrival time)
  Source:                 counter_reg[7]/C
                            (rising edge-triggered cell FDRE clocked by sys_clk_pin  {rise@0.000ns fall@5.000ns period=10.000ns})
  Destination:            counter_reg[3]/R
                            (rising edge-triggered cell FDRE clocked by sys_clk_pin  {rise@0.000ns fall@5.000ns period=10.000ns})
  Path Group:             sys_clk_pin
  Path Type:              Setup (Max at Slow Process Corner)
  Requirement:            10.000ns  (sys_clk_pin rise@10.000ns - sys_clk_pin rise@0.000ns)
  Data Path Delay:        3.687ns  (logic 0.890ns (24.137%)  route 2.797ns (75.863%))
  Logic Levels:           3  (LUT6=3)
  Clock Path Skew:        -0.026ns (DCD - SCD + CPR)
    Destination Clock Delay (DCD):    4.840ns = ( 14.840 - 10.000 ) 
    Source Clock Delay      (SCD):    5.138ns
    Clock Pessimism Removal (CPR):    0.272ns
  Clock Uncertainty:      0.035ns  ((TSJ^2 + TIJ^2)^1/2 + DJ) / 2 + PE
    Total System Jitter     (TSJ):    0.071ns
    Total Input Jitter      (TIJ):    0.000ns
    Discrete Jitter          (DJ):    0.000ns
    Phase Error              (PE):    0.000ns

    Location             Delay type                Incr(ns)  Path(ns)    Netlist Resource(s)
  -------------------------------------------------------------------    -------------------
                         (clock sys_clk_pin rise edge)
                                                      0.000     0.000 r  
    W5                                                0.000     0.000 r  clk (IN)
                         net (fo=0)                   0.000     0.000    clk
    W5                   IBUF (Prop_ibuf_I_O)         1.458     1.458 r  clk_IBUF_inst/O
                         net (fo=1, routed)           1.967     3.425    clk_IBUF
    BUFGCTRL_X0Y0        BUFG (Prop_bufg_I_O)         0.096     3.521 r  clk_IBUF_BUFG_inst/O
                         net (fo=33, routed)          1.617     5.138    clk_IBUF_BUFG
    SLICE_X64Y82         FDRE                                         r  counter_reg[7]/C
  -------------------------------------------------------------------    -------------------
    SLICE_X64Y82         FDRE (Prop_fdre_C_Q)         0.518     5.656 r  counter_reg[7]/Q
                         net (fo=2, routed)           1.138     6.794    counter_reg[7]
    SLICE_X65Y82         LUT6 (Prop_lut6_I2_O)        0.124     6.918 r  counter[0]_i_8/O
                         net (fo=1, routed)           0.403     7.320    counter[0]_i_8_n_0
    SLICE_X65Y84         LUT6 (Prop_lut6_I5_O)        0.124     7.444 r  counter[0]_i_4/O
                         net (fo=2, routed)           0.442     7.887    counter[0]_i_4_n_0
    SLICE_X65Y85         LUT6 (Prop_lut6_I1_O)        0.124     8.011 r  counter[0]_i_1/O
                         net (fo=32, routed)          0.815     8.825    counter[0]_i_1_n_0
    SLICE_X64Y81         FDRE                                         r  counter_reg[3]/R
  -------------------------------------------------------------------    -------------------

                         (clock sys_clk_pin rise edge)
                                                     10.000    10.000 r  
    W5                                                0.000    10.000 r  clk (IN)
                         net (fo=0)                   0.000    10.000    clk
    W5                   IBUF (Prop_ibuf_I_O)         1.388    11.388 r  clk_IBUF_inst/O
                         net (fo=1, routed)           1.862    13.250    clk_IBUF
    BUFGCTRL_X0Y0        BUFG (Prop_bufg_I_O)         0.091    13.341 r  clk_IBUF_BUFG_inst/O
                         net (fo=33, routed)          1.499    14.840    clk_IBUF_BUFG
    SLICE_X64Y81         FDRE                                         r  counter_reg[3]/C
                         clock pessimism              0.272    15.112    
                         clock uncertainty           -0.035    15.077    
    SLICE_X64Y81         FDRE (Setup_fdre_C_R)       -0.524    14.553    counter_reg[3]
  -------------------------------------------------------------------
                         required time                         14.553    
                         arrival time                          -8.825    
  -------------------------------------------------------------------
                         slack                                  5.727    

Slack (MET) :             5.796ns  (required time - arrival time)
  Source:                 counter_reg[7]/C
                            (rising edge-triggered cell FDRE clocked by sys_clk_pin  {rise@0.000ns fall@5.000ns period=10.000ns})
  Destination:            counter_reg[24]/R
                            (rising edge-triggered cell FDRE clocked by sys_clk_pin  {rise@0.000ns fall@5.000ns period=10.000ns})
  Path Group:             sys_clk_pin
  Path Type:              Setup (Max at Slow Process Corner)
  Requirement:            10.000ns  (sys_clk_pin rise@10.000ns - sys_clk_pin rise@0.000ns)
  Data Path Delay:        3.625ns  (logic 0.890ns (24.553%)  route 2.735ns (75.447%))
  Logic Levels:           3  (LUT6=3)
  Clock Path Skew:        -0.020ns (DCD - SCD + CPR)
    Destination Clock Delay (DCD):    4.846ns = ( 14.846 - 10.000 ) 
    Source Clock Delay      (SCD):    5.138ns
    Clock Pessimism Removal (CPR):    0.272ns
  Clock Uncertainty:      0.035ns  ((TSJ^2 + TIJ^2)^1/2 + DJ) / 2 + PE
    Total System Jitter     (TSJ):    0.071ns
    Total Input Jitter      (TIJ):    0.000ns
    Discrete Jitter          (DJ):    0.000ns
    Phase Error              (PE):    0.000ns

    Location             Delay type                Incr(ns)  Path(ns)    Netlist Resource(s)
  -------------------------------------------------------------------    -------------------
                         (clock sys_clk_pin rise edge)
                                                      0.000     0.000 r  
    W5                                                0.000     0.000 r  clk (IN)
                         net (fo=0)                   0.000     0.000    clk
    W5                   IBUF (Prop_ibuf_I_O)         1.458     1.458 r  clk_IBUF_inst/O
                         net (fo=1, routed)           1.967     3.425    clk_IBUF
    BUFGCTRL_X0Y0        BUFG (Prop_bufg_I_O)         0.096     3.521 r  clk_IBUF_BUFG_inst/O
                         net (fo=33, routed)          1.617     5.138    clk_IBUF_BUFG
    SLICE_X64Y82         FDRE                                         r  counter_reg[7]/C
  -------------------------------------------------------------------    -------------------
    SLICE_X64Y82         FDRE (Prop_fdre_C_Q)         0.518     5.656 r  counter_reg[7]/Q
                         net (fo=2, routed)           1.138     6.794    counter_reg[7]
    SLICE_X65Y82         LUT6 (Prop_lut6_I2_O)        0.124     6.918 r  counter[0]_i_8/O
                         net (fo=1, routed)           0.403     7.320    counter[0]_i_8_n_0
    SLICE_X65Y84         LUT6 (Prop_lut6_I5_O)        0.124     7.444 r  counter[0]_i_4/O
                         net (fo=2, routed)           0.442     7.887    counter[0]_i_4_n_0
    SLICE_X65Y85         LUT6 (Prop_lut6_I1_O)        0.124     8.011 r  counter[0]_i_1/O
                         net (fo=32, routed)          0.752     8.763    counter[0]_i_1_n_0
    SLICE_X64Y87         FDRE                                         r  counter_reg[24]/R
  -------------------------------------------------------------------    -------------------

                         (clock sys_clk_pin rise edge)
                                                     10.000    10.000 r  
    W5                                                0.000    10.000 r  clk (IN)
                         net (fo=0)                   0.000    10.000    clk
    W5                   IBUF (Prop_ibuf_I_O)         1.388    11.388 r  clk_IBUF_inst/O
                         net (fo=1, routed)           1.862    13.250    clk_IBUF
    BUFGCTRL_X0Y0        BUFG (Prop_bufg_I_O)         0.091    13.341 r  clk_IBUF_BUFG_inst/O
                         net (fo=33, routed)          1.505    14.846    clk_IBUF_BUFG
    SLICE_X64Y87         FDRE                                         r  counter_reg[24]/C
                         clock pessimism              0.272    15.118    
                         clock uncertainty           -0.035    15.083    
    SLICE_X64Y87         FDRE (Setup_fdre_C_R)       -0.524    14.559    counter_reg[24]
  -------------------------------------------------------------------
                         required time                         14.559    
                         arrival time                          -8.763    
  -------------------------------------------------------------------
                         slack                                  5.796    

Slack (MET) :             5.796ns  (required time - arrival time)
  Source:                 counter_reg[7]/C
                            (rising edge-triggered cell FDRE clocked by sys_clk_pin  {rise@0.000ns fall@5.000ns period=10.000ns})
  Destination:            counter_reg[25]/R
                            (rising edge-triggered cell FDRE clocked by sys_clk_pin  {rise@0.000ns fall@5.000ns period=10.000ns})
  Path Group:             sys_clk_pin
  Path Type:              Setup (Max at Slow Process Corner)
  Requirement:            10.000ns  (sys_clk_pin rise@10.000ns - sys_clk_pin rise@0.000ns)
  Data Path Delay:        3.625ns  (logic 0.890ns (24.553%)  route 2.735ns (75.447%))
  Logic Levels:           3  (LUT6=3)
  Clock Path Skew:        -0.020ns (DCD - SCD + CPR)
    Destination Clock Delay (DCD):    4.846ns = ( 14.846 - 10.000 ) 
    Source Clock Delay      (SCD):    5.138ns
    Clock Pessimism Removal (CPR):    0.272ns
  Clock Uncertainty:      0.035ns  ((TSJ^2 + TIJ^2)^1/2 + DJ) / 2 + PE
    Total System Jitter     (TSJ):    0.071ns
    Total Input Jitter      (TIJ):    0.000ns
    Discrete Jitter          (DJ):    0.000ns
    Phase Error              (PE):    0.000ns

    Location             Delay type                Incr(ns)  Path(ns)    Netlist Resource(s)
  -------------------------------------------------------------------    -------------------
                         (clock sys_clk_pin rise edge)
                                                      0.000     0.000 r  
    W5                                                0.000     0.000 r  clk (IN)
                         net (fo=0)                   0.000     0.000    clk
    W5                   IBUF (Prop_ibuf_I_O)         1.458     1.458 r  clk_IBUF_inst/O
                         net (fo=1, routed)           1.967     3.425    clk_IBUF
    BUFGCTRL_X0Y0        BUFG (Prop_bufg_I_O)         0.096     3.521 r  clk_IBUF_BUFG_inst/O
                         net (fo=33, routed)          1.617     5.138    clk_IBUF_BUFG
    SLICE_X64Y82         FDRE                                         r  counter_reg[7]/C
  -------------------------------------------------------------------    -------------------
    SLICE_X64Y82         FDRE (Prop_fdre_C_Q)         0.518     5.656 r  counter_reg[7]/Q
                         net (fo=2, routed)           1.138     6.794    counter_reg[7]
    SLICE_X65Y82         LUT6 (Prop_lut6_I2_O)        0.124     6.918 r  counter[0]_i_8/O
                         net (fo=1, routed)           0.403     7.320    counter[0]_i_8_n_0
    SLICE_X65Y84         LUT6 (Prop_lut6_I5_O)        0.124     7.444 r  counter[0]_i_4/O
                         net (fo=2, routed)           0.442     7.887    counter[0]_i_4_n_0
    SLICE_X65Y85         LUT6 (Prop_lut6_I1_O)        0.124     8.011 r  counter[0]_i_1/O
                         net (fo=32, routed)          0.752     8.763    counter[0]_i_1_n_0
    SLICE_X64Y87         FDRE                                         r  counter_reg[25]/R
  -------------------------------------------------------------------    -------------------

                         (clock sys_clk_pin rise edge)
                                                     10.000    10.000 r  
    W5                                                0.000    10.000 r  clk (IN)
                         net (fo=0)                   0.000    10.000    clk
    W5                   IBUF (Prop_ibuf_I_O)         1.388    11.388 r  clk_IBUF_inst/O
                         net (fo=1, routed)           1.862    13.250    clk_IBUF
    BUFGCTRL_X0Y0        BUFG (Prop_bufg_I_O)         0.091    13.341 r  clk_IBUF_BUFG_inst/O
                         net (fo=33, routed)          1.505    14.846    clk_IBUF_BUFG
    SLICE_X64Y87         FDRE                                         r  counter_reg[25]/C
                         clock pessimism              0.272    15.118    
                         clock uncertainty           -0.035    15.083    
    SLICE_X64Y87         FDRE (Setup_fdre_C_R)       -0.524    14.559    counter_reg[25]
  -------------------------------------------------------------------
                         required time                         14.559    
                         arrival time                          -8.763    
  -------------------------------------------------------------------
                         slack                                  5.796    





Min Delay Paths
--------------------------------------------------------------------------------------
Slack (MET) :             0.254ns  (arrival time - required time)
  Source:                 counter_reg[2]/C
                            (rising edge-triggered cell FDRE clocked by sys_clk_pin  {rise@0.000ns fall@5.000ns period=10.000ns})
  Destination:            counter_reg[2]/D
                            (rising edge-triggered cell FDRE clocked by sys_clk_pin  {rise@0.000ns fall@5.000ns period=10.000ns})
  Path Group:             sys_clk_pin
  Path Type:              Hold (Min at Fast Process Corner)
  Requirement:            0.000ns  (sys_clk_pin rise@0.000ns - sys_clk_pin rise@0.000ns)
  Data Path Delay:        0.388ns  (logic 0.274ns (70.550%)  route 0.114ns (29.450%))
  Logic Levels:           1  (CARRY4=1)
  Clock Path Skew:        0.000ns (DCD - SCD - CPR)
    Destination Clock Delay (DCD):    1.982ns
    Source Clock Delay      (SCD):    1.469ns
    Clock Pessimism Removal (CPR):    0.513ns

    Location             Delay type                Incr(ns)  Path(ns)    Netlist Resource(s)
  -------------------------------------------------------------------    -------------------
                         (clock sys_clk_pin rise edge)
                                                      0.000     0.000 r  
    W5                                                0.000     0.000 r  clk (IN)
                         net (fo=0)                   0.000     0.000    clk
    W5                   IBUF (Prop_ibuf_I_O)         0.226     0.226 r  clk_IBUF_inst/O
                         net (fo=1, routed)           0.631     0.858    clk_IBUF
    BUFGCTRL_X0Y0        BUFG (Prop_bufg_I_O)         0.026     0.884 r  clk_IBUF_BUFG_inst/O
                         net (fo=33, routed)          0.586     1.469    clk_IBUF_BUFG
    SLICE_X64Y81         FDRE                                         r  counter_reg[2]/C
  -------------------------------------------------------------------    -------------------
    SLICE_X64Y81         FDRE (Prop_fdre_C_Q)         0.164     1.633 r  counter_reg[2]/Q
                         net (fo=1, routed)           0.114     1.748    counter_reg_n_0_[2]
    SLICE_X64Y81         CARRY4 (Prop_carry4_S[2]_O[2])
                                                      0.110     1.858 r  counter_reg[0]_i_2/O[2]
                         net (fo=1, routed)           0.000     1.858    counter_reg[0]_i_2_n_5
    SLICE_X64Y81         FDRE                                         r  counter_reg[2]/D
  -------------------------------------------------------------------    -------------------

                         (clock sys_clk_pin rise edge)
                                                      0.000     0.000 r  
    W5                                                0.000     0.000 r  clk (IN)
                         net (fo=0)                   0.000     0.000    clk
    W5                   IBUF (Prop_ibuf_I_O)         0.414     0.414 r  clk_IBUF_inst/O
                         net (fo=1, routed)           0.685     1.099    clk_IBUF
    BUFGCTRL_X0Y0        BUFG (Prop_bufg_I_O)         0.029     1.128 r  clk_IBUF_BUFG_inst/O
                         net (fo=33, routed)          0.854     1.982    clk_IBUF_BUFG
    SLICE_X64Y81         FDRE                                         r  counter_reg[2]/C
                         clock pessimism             -0.513     1.469    
    SLICE_X64Y81         FDRE (Hold_fdre_C_D)         0.134     1.603    counter_reg[2]
  -------------------------------------------------------------------
                         required time                         -1.603    
                         arrival time                           1.858    
  -------------------------------------------------------------------
                         slack                                  0.254    

Slack (MET) :             0.263ns  (arrival time - required time)
  Source:                 buzzer_reg/C
                            (rising edge-triggered cell FDRE clocked by sys_clk_pin  {rise@0.000ns fall@5.000ns period=10.000ns})
  Destination:            buzzer_reg/D
                            (rising edge-triggered cell FDRE clocked by sys_clk_pin  {rise@0.000ns fall@5.000ns period=10.000ns})
  Path Group:             sys_clk_pin
  Path Type:              Hold (Min at Fast Process Corner)
  Requirement:            0.000ns  (sys_clk_pin rise@0.000ns - sys_clk_pin rise@0.000ns)
  Data Path Delay:        0.354ns  (logic 0.186ns (52.507%)  route 0.168ns (47.493%))
  Logic Levels:           1  (LUT6=1)
  Clock Path Skew:        0.000ns (DCD - SCD - CPR)
    Destination Clock Delay (DCD):    1.986ns
    Source Clock Delay      (SCD):    1.472ns
    Clock Pessimism Removal (CPR):    0.514ns

    Location             Delay type                Incr(ns)  Path(ns)    Netlist Resource(s)
  -------------------------------------------------------------------    -------------------
                         (clock sys_clk_pin rise edge)
                                                      0.000     0.000 r  
    W5                                                0.000     0.000 r  clk (IN)
                         net (fo=0)                   0.000     0.000    clk
    W5                   IBUF (Prop_ibuf_I_O)         0.226     0.226 r  clk_IBUF_inst/O
                         net (fo=1, routed)           0.631     0.858    clk_IBUF
    BUFGCTRL_X0Y0        BUFG (Prop_bufg_I_O)         0.026     0.884 r  clk_IBUF_BUFG_inst/O
                         net (fo=33, routed)          0.589     1.472    clk_IBUF_BUFG
    SLICE_X65Y85         FDRE                                         r  buzzer_reg/C
  -------------------------------------------------------------------    -------------------
    SLICE_X65Y85         FDRE (Prop_fdre_C_Q)         0.141     1.613 r  buzzer_reg/Q
                         net (fo=2, routed)           0.168     1.781    buzzer_OBUF
    SLICE_X65Y85         LUT6 (Prop_lut6_I0_O)        0.045     1.826 r  buzzer_i_1/O
                         net (fo=1, routed)           0.000     1.826    buzzer_i_1_n_0
    SLICE_X65Y85         FDRE                                         r  buzzer_reg/D
  -------------------------------------------------------------------    -------------------

                         (clock sys_clk_pin rise edge)
                                                      0.000     0.000 r  
    W5                                                0.000     0.000 r  clk (IN)
                         net (fo=0)                   0.000     0.000    clk
    W5                   IBUF (Prop_ibuf_I_O)         0.414     0.414 r  clk_IBUF_inst/O
                         net (fo=1, routed)           0.685     1.099    clk_IBUF
    BUFGCTRL_X0Y0        BUFG (Prop_bufg_I_O)         0.029     1.128 r  clk_IBUF_BUFG_inst/O
                         net (fo=33, routed)          0.858     1.986    clk_IBUF_BUFG
    SLICE_X65Y85         FDRE                                         r  buzzer_reg/C
                         clock pessimism             -0.514     1.472    
    SLICE_X65Y85         FDRE (Hold_fdre_C_D)         0.091     1.563    buzzer_reg
  -------------------------------------------------------------------
                         required time                         -1.563    
                         arrival time                           1.826    
  -------------------------------------------------------------------
                         slack                                  0.263    

Slack (MET) :             0.265ns  (arrival time - required time)
  Source:                 counter_reg[26]/C
                            (rising edge-triggered cell FDRE clocked by sys_clk_pin  {rise@0.000ns fall@5.000ns period=10.000ns})
  Destination:            counter_reg[26]/D
                            (rising edge-triggered cell FDRE clocked by sys_clk_pin  {rise@0.000ns fall@5.000ns period=10.000ns})
  Path Group:             sys_clk_pin
  Path Type:              Hold (Min at Fast Process Corner)
  Requirement:            0.000ns  (sys_clk_pin rise@0.000ns - sys_clk_pin rise@0.000ns)
  Data Path Delay:        0.399ns  (logic 0.274ns (68.589%)  route 0.125ns (31.411%))
  Logic Levels:           1  (CARRY4=1)
  Clock Path Skew:        0.000ns (DCD - SCD - CPR)
    Destination Clock Delay (DCD):    1.987ns
    Source Clock Delay      (SCD):    1.473ns
    Clock Pessimism Removal (CPR):    0.514ns

    Location             Delay type                Incr(ns)  Path(ns)    Netlist Resource(s)
  -------------------------------------------------------------------    -------------------
                         (clock sys_clk_pin rise edge)
                                                      0.000     0.000 r  
    W5                                                0.000     0.000 r  clk (IN)
                         net (fo=0)                   0.000     0.000    clk
    W5                   IBUF (Prop_ibuf_I_O)         0.226     0.226 r  clk_IBUF_inst/O
                         net (fo=1, routed)           0.631     0.858    clk_IBUF
    BUFGCTRL_X0Y0        BUFG (Prop_bufg_I_O)         0.026     0.884 r  clk_IBUF_BUFG_inst/O
                         net (fo=33, routed)          0.590     1.473    clk_IBUF_BUFG
    SLICE_X64Y87         FDRE                                         r  counter_reg[26]/C
  -------------------------------------------------------------------    -------------------
    SLICE_X64Y87         FDRE (Prop_fdre_C_Q)         0.164     1.637 r  counter_reg[26]/Q
                         net (fo=2, routed)           0.125     1.763    counter_reg[26]
    SLICE_X64Y87         CARRY4 (Prop_carry4_S[2]_O[2])
                                                      0.110     1.873 r  counter_reg[24]_i_1/O[2]
                         net (fo=1, routed)           0.000     1.873    counter_reg[24]_i_1_n_5
    SLICE_X64Y87         FDRE                                         r  counter_reg[26]/D
  -------------------------------------------------------------------    -------------------

                         (clock sys_clk_pin rise edge)
                                                      0.000     0.000 r  
    W5                                                0.000     0.000 r  clk (IN)
                         net (fo=0)                   0.000     0.000    clk
    W5                   IBUF (Prop_ibuf_I_O)         0.414     0.414 r  clk_IBUF_inst/O
                         net (fo=1, routed)           0.685     1.099    clk_IBUF
    BUFGCTRL_X0Y0        BUFG (Prop_bufg_I_O)         0.029     1.128 r  clk_IBUF_BUFG_inst/O
                         net (fo=33, routed)          0.859     1.987    clk_IBUF_BUFG
    SLICE_X64Y87         FDRE                                         r  counter_reg[26]/C
                         clock pessimism             -0.514     1.473    
    SLICE_X64Y87         FDRE (Hold_fdre_C_D)         0.134     1.607    counter_reg[26]
  -------------------------------------------------------------------
                         required time                         -1.607    
                         arrival time                           1.873    
  -------------------------------------------------------------------
                         slack                                  0.265    

Slack (MET) :             0.265ns  (arrival time - required time)
  Source:                 counter_reg[30]/C
                            (rising edge-triggered cell FDRE clocked by sys_clk_pin  {rise@0.000ns fall@5.000ns period=10.000ns})
  Destination:            counter_reg[30]/D
                            (rising edge-triggered cell FDRE clocked by sys_clk_pin  {rise@0.000ns fall@5.000ns period=10.000ns})
  Path Group:             sys_clk_pin
  Path Type:              Hold (Min at Fast Process Corner)
  Requirement:            0.000ns  (sys_clk_pin rise@0.000ns - sys_clk_pin rise@0.000ns)
  Data Path Delay:        0.399ns  (logic 0.274ns (68.589%)  route 0.125ns (31.411%))
  Logic Levels:           1  (CARRY4=1)
  Clock Path Skew:        0.000ns (DCD - SCD - CPR)
    Destination Clock Delay (DCD):    1.989ns
    Source Clock Delay      (SCD):    1.474ns
    Clock Pessimism Removal (CPR):    0.515ns

    Location             Delay type                Incr(ns)  Path(ns)    Netlist Resource(s)
  -------------------------------------------------------------------    -------------------
                         (clock sys_clk_pin rise edge)
                                                      0.000     0.000 r  
    W5                                                0.000     0.000 r  clk (IN)
                         net (fo=0)                   0.000     0.000    clk
    W5                   IBUF (Prop_ibuf_I_O)         0.226     0.226 r  clk_IBUF_inst/O
                         net (fo=1, routed)           0.631     0.858    clk_IBUF
    BUFGCTRL_X0Y0        BUFG (Prop_bufg_I_O)         0.026     0.884 r  clk_IBUF_BUFG_inst/O
                         net (fo=33, routed)          0.591     1.474    clk_IBUF_BUFG
    SLICE_X64Y88         FDRE                                         r  counter_reg[30]/C
  -------------------------------------------------------------------    -------------------
    SLICE_X64Y88         FDRE (Prop_fdre_C_Q)         0.164     1.638 r  counter_reg[30]/Q
                         net (fo=2, routed)           0.125     1.764    counter_reg[30]
    SLICE_X64Y88         CARRY4 (Prop_carry4_S[2]_O[2])
                                                      0.110     1.874 r  counter_reg[28]_i_1/O[2]
                         net (fo=1, routed)           0.000     1.874    counter_reg[28]_i_1_n_5
    SLICE_X64Y88         FDRE                                         r  counter_reg[30]/D
  -------------------------------------------------------------------    -------------------

                         (clock sys_clk_pin rise edge)
                                                      0.000     0.000 r  
    W5                                                0.000     0.000 r  clk (IN)
                         net (fo=0)                   0.000     0.000    clk
    W5                   IBUF (Prop_ibuf_I_O)         0.414     0.414 r  clk_IBUF_inst/O
                         net (fo=1, routed)           0.685     1.099    clk_IBUF
    BUFGCTRL_X0Y0        BUFG (Prop_bufg_I_O)         0.029     1.128 r  clk_IBUF_BUFG_inst/O
                         net (fo=33, routed)          0.861     1.989    clk_IBUF_BUFG
    SLICE_X64Y88         FDRE                                         r  counter_reg[30]/C
                         clock pessimism             -0.515     1.474    
    SLICE_X64Y88         FDRE (Hold_fdre_C_D)         0.134     1.608    counter_reg[30]
  -------------------------------------------------------------------
                         required time                         -1.608    
                         arrival time                           1.874    
  -------------------------------------------------------------------
                         slack                                  0.265    

Slack (MET) :             0.265ns  (arrival time - required time)
  Source:                 counter_reg[6]/C
                            (rising edge-triggered cell FDRE clocked by sys_clk_pin  {rise@0.000ns fall@5.000ns period=10.000ns})
  Destination:            counter_reg[6]/D
                            (rising edge-triggered cell FDRE clocked by sys_clk_pin  {rise@0.000ns fall@5.000ns period=10.000ns})
  Path Group:             sys_clk_pin
  Path Type:              Hold (Min at Fast Process Corner)
  Requirement:            0.000ns  (sys_clk_pin rise@0.000ns - sys_clk_pin rise@0.000ns)
  Data Path Delay:        0.399ns  (logic 0.274ns (68.589%)  route 0.125ns (31.411%))
  Logic Levels:           1  (CARRY4=1)
  Clock Path Skew:        0.000ns (DCD - SCD - CPR)
    Destination Clock Delay (DCD):    1.983ns
    Source Clock Delay      (SCD):    1.470ns
    Clock Pessimism Removal (CPR):    0.513ns

    Location             Delay type                Incr(ns)  Path(ns)    Netlist Resource(s)
  -------------------------------------------------------------------    -------------------
                         (clock sys_clk_pin rise edge)
                                                      0.000     0.000 r  
    W5                                                0.000     0.000 r  clk (IN)
                         net (fo=0)                   0.000     0.000    clk
    W5                   IBUF (Prop_ibuf_I_O)         0.226     0.226 r  clk_IBUF_inst/O
                         net (fo=1, routed)           0.631     0.858    clk_IBUF
    BUFGCTRL_X0Y0        BUFG (Prop_bufg_I_O)         0.026     0.884 r  clk_IBUF_BUFG_inst/O
                         net (fo=33, routed)          0.587     1.470    clk_IBUF_BUFG
    SLICE_X64Y82         FDRE                                         r  counter_reg[6]/C
  -------------------------------------------------------------------    -------------------
    SLICE_X64Y82         FDRE (Prop_fdre_C_Q)         0.164     1.634 r  counter_reg[6]/Q
                         net (fo=2, routed)           0.125     1.760    counter_reg[6]
    SLICE_X64Y82         CARRY4 (Prop_carry4_S[2]_O[2])
                                                      0.110     1.870 r  counter_reg[4]_i_1/O[2]
                         net (fo=1, routed)           0.000     1.870    counter_reg[4]_i_1_n_5
    SLICE_X64Y82         FDRE                                         r  counter_reg[6]/D
  -------------------------------------------------------------------    -------------------

                         (clock sys_clk_pin rise edge)
                                                      0.000     0.000 r  
    W5                                                0.000     0.000 r  clk (IN)
                         net (fo=0)                   0.000     0.000    clk
    W5                   IBUF (Prop_ibuf_I_O)         0.414     0.414 r  clk_IBUF_inst/O
                         net (fo=1, routed)           0.685     1.099    clk_IBUF
    BUFGCTRL_X0Y0        BUFG (Prop_bufg_I_O)         0.029     1.128 r  clk_IBUF_BUFG_inst/O
                         net (fo=33, routed)          0.855     1.983    clk_IBUF_BUFG
    SLICE_X64Y82         FDRE                                         r  counter_reg[6]/C
                         clock pessimism             -0.513     1.470    
    SLICE_X64Y82         FDRE (Hold_fdre_C_D)         0.134     1.604    counter_reg[6]
  -------------------------------------------------------------------
                         required time                         -1.604    
                         arrival time                           1.870    
  -------------------------------------------------------------------
                         slack                                  0.265    

Slack (MET) :             0.266ns  (arrival time - required time)
  Source:                 counter_reg[22]/C
                            (rising edge-triggered cell FDRE clocked by sys_clk_pin  {rise@0.000ns fall@5.000ns period=10.000ns})
  Destination:            counter_reg[22]/D
                            (rising edge-triggered cell FDRE clocked by sys_clk_pin  {rise@0.000ns fall@5.000ns period=10.000ns})
  Path Group:             sys_clk_pin
  Path Type:              Hold (Min at Fast Process Corner)
  Requirement:            0.000ns  (sys_clk_pin rise@0.000ns - sys_clk_pin rise@0.000ns)
  Data Path Delay:        0.400ns  (logic 0.274ns (68.524%)  route 0.126ns (31.476%))
  Logic Levels:           1  (CARRY4=1)
  Clock Path Skew:        0.000ns (DCD - SCD - CPR)
    Destination Clock Delay (DCD):    1.986ns
    Source Clock Delay      (SCD):    1.472ns
    Clock Pessimism Removal (CPR):    0.514ns

    Location             Delay type                Incr(ns)  Path(ns)    Netlist Resource(s)
  -------------------------------------------------------------------    -------------------
                         (clock sys_clk_pin rise edge)
                                                      0.000     0.000 r  
    W5                                                0.000     0.000 r  clk (IN)
                         net (fo=0)                   0.000     0.000    clk
    W5                   IBUF (Prop_ibuf_I_O)         0.226     0.226 r  clk_IBUF_inst/O
                         net (fo=1, routed)           0.631     0.858    clk_IBUF
    BUFGCTRL_X0Y0        BUFG (Prop_bufg_I_O)         0.026     0.884 r  clk_IBUF_BUFG_inst/O
                         net (fo=33, routed)          0.589     1.472    clk_IBUF_BUFG
    SLICE_X64Y86         FDRE                                         r  counter_reg[22]/C
  -------------------------------------------------------------------    -------------------
    SLICE_X64Y86         FDRE (Prop_fdre_C_Q)         0.164     1.636 r  counter_reg[22]/Q
                         net (fo=2, routed)           0.126     1.762    counter_reg[22]
    SLICE_X64Y86         CARRY4 (Prop_carry4_S[2]_O[2])
                                                      0.110     1.872 r  counter_reg[20]_i_1/O[2]
                         net (fo=1, routed)           0.000     1.872    counter_reg[20]_i_1_n_5
    SLICE_X64Y86         FDRE                                         r  counter_reg[22]/D
  -------------------------------------------------------------------    -------------------

                         (clock sys_clk_pin rise edge)
                                                      0.000     0.000 r  
    W5                                                0.000     0.000 r  clk (IN)
                         net (fo=0)                   0.000     0.000    clk
    W5                   IBUF (Prop_ibuf_I_O)         0.414     0.414 r  clk_IBUF_inst/O
                         net (fo=1, routed)           0.685     1.099    clk_IBUF
    BUFGCTRL_X0Y0        BUFG (Prop_bufg_I_O)         0.029     1.128 r  clk_IBUF_BUFG_inst/O
                         net (fo=33, routed)          0.858     1.986    clk_IBUF_BUFG
    SLICE_X64Y86         FDRE                                         r  counter_reg[22]/C
                         clock pessimism             -0.514     1.472    
    SLICE_X64Y86         FDRE (Hold_fdre_C_D)         0.134     1.606    counter_reg[22]
  -------------------------------------------------------------------
                         required time                         -1.606    
                         arrival time                           1.872    
  -------------------------------------------------------------------
                         slack                                  0.266    

Slack (MET) :             0.266ns  (arrival time - required time)
  Source:                 counter_reg[14]/C
                            (rising edge-triggered cell FDRE clocked by sys_clk_pin  {rise@0.000ns fall@5.000ns period=10.000ns})
  Destination:            counter_reg[14]/D
                            (rising edge-triggered cell FDRE clocked by sys_clk_pin  {rise@0.000ns fall@5.000ns period=10.000ns})
  Path Group:             sys_clk_pin
  Path Type:              Hold (Min at Fast Process Corner)
  Requirement:            0.000ns  (sys_clk_pin rise@0.000ns - sys_clk_pin rise@0.000ns)
  Data Path Delay:        0.400ns  (logic 0.274ns (68.524%)  route 0.126ns (31.476%))
  Logic Levels:           1  (CARRY4=1)
  Clock Path Skew:        0.000ns (DCD - SCD - CPR)
    Destination Clock Delay (DCD):    1.985ns
    Source Clock Delay      (SCD):    1.472ns
    Clock Pessimism Removal (CPR):    0.513ns

    Location             Delay type                Incr(ns)  Path(ns)    Netlist Resource(s)
  -------------------------------------------------------------------    -------------------
                         (clock sys_clk_pin rise edge)
                                                      0.000     0.000 r  
    W5                                                0.000     0.000 r  clk (IN)
                         net (fo=0)                   0.000     0.000    clk
    W5                   IBUF (Prop_ibuf_I_O)         0.226     0.226 r  clk_IBUF_inst/O
                         net (fo=1, routed)           0.631     0.858    clk_IBUF
    BUFGCTRL_X0Y0        BUFG (Prop_bufg_I_O)         0.026     0.884 r  clk_IBUF_BUFG_inst/O
                         net (fo=33, routed)          0.589     1.472    clk_IBUF_BUFG
    SLICE_X64Y84         FDRE                                         r  counter_reg[14]/C
  -------------------------------------------------------------------    -------------------
    SLICE_X64Y84         FDRE (Prop_fdre_C_Q)         0.164     1.636 r  counter_reg[14]/Q
                         net (fo=2, routed)           0.126     1.762    counter_reg[14]
    SLICE_X64Y84         CARRY4 (Prop_carry4_S[2]_O[2])
                                                      0.110     1.872 r  counter_reg[12]_i_1/O[2]
                         net (fo=1, routed)           0.000     1.872    counter_reg[12]_i_1_n_5
    SLICE_X64Y84         FDRE                                         r  counter_reg[14]/D
  -------------------------------------------------------------------    -------------------

                         (clock sys_clk_pin rise edge)
                                                      0.000     0.000 r  
    W5                                                0.000     0.000 r  clk (IN)
                         net (fo=0)                   0.000     0.000    clk
    W5                   IBUF (Prop_ibuf_I_O)         0.414     0.414 r  clk_IBUF_inst/O
                         net (fo=1, routed)           0.685     1.099    clk_IBUF
    BUFGCTRL_X0Y0        BUFG (Prop_bufg_I_O)         0.029     1.128 r  clk_IBUF_BUFG_inst/O
                         net (fo=33, routed)          0.857     1.985    clk_IBUF_BUFG
    SLICE_X64Y84         FDRE                                         r  counter_reg[14]/C
                         clock pessimism             -0.513     1.472    
    SLICE_X64Y84         FDRE (Hold_fdre_C_D)         0.134     1.606    counter_reg[14]
  -------------------------------------------------------------------
                         required time                         -1.606    
                         arrival time                           1.872    
  -------------------------------------------------------------------
                         slack                                  0.266    

Slack (MET) :             0.267ns  (arrival time - required time)
  Source:                 counter_reg[10]/C
                            (rising edge-triggered cell FDRE clocked by sys_clk_pin  {rise@0.000ns fall@5.000ns period=10.000ns})
  Destination:            counter_reg[10]/D
                            (rising edge-triggered cell FDRE clocked by sys_clk_pin  {rise@0.000ns fall@5.000ns period=10.000ns})
  Path Group:             sys_clk_pin
  Path Type:              Hold (Min at Fast Process Corner)
  Requirement:            0.000ns  (sys_clk_pin rise@0.000ns - sys_clk_pin rise@0.000ns)
  Data Path Delay:        0.401ns  (logic 0.274ns (68.412%)  route 0.127ns (31.588%))
  Logic Levels:           1  (CARRY4=1)
  Clock Path Skew:        0.000ns (DCD - SCD - CPR)
    Destination Clock Delay (DCD):    1.984ns
    Source Clock Delay      (SCD):    1.471ns
    Clock Pessimism Removal (CPR):    0.513ns

    Location             Delay type                Incr(ns)  Path(ns)    Netlist Resource(s)
  -------------------------------------------------------------------    -------------------
                         (clock sys_clk_pin rise edge)
                                                      0.000     0.000 r  
    W5                                                0.000     0.000 r  clk (IN)
                         net (fo=0)                   0.000     0.000    clk
    W5                   IBUF (Prop_ibuf_I_O)         0.226     0.226 r  clk_IBUF_inst/O
                         net (fo=1, routed)           0.631     0.858    clk_IBUF
    BUFGCTRL_X0Y0        BUFG (Prop_bufg_I_O)         0.026     0.884 r  clk_IBUF_BUFG_inst/O
                         net (fo=33, routed)          0.588     1.471    clk_IBUF_BUFG
    SLICE_X64Y83         FDRE                                         r  counter_reg[10]/C
  -------------------------------------------------------------------    -------------------
    SLICE_X64Y83         FDRE (Prop_fdre_C_Q)         0.164     1.635 r  counter_reg[10]/Q
                         net (fo=2, routed)           0.127     1.762    counter_reg[10]
    SLICE_X64Y83         CARRY4 (Prop_carry4_S[2]_O[2])
                                                      0.110     1.872 r  counter_reg[8]_i_1/O[2]
                         net (fo=1, routed)           0.000     1.872    counter_reg[8]_i_1_n_5
    SLICE_X64Y83         FDRE                                         r  counter_reg[10]/D
  -------------------------------------------------------------------    -------------------

                         (clock sys_clk_pin rise edge)
                                                      0.000     0.000 r  
    W5                                                0.000     0.000 r  clk (IN)
                         net (fo=0)                   0.000     0.000    clk
    W5                   IBUF (Prop_ibuf_I_O)         0.414     0.414 r  clk_IBUF_inst/O
                         net (fo=1, routed)           0.685     1.099    clk_IBUF
    BUFGCTRL_X0Y0        BUFG (Prop_bufg_I_O)         0.029     1.128 r  clk_IBUF_BUFG_inst/O
                         net (fo=33, routed)          0.856     1.984    clk_IBUF_BUFG
    SLICE_X64Y83         FDRE                                         r  counter_reg[10]/C
                         clock pessimism             -0.513     1.471    
    SLICE_X64Y83         FDRE (Hold_fdre_C_D)         0.134     1.605    counter_reg[10]
  -------------------------------------------------------------------
                         required time                         -1.605    
                         arrival time                           1.872    
  -------------------------------------------------------------------
                         slack                                  0.267    

Slack (MET) :             0.277ns  (arrival time - required time)
  Source:                 counter_reg[18]/C
                            (rising edge-triggered cell FDRE clocked by sys_clk_pin  {rise@0.000ns fall@5.000ns period=10.000ns})
  Destination:            counter_reg[18]/D
                            (rising edge-triggered cell FDRE clocked by sys_clk_pin  {rise@0.000ns fall@5.000ns period=10.000ns})
  Path Group:             sys_clk_pin
  Path Type:              Hold (Min at Fast Process Corner)
  Requirement:            0.000ns  (sys_clk_pin rise@0.000ns - sys_clk_pin rise@0.000ns)
  Data Path Delay:        0.411ns  (logic 0.274ns (66.672%)  route 0.137ns (33.328%))
  Logic Levels:           1  (CARRY4=1)
  Clock Path Skew:        0.000ns (DCD - SCD - CPR)
    Destination Clock Delay (DCD):    1.986ns
    Source Clock Delay      (SCD):    1.472ns
    Clock Pessimism Removal (CPR):    0.514ns

    Location             Delay type                Incr(ns)  Path(ns)    Netlist Resource(s)
  -------------------------------------------------------------------    -------------------
                         (clock sys_clk_pin rise edge)
                                                      0.000     0.000 r  
    W5                                                0.000     0.000 r  clk (IN)
                         net (fo=0)                   0.000     0.000    clk
    W5                   IBUF (Prop_ibuf_I_O)         0.226     0.226 r  clk_IBUF_inst/O
                         net (fo=1, routed)           0.631     0.858    clk_IBUF
    BUFGCTRL_X0Y0        BUFG (Prop_bufg_I_O)         0.026     0.884 r  clk_IBUF_BUFG_inst/O
                         net (fo=33, routed)          0.589     1.472    clk_IBUF_BUFG
    SLICE_X64Y85         FDRE                                         r  counter_reg[18]/C
  -------------------------------------------------------------------    -------------------
    SLICE_X64Y85         FDRE (Prop_fdre_C_Q)         0.164     1.636 r  counter_reg[18]/Q
                         net (fo=3, routed)           0.137     1.773    counter_reg[18]
    SLICE_X64Y85         CARRY4 (Prop_carry4_S[2]_O[2])
                                                      0.110     1.883 r  counter_reg[16]_i_1/O[2]
                         net (fo=1, routed)           0.000     1.883    counter_reg[16]_i_1_n_5
    SLICE_X64Y85         FDRE                                         r  counter_reg[18]/D
  -------------------------------------------------------------------    -------------------

                         (clock sys_clk_pin rise edge)
                                                      0.000     0.000 r  
    W5                                                0.000     0.000 r  clk (IN)
                         net (fo=0)                   0.000     0.000    clk
    W5                   IBUF (Prop_ibuf_I_O)         0.414     0.414 r  clk_IBUF_inst/O
                         net (fo=1, routed)           0.685     1.099    clk_IBUF
    BUFGCTRL_X0Y0        BUFG (Prop_bufg_I_O)         0.029     1.128 r  clk_IBUF_BUFG_inst/O
                         net (fo=33, routed)          0.858     1.986    clk_IBUF_BUFG
    SLICE_X64Y85         FDRE                                         r  counter_reg[18]/C
                         clock pessimism             -0.514     1.472    
    SLICE_X64Y85         FDRE (Hold_fdre_C_D)         0.134     1.606    counter_reg[18]
  -------------------------------------------------------------------
                         required time                         -1.606    
                         arrival time                           1.883    
  -------------------------------------------------------------------
                         slack                                  0.277    

Slack (MET) :             0.290ns  (arrival time - required time)
  Source:                 counter_reg[2]/C
                            (rising edge-triggered cell FDRE clocked by sys_clk_pin  {rise@0.000ns fall@5.000ns period=10.000ns})
  Destination:            counter_reg[3]/D
                            (rising edge-triggered cell FDRE clocked by sys_clk_pin  {rise@0.000ns fall@5.000ns period=10.000ns})
  Path Group:             sys_clk_pin
  Path Type:              Hold (Min at Fast Process Corner)
  Requirement:            0.000ns  (sys_clk_pin rise@0.000ns - sys_clk_pin rise@0.000ns)
  Data Path Delay:        0.424ns  (logic 0.310ns (73.048%)  route 0.114ns (26.952%))
  Logic Levels:           1  (CARRY4=1)
  Clock Path Skew:        0.000ns (DCD - SCD - CPR)
    Destination Clock Delay (DCD):    1.982ns
    Source Clock Delay      (SCD):    1.469ns
    Clock Pessimism Removal (CPR):    0.513ns

    Location             Delay type                Incr(ns)  Path(ns)    Netlist Resource(s)
  -------------------------------------------------------------------    -------------------
                         (clock sys_clk_pin rise edge)
                                                      0.000     0.000 r  
    W5                                                0.000     0.000 r  clk (IN)
                         net (fo=0)                   0.000     0.000    clk
    W5                   IBUF (Prop_ibuf_I_O)         0.226     0.226 r  clk_IBUF_inst/O
                         net (fo=1, routed)           0.631     0.858    clk_IBUF
    BUFGCTRL_X0Y0        BUFG (Prop_bufg_I_O)         0.026     0.884 r  clk_IBUF_BUFG_inst/O
                         net (fo=33, routed)          0.586     1.469    clk_IBUF_BUFG
    SLICE_X64Y81         FDRE                                         r  counter_reg[2]/C
  -------------------------------------------------------------------    -------------------
    SLICE_X64Y81         FDRE (Prop_fdre_C_Q)         0.164     1.633 r  counter_reg[2]/Q
                         net (fo=1, routed)           0.114     1.748    counter_reg_n_0_[2]
    SLICE_X64Y81         CARRY4 (Prop_carry4_S[2]_O[3])
                                                      0.146     1.894 r  counter_reg[0]_i_2/O[3]
                         net (fo=1, routed)           0.000     1.894    counter_reg[0]_i_2_n_4
    SLICE_X64Y81         FDRE                                         r  counter_reg[3]/D
  -------------------------------------------------------------------    -------------------

                         (clock sys_clk_pin rise edge)
                                                      0.000     0.000 r  
    W5                                                0.000     0.000 r  clk (IN)
                         net (fo=0)                   0.000     0.000    clk
    W5                   IBUF (Prop_ibuf_I_O)         0.414     0.414 r  clk_IBUF_inst/O
                         net (fo=1, routed)           0.685     1.099    clk_IBUF
    BUFGCTRL_X0Y0        BUFG (Prop_bufg_I_O)         0.029     1.128 r  clk_IBUF_BUFG_inst/O
                         net (fo=33, routed)          0.854     1.982    clk_IBUF_BUFG
    SLICE_X64Y81         FDRE                                         r  counter_reg[3]/C
                         clock pessimism             -0.513     1.469    
    SLICE_X64Y81         FDRE (Hold_fdre_C_D)         0.134     1.603    counter_reg[3]
  -------------------------------------------------------------------
                         required time                         -1.603    
                         arrival time                           1.894    
  -------------------------------------------------------------------
                         slack                                  0.290    





Pulse Width Checks
--------------------------------------------------------------------------------------
Clock Name:         sys_clk_pin
Waveform(ns):       { 0.000 5.000 }
Period(ns):         10.000
Sources:            { clk }

Check Type        Corner  Lib Pin  Reference Pin  Required(ns)  Actual(ns)  Slack(ns)  Location       Pin
Min Period        n/a     BUFG/I   n/a            2.155         10.000      7.845      BUFGCTRL_X0Y0  clk_IBUF_BUFG_inst/I
Min Period        n/a     FDRE/C   n/a            1.000         10.000      9.000      SLICE_X65Y85   buzzer_reg/C
Min Period        n/a     FDRE/C   n/a            1.000         10.000      9.000      SLICE_X64Y81   counter_reg[0]/C
Min Period        n/a     FDRE/C   n/a            1.000         10.000      9.000      SLICE_X64Y83   counter_reg[10]/C
Min Period        n/a     FDRE/C   n/a            1.000         10.000      9.000      SLICE_X64Y83   counter_reg[11]/C
Min Period        n/a     FDRE/C   n/a            1.000         10.000      9.000      SLICE_X64Y84   counter_reg[12]/C
Min Period        n/a     FDRE/C   n/a            1.000         10.000      9.000      SLICE_X64Y84   counter_reg[13]/C
Min Period        n/a     FDRE/C   n/a            1.000         10.000      9.000      SLICE_X64Y84   counter_reg[14]/C
Min Period        n/a     FDRE/C   n/a            1.000         10.000      9.000      SLICE_X64Y84   counter_reg[15]/C
Min Period        n/a     FDRE/C   n/a            1.000         10.000      9.000      SLICE_X64Y85   counter_reg[16]/C
Low Pulse Width   Slow    FDRE/C   n/a            0.500         5.000       4.500      SLICE_X65Y85   buzzer_reg/C
Low Pulse Width   Slow    FDRE/C   n/a            0.500         5.000       4.500      SLICE_X64Y85   counter_reg[16]/C
Low Pulse Width   Slow    FDRE/C   n/a            0.500         5.000       4.500      SLICE_X64Y85   counter_reg[17]/C
Low Pulse Width   Slow    FDRE/C   n/a            0.500         5.000       4.500      SLICE_X64Y85   counter_reg[18]/C
Low Pulse Width   Slow    FDRE/C   n/a            0.500         5.000       4.500      SLICE_X64Y85   counter_reg[19]/C
Low Pulse Width   Slow    FDRE/C   n/a            0.500         5.000       4.500      SLICE_X64Y86   counter_reg[20]/C
Low Pulse Width   Slow    FDRE/C   n/a            0.500         5.000       4.500      SLICE_X64Y86   counter_reg[21]/C
Low Pulse Width   Slow    FDRE/C   n/a            0.500         5.000       4.500      SLICE_X64Y86   counter_reg[22]/C
Low Pulse Width   Slow    FDRE/C   n/a            0.500         5.000       4.500      SLICE_X64Y86   counter_reg[23]/C
Low Pulse Width   Slow    FDRE/C   n/a            0.500         5.000       4.500      SLICE_X64Y87   counter_reg[24]/C
High Pulse Width  Slow    FDRE/C   n/a            0.500         5.000       4.500      SLICE_X64Y81   counter_reg[0]/C
High Pulse Width  Slow    FDRE/C   n/a            0.500         5.000       4.500      SLICE_X64Y81   counter_reg[1]/C
High Pulse Width  Slow    FDRE/C   n/a            0.500         5.000       4.500      SLICE_X64Y81   counter_reg[2]/C
High Pulse Width  Slow    FDRE/C   n/a            0.500         5.000       4.500      SLICE_X64Y81   counter_reg[3]/C
High Pulse Width  Fast    FDRE/C   n/a            0.500         5.000       4.500      SLICE_X65Y85   buzzer_reg/C
High Pulse Width  Fast    FDRE/C   n/a            0.500         5.000       4.500      SLICE_X64Y81   counter_reg[0]/C
High Pulse Width  Slow    FDRE/C   n/a            0.500         5.000       4.500      SLICE_X64Y83   counter_reg[10]/C
High Pulse Width  Slow    FDRE/C   n/a            0.500         5.000       4.500      SLICE_X64Y83   counter_reg[11]/C
High Pulse Width  Slow    FDRE/C   n/a            0.500         5.000       4.500      SLICE_X64Y84   counter_reg[12]/C
High Pulse Width  Fast    FDRE/C   n/a            0.500         5.000       4.500      SLICE_X64Y84   counter_reg[12]/C



