Copyright 1986-2020 Xilinx, Inc. All Rights Reserved.
-------------------------------------------------------------------------------------------
| Tool Version : Vivado v.2020.1 (win64) Build 2902540 Wed May 27 19:54:49 MDT 2020
| Date         : Tue Apr  7 09:33:35 2026
| Host         : DESKTOP-GKB5T97 running 64-bit major release  (build 9200)
| Command      : report_control_sets -verbose -file simon_game_top_control_sets_placed.rpt
| Design       : simon_game_top
| Device       : xc7a35t
-------------------------------------------------------------------------------------------

Control Set Information

Table of Contents
-----------------
1. Summary
2. Histogram
3. Flip-Flop Distribution
4. Detailed Control Set Information

1. Summary
----------

+----------------------------------------------------------+-------+
|                          Status                          | Count |
+----------------------------------------------------------+-------+
| Total control sets                                       |    47 |
|    Minimum number of control sets                        |    47 |
|    Addition due to synthesis replication                 |     0 |
|    Addition due to physical synthesis replication        |     0 |
| Unused register locations in slices containing registers |   193 |
+----------------------------------------------------------+-------+
* Control sets can be merged at opt_design using control_set_merge or merge_equivalent_drivers
** Run report_qor_suggestions for automated merging and remapping suggestions


2. Histogram
------------

+--------------------+-------+
|       Fanout       | Count |
+--------------------+-------+
| Total control sets |    47 |
| >= 0 to < 4        |     9 |
| >= 4 to < 6        |    23 |
| >= 6 to < 8        |     0 |
| >= 8 to < 10       |     1 |
| >= 10 to < 12      |     0 |
| >= 12 to < 14      |     1 |
| >= 14 to < 16      |     1 |
| >= 16              |    12 |
+--------------------+-------+
* Control sets can be remapped at either synth_design or opt_design


3. Flip-Flop Distribution
-------------------------

+--------------+-----------------------+------------------------+-----------------+--------------+
| Clock Enable | Synchronous Set/Reset | Asynchronous Set/Reset | Total Registers | Total Slices |
+--------------+-----------------------+------------------------+-----------------+--------------+
| No           | No                    | No                     |              29 |           14 |
| No           | No                    | Yes                    |              33 |           14 |
| No           | Yes                   | No                     |             253 |           62 |
| Yes          | No                    | No                     |              13 |           10 |
| Yes          | No                    | Yes                    |               0 |            0 |
| Yes          | Yes                   | No                     |             111 |           34 |
+--------------+-----------------------+------------------------+-----------------+--------------+


4. Detailed Control Set Information
-----------------------------------

+----------------+----------------------------------------+-----------------------------+------------------+----------------+--------------+
|  Clock Signal  |              Enable Signal             |       Set/Reset Signal      | Slice Load Count | Bel Load Count | Bels / Slice |
+----------------+----------------------------------------+-----------------------------+------------------+----------------+--------------+
|  clk_IBUF_BUFG | debounce_block[5].db/state0_out        |                             |                1 |              1 |         1.00 |
|  clk_IBUF_BUFG | debounce_block[4].db/state0_out        |                             |                1 |              1 |         1.00 |
|  clk_IBUF_BUFG | debounce_block[3].db/state0_out        |                             |                1 |              1 |         1.00 |
|  clk_IBUF_BUFG | debounce_block[7].db/state0_out        |                             |                1 |              1 |         1.00 |
|  clk_IBUF_BUFG | debounce_block[8].db/state0_out        |                             |                1 |              1 |         1.00 |
|  clk_IBUF_BUFG | debounce_block[6].db/state0_out        |                             |                1 |              1 |         1.00 |
|  clk_IBUF_BUFG | debounce_block[2].db/state0_out        |                             |                1 |              1 |         1.00 |
|  clk_IBUF_BUFG | debounce_block[1].db/state0_out        |                             |                1 |              1 |         1.00 |
|  clk_IBUF_BUFG | debounce_block[0].db/state0_out        |                             |                1 |              1 |         1.00 |
|  clk_IBUF_BUFG | mem/memory[6][3]_i_1_n_0               | reset_IBUF                  |                1 |              4 |         4.00 |
|  clk_IBUF_BUFG | mem/E[0]                               | reset_IBUF                  |                3 |              4 |         1.33 |
|  clk_IBUF_BUFG | mem/FSM_sequential_state_reg[2][0]     | reset_IBUF                  |                1 |              4 |         4.00 |
|  clk_IBUF_BUFG | debounce_block[3].db/E[0]              | reset_IBUF                  |                2 |              4 |         2.00 |
|  clk_IBUF_BUFG | last_pattern_led[3]_i_1_n_0            |                             |                1 |              4 |         4.00 |
|  clk_IBUF_BUFG | mem/memory[8][3]_i_1_n_0               | reset_IBUF                  |                1 |              4 |         4.00 |
|  clk_IBUF_BUFG | pc/FSM_onehot_state[3]_i_1_n_0         | reset_IBUF                  |                1 |              4 |         4.00 |
|  clk_IBUF_BUFG | mem/memory[10][3]_i_1_n_0              | reset_IBUF                  |                1 |              4 |         4.00 |
|  clk_IBUF_BUFG | mem/memory[11][3]_i_1_n_0              | reset_IBUF                  |                1 |              4 |         4.00 |
|  clk_IBUF_BUFG | mem/memory[13][3]_i_1_n_0              | reset_IBUF                  |                1 |              4 |         4.00 |
|  clk_IBUF_BUFG | mem/memory[2][3]_i_1_n_0               | reset_IBUF                  |                1 |              4 |         4.00 |
|  clk_IBUF_BUFG | mem/memory[0][3]_i_1_n_0               | reset_IBUF                  |                1 |              4 |         4.00 |
|  clk_IBUF_BUFG | mem/memory[15][3]_i_1_n_0              | reset_IBUF                  |                1 |              4 |         4.00 |
|  clk_IBUF_BUFG | mem/memory[4][3]_i_1_n_0               | reset_IBUF                  |                1 |              4 |         4.00 |
|  clk_IBUF_BUFG | clk_div/E[0]                           | reset_IBUF                  |                1 |              4 |         4.00 |
|  clk_IBUF_BUFG | mem/memory[9][3]_i_1_n_0               | reset_IBUF                  |                2 |              4 |         2.00 |
|  clk_IBUF_BUFG | mem/memory[7][3]_i_1_n_0               | reset_IBUF                  |                1 |              4 |         4.00 |
|  clk_IBUF_BUFG | mem/memory[12][3]_i_1_n_0              | reset_IBUF                  |                1 |              4 |         4.00 |
|  clk_IBUF_BUFG | mem/memory[14][3]_i_1_n_0              | reset_IBUF                  |                1 |              4 |         4.00 |
|  clk_IBUF_BUFG | mem/memory[3][3]_i_1_n_0               | reset_IBUF                  |                1 |              4 |         4.00 |
|  clk_IBUF_BUFG | mem/memory[1][3]_i_1_n_0               | reset_IBUF                  |                1 |              4 |         4.00 |
|  clk_IBUF_BUFG | mem/memory[5][3]_i_1_n_0               | reset_IBUF                  |                1 |              4 |         4.00 |
|  clk_IBUF_BUFG | pc/FSM_onehot_state[1]_i_1_n_0         | reset_IBUF                  |                1 |              5 |         5.00 |
|  clk_IBUF_BUFG | clk_div/FSM_sequential_state_reg[1][0] | reset_IBUF                  |                6 |              9 |         1.50 |
|  clk_IBUF_BUFG | write_en                               | reset_IBUF                  |                2 |             13 |         6.50 |
|  clk_IBUF_BUFG |                                        | refresh_counter[15]_i_1_n_0 |                4 |             15 |         3.75 |
|  clk_IBUF_BUFG |                                        | debounce_block[3].db/p_0_in |                5 |             22 |         4.40 |
|  clk_IBUF_BUFG |                                        | debounce_block[8].db/p_0_in |                5 |             22 |         4.40 |
|  clk_IBUF_BUFG |                                        | debounce_block[6].db/p_0_in |                5 |             22 |         4.40 |
|  clk_IBUF_BUFG |                                        | debounce_block[7].db/p_0_in |                5 |             22 |         4.40 |
|  clk_IBUF_BUFG |                                        | debounce_block[1].db/p_0_in |                5 |             22 |         4.40 |
|  clk_IBUF_BUFG |                                        | debounce_block[2].db/p_0_in |                5 |             22 |         4.40 |
|  clk_IBUF_BUFG |                                        | debounce_block[0].db/p_0_in |                5 |             22 |         4.40 |
|  clk_IBUF_BUFG |                                        | debounce_block[5].db/p_0_in |                5 |             22 |         4.40 |
|  clk_IBUF_BUFG |                                        | debounce_block[4].db/p_0_in |                6 |             22 |         3.67 |
|  clk_IBUF_BUFG |                                        |                             |               14 |             29 |         2.07 |
|  clk_IBUF_BUFG |                                        | u_timer/count[0]_i_1__0_n_0 |                8 |             31 |         3.88 |
|  clk_IBUF_BUFG |                                        | reset_IBUF                  |               18 |             42 |         2.33 |
+----------------+----------------------------------------+-----------------------------+------------------+----------------+--------------+


