Copyright 1986-2020 Xilinx, Inc. All Rights Reserved.
-----------------------------------------------------------------------------------------------------------------------------------------------------------------------------------------------------------------
| Tool Version : Vivado v.2020.1 (win64) Build 2902540 Wed May 27 19:54:49 MDT 2020
| Date         : Wed Apr  1 17:57:48 2026
| Host         : DESKTOP-GKB5T97 running 64-bit major release  (build 9200)
| Command      : report_timing_summary -max_paths 10 -file simon_game_top_timing_summary_routed.rpt -pb simon_game_top_timing_summary_routed.pb -rpx simon_game_top_timing_summary_routed.rpx -warn_on_violation
| Design       : simon_game_top
| Device       : 7a35t-cpg236
| Speed File   : -1  PRODUCTION 1.23 2018-06-13
-----------------------------------------------------------------------------------------------------------------------------------------------------------------------------------------------------------------

Timing Summary Report

------------------------------------------------------------------------------------------------
| Timer Settings
| --------------
------------------------------------------------------------------------------------------------

  Enable Multi Corner Analysis               :  Yes
  Enable Pessimism Removal                   :  Yes
  Pessimism Removal Resolution               :  Nearest Common Node
  Enable Input Delay Default Clock           :  No
  Enable Preset / Clear Arcs                 :  No
  Disable Flight Delays                      :  No
  Ignore I/O Paths                           :  No
  Timing Early Launch at Borrowing Latches   :  No
  Borrow Time for Max Delay Exceptions       :  Yes
  Merge Timing Exceptions                    :  Yes

  Corner  Analyze    Analyze    
  Name    Max Paths  Min Paths  
  ------  ---------  ---------  
  Slow    Yes        Yes        
  Fast    Yes        Yes        



check_timing report

Table of Contents
-----------------
1. checking no_clock (0)
2. checking constant_clock (0)
3. checking pulse_width_clock (0)
4. checking unconstrained_internal_endpoints (0)
5. checking no_input_delay (10)
6. checking no_output_delay (9)
7. checking multiple_clock (0)
8. checking generated_clocks (0)
9. checking loops (0)
10. checking partial_input_delay (0)
11. checking partial_output_delay (0)
12. checking latch_loops (0)

1. checking no_clock (0)
------------------------
 There are 0 register/latch pins with no clock.


2. checking constant_clock (0)
------------------------------
 There are 0 register/latch pins with constant_clock.


3. checking pulse_width_clock (0)
---------------------------------
 There are 0 register/latch pins which need pulse_width check


4. checking unconstrained_internal_endpoints (0)
------------------------------------------------
 There are 0 pins that are not constrained for maximum delay.

 There are 0 pins that are not constrained for maximum delay due to constant clock.


5. checking no_input_delay (10)
-------------------------------
 There are 10 input ports with no input delay specified. (HIGH)

 There are 0 input ports with no input delay but user has a false path constraint.


6. checking no_output_delay (9)
-------------------------------
 There are 9 ports with no output delay specified. (HIGH)

 There are 0 ports with no output delay but user has a false path constraint

 There are 0 ports with no output delay but with a timing clock defined on it or propagating through it


7. checking multiple_clock (0)
------------------------------
 There are 0 register/latch pins with multiple clocks.


8. checking generated_clocks (0)
--------------------------------
 There are 0 generated clocks that are not connected to a clock source.


9. checking loops (0)
---------------------
 There are 0 combinational loops in the design.


10. checking partial_input_delay (0)
------------------------------------
 There are 0 input ports with partial input delay specified.


11. checking partial_output_delay (0)
-------------------------------------
 There are 0 ports with partial output delay specified.


12. checking latch_loops (0)
----------------------------
 There are 0 combinational latch loops in the design through latch input



------------------------------------------------------------------------------------------------
| Design Timing Summary
| ---------------------
------------------------------------------------------------------------------------------------

    WNS(ns)      TNS(ns)  TNS Failing Endpoints  TNS Total Endpoints      WHS(ns)      THS(ns)  THS Failing Endpoints  THS Total Endpoints     WPWS(ns)     TPWS(ns)  TPWS Failing Endpoints  TPWS Total Endpoints  
    -------      -------  ---------------------  -------------------      -------      -------  ---------------------  -------------------     --------     --------  ----------------------  --------------------  
      4.089        0.000                      0                  641        0.094        0.000                      0                  641        4.500        0.000                       0                   355  


All user specified timing constraints are met.


------------------------------------------------------------------------------------------------
| Clock Summary
| -------------
------------------------------------------------------------------------------------------------

Clock        Waveform(ns)       Period(ns)      Frequency(MHz)
-----        ------------       ----------      --------------
sys_clk_pin  {0.000 5.000}      10.000          100.000         


------------------------------------------------------------------------------------------------
| Intra Clock Table
| -----------------
------------------------------------------------------------------------------------------------

Clock             WNS(ns)      TNS(ns)  TNS Failing Endpoints  TNS Total Endpoints      WHS(ns)      THS(ns)  THS Failing Endpoints  THS Total Endpoints     WPWS(ns)     TPWS(ns)  TPWS Failing Endpoints  TPWS Total Endpoints  
-----             -------      -------  ---------------------  -------------------      -------      -------  ---------------------  -------------------     --------     --------  ----------------------  --------------------  
sys_clk_pin         4.089        0.000                      0                  641        0.094        0.000                      0                  641        4.500        0.000                       0                   355  


------------------------------------------------------------------------------------------------
| Inter Clock Table
| -----------------
------------------------------------------------------------------------------------------------

From Clock    To Clock          WNS(ns)      TNS(ns)  TNS Failing Endpoints  TNS Total Endpoints      WHS(ns)      THS(ns)  THS Failing Endpoints  THS Total Endpoints  
----------    --------          -------      -------  ---------------------  -------------------      -------      -------  ---------------------  -------------------  


------------------------------------------------------------------------------------------------
| Other Path Groups Table
| -----------------------
------------------------------------------------------------------------------------------------

Path Group    From Clock    To Clock          WNS(ns)      TNS(ns)  TNS Failing Endpoints  TNS Total Endpoints      WHS(ns)      THS(ns)  THS Failing Endpoints  THS Total Endpoints  
----------    ----------    --------          -------      -------  ---------------------  -------------------      -------      -------  ---------------------  -------------------  


------------------------------------------------------------------------------------------------
| Timing Details
| --------------
------------------------------------------------------------------------------------------------


---------------------------------------------------------------------------------------------------
From Clock:  sys_clk_pin
  To Clock:  sys_clk_pin

Setup :            0  Failing Endpoints,  Worst Slack        4.089ns,  Total Violation        0.000ns
Hold  :            0  Failing Endpoints,  Worst Slack        0.094ns,  Total Violation        0.000ns
PW    :            0  Failing Endpoints,  Worst Slack        4.500ns,  Total Violation        0.000ns
---------------------------------------------------------------------------------------------------


Max Delay Paths
--------------------------------------------------------------------------------------
Slack (MET) :             4.089ns  (required time - arrival time)
  Source:                 db7/btn_level_reg/C
                            (rising edge-triggered cell FDRE clocked by sys_clk_pin  {rise@0.000ns fall@5.000ns period=10.000ns})
  Destination:            user_index_reg[0]/CE
                            (rising edge-triggered cell FDRE clocked by sys_clk_pin  {rise@0.000ns fall@5.000ns period=10.000ns})
  Path Group:             sys_clk_pin
  Path Type:              Setup (Max at Slow Process Corner)
  Requirement:            10.000ns  (sys_clk_pin rise@10.000ns - sys_clk_pin rise@0.000ns)
  Data Path Delay:        5.669ns  (logic 1.138ns (20.073%)  route 4.531ns (79.927%))
  Logic Levels:           5  (LUT4=1 LUT6=4)
  Clock Path Skew:        -0.001ns (DCD - SCD + CPR)
    Destination Clock Delay (DCD):    4.957ns = ( 14.957 - 10.000 ) 
    Source Clock Delay      (SCD):    5.145ns
    Clock Pessimism Removal (CPR):    0.187ns
  Clock Uncertainty:      0.035ns  ((TSJ^2 + TIJ^2)^1/2 + DJ) / 2 + PE
    Total System Jitter     (TSJ):    0.071ns
    Total Input Jitter      (TIJ):    0.000ns
    Discrete Jitter          (DJ):    0.000ns
    Phase Error              (PE):    0.000ns

    Location             Delay type                Incr(ns)  Path(ns)    Netlist Resource(s)
  -------------------------------------------------------------------    -------------------
                         (clock sys_clk_pin rise edge)
                                                      0.000     0.000 r  
    W5                                                0.000     0.000 r  clk (IN)
                         net (fo=0)                   0.000     0.000    clk
    W5                   IBUF (Prop_ibuf_I_O)         1.458     1.458 r  clk_IBUF_inst/O
                         net (fo=1, routed)           1.967     3.425    clk_IBUF
    BUFGCTRL_X0Y0        BUFG (Prop_bufg_I_O)         0.096     3.521 r  clk_IBUF_BUFG_inst/O
                         net (fo=354, routed)         1.624     5.145    db7/CLK
    SLICE_X6Y97          FDRE                                         r  db7/btn_level_reg/C
  -------------------------------------------------------------------    -------------------
    SLICE_X6Y97          FDRE (Prop_fdre_C_Q)         0.518     5.663 f  db7/btn_level_reg/Q
                         net (fo=7, routed)           1.213     6.876    db7/touch_level[0]
    SLICE_X8Y99          LUT4 (Prop_lut4_I0_O)        0.124     7.000 r  db7/FSM_sequential_state[1]_i_8/O
                         net (fo=2, routed)           0.702     7.702    db8/FSM_sequential_state[1]_i_5
    SLICE_X8Y99          LUT6 (Prop_lut6_I5_O)        0.124     7.826 r  db8/FSM_sequential_state[1]_i_9/O
                         net (fo=1, routed)           0.529     8.355    mem/FSM_sequential_state[1]_i_2_0
    SLICE_X7Y100         LUT6 (Prop_lut6_I0_O)        0.124     8.479 f  mem/FSM_sequential_state[1]_i_5/O
                         net (fo=1, routed)           1.000     9.479    mem/FSM_sequential_state[1]_i_5_n_0
    SLICE_X8Y100         LUT6 (Prop_lut6_I3_O)        0.124     9.603 f  mem/FSM_sequential_state[1]_i_2/O
                         net (fo=3, routed)           0.445    10.048    pc/user_read_index_reg[0]_0
    SLICE_X10Y100        LUT6 (Prop_lut6_I3_O)        0.124    10.172 r  pc/user_index[3]_i_1/O
                         net (fo=8, routed)           0.642    10.814    pc_n_10
    SLICE_X13Y102        FDRE                                         r  user_index_reg[0]/CE
  -------------------------------------------------------------------    -------------------

                         (clock sys_clk_pin rise edge)
                                                     10.000    10.000 r  
    W5                                                0.000    10.000 r  clk (IN)
                         net (fo=0)                   0.000    10.000    clk
    W5                   IBUF (Prop_ibuf_I_O)         1.388    11.388 r  clk_IBUF_inst/O
                         net (fo=1, routed)           1.862    13.250    clk_IBUF
    BUFGCTRL_X0Y0        BUFG (Prop_bufg_I_O)         0.091    13.341 r  clk_IBUF_BUFG_inst/O
                         net (fo=354, routed)         1.616    14.957    clk_IBUF_BUFG
    SLICE_X13Y102        FDRE                                         r  user_index_reg[0]/C
                         clock pessimism              0.187    15.144    
                         clock uncertainty           -0.035    15.109    
    SLICE_X13Y102        FDRE (Setup_fdre_C_CE)      -0.205    14.904    user_index_reg[0]
  -------------------------------------------------------------------
                         required time                         14.904    
                         arrival time                         -10.814    
  -------------------------------------------------------------------
                         slack                                  4.089    

Slack (MET) :             4.089ns  (required time - arrival time)
  Source:                 db7/btn_level_reg/C
                            (rising edge-triggered cell FDRE clocked by sys_clk_pin  {rise@0.000ns fall@5.000ns period=10.000ns})
  Destination:            user_index_reg[1]/CE
                            (rising edge-triggered cell FDRE clocked by sys_clk_pin  {rise@0.000ns fall@5.000ns period=10.000ns})
  Path Group:             sys_clk_pin
  Path Type:              Setup (Max at Slow Process Corner)
  Requirement:            10.000ns  (sys_clk_pin rise@10.000ns - sys_clk_pin rise@0.000ns)
  Data Path Delay:        5.669ns  (logic 1.138ns (20.073%)  route 4.531ns (79.927%))
  Logic Levels:           5  (LUT4=1 LUT6=4)
  Clock Path Skew:        -0.001ns (DCD - SCD + CPR)
    Destination Clock Delay (DCD):    4.957ns = ( 14.957 - 10.000 ) 
    Source Clock Delay      (SCD):    5.145ns
    Clock Pessimism Removal (CPR):    0.187ns
  Clock Uncertainty:      0.035ns  ((TSJ^2 + TIJ^2)^1/2 + DJ) / 2 + PE
    Total System Jitter     (TSJ):    0.071ns
    Total Input Jitter      (TIJ):    0.000ns
    Discrete Jitter          (DJ):    0.000ns
    Phase Error              (PE):    0.000ns

    Location             Delay type                Incr(ns)  Path(ns)    Netlist Resource(s)
  -------------------------------------------------------------------    -------------------
                         (clock sys_clk_pin rise edge)
                                                      0.000     0.000 r  
    W5                                                0.000     0.000 r  clk (IN)
                         net (fo=0)                   0.000     0.000    clk
    W5                   IBUF (Prop_ibuf_I_O)         1.458     1.458 r  clk_IBUF_inst/O
                         net (fo=1, routed)           1.967     3.425    clk_IBUF
    BUFGCTRL_X0Y0        BUFG (Prop_bufg_I_O)         0.096     3.521 r  clk_IBUF_BUFG_inst/O
                         net (fo=354, routed)         1.624     5.145    db7/CLK
    SLICE_X6Y97          FDRE                                         r  db7/btn_level_reg/C
  -------------------------------------------------------------------    -------------------
    SLICE_X6Y97          FDRE (Prop_fdre_C_Q)         0.518     5.663 f  db7/btn_level_reg/Q
                         net (fo=7, routed)           1.213     6.876    db7/touch_level[0]
    SLICE_X8Y99          LUT4 (Prop_lut4_I0_O)        0.124     7.000 r  db7/FSM_sequential_state[1]_i_8/O
                         net (fo=2, routed)           0.702     7.702    db8/FSM_sequential_state[1]_i_5
    SLICE_X8Y99          LUT6 (Prop_lut6_I5_O)        0.124     7.826 r  db8/FSM_sequential_state[1]_i_9/O
                         net (fo=1, routed)           0.529     8.355    mem/FSM_sequential_state[1]_i_2_0
    SLICE_X7Y100         LUT6 (Prop_lut6_I0_O)        0.124     8.479 f  mem/FSM_sequential_state[1]_i_5/O
                         net (fo=1, routed)           1.000     9.479    mem/FSM_sequential_state[1]_i_5_n_0
    SLICE_X8Y100         LUT6 (Prop_lut6_I3_O)        0.124     9.603 f  mem/FSM_sequential_state[1]_i_2/O
                         net (fo=3, routed)           0.445    10.048    pc/user_read_index_reg[0]_0
    SLICE_X10Y100        LUT6 (Prop_lut6_I3_O)        0.124    10.172 r  pc/user_index[3]_i_1/O
                         net (fo=8, routed)           0.642    10.814    pc_n_10
    SLICE_X13Y102        FDRE                                         r  user_index_reg[1]/CE
  -------------------------------------------------------------------    -------------------

                         (clock sys_clk_pin rise edge)
                                                     10.000    10.000 r  
    W5                                                0.000    10.000 r  clk (IN)
                         net (fo=0)                   0.000    10.000    clk
    W5                   IBUF (Prop_ibuf_I_O)         1.388    11.388 r  clk_IBUF_inst/O
                         net (fo=1, routed)           1.862    13.250    clk_IBUF
    BUFGCTRL_X0Y0        BUFG (Prop_bufg_I_O)         0.091    13.341 r  clk_IBUF_BUFG_inst/O
                         net (fo=354, routed)         1.616    14.957    clk_IBUF_BUFG
    SLICE_X13Y102        FDRE                                         r  user_index_reg[1]/C
                         clock pessimism              0.187    15.144    
                         clock uncertainty           -0.035    15.109    
    SLICE_X13Y102        FDRE (Setup_fdre_C_CE)      -0.205    14.904    user_index_reg[1]
  -------------------------------------------------------------------
                         required time                         14.904    
                         arrival time                         -10.814    
  -------------------------------------------------------------------
                         slack                                  4.089    

Slack (MET) :             4.089ns  (required time - arrival time)
  Source:                 db7/btn_level_reg/C
                            (rising edge-triggered cell FDRE clocked by sys_clk_pin  {rise@0.000ns fall@5.000ns period=10.000ns})
  Destination:            user_index_reg[2]/CE
                            (rising edge-triggered cell FDRE clocked by sys_clk_pin  {rise@0.000ns fall@5.000ns period=10.000ns})
  Path Group:             sys_clk_pin
  Path Type:              Setup (Max at Slow Process Corner)
  Requirement:            10.000ns  (sys_clk_pin rise@10.000ns - sys_clk_pin rise@0.000ns)
  Data Path Delay:        5.669ns  (logic 1.138ns (20.073%)  route 4.531ns (79.927%))
  Logic Levels:           5  (LUT4=1 LUT6=4)
  Clock Path Skew:        -0.001ns (DCD - SCD + CPR)
    Destination Clock Delay (DCD):    4.957ns = ( 14.957 - 10.000 ) 
    Source Clock Delay      (SCD):    5.145ns
    Clock Pessimism Removal (CPR):    0.187ns
  Clock Uncertainty:      0.035ns  ((TSJ^2 + TIJ^2)^1/2 + DJ) / 2 + PE
    Total System Jitter     (TSJ):    0.071ns
    Total Input Jitter      (TIJ):    0.000ns
    Discrete Jitter          (DJ):    0.000ns
    Phase Error              (PE):    0.000ns

    Location             Delay type                Incr(ns)  Path(ns)    Netlist Resource(s)
  -------------------------------------------------------------------    -------------------
                         (clock sys_clk_pin rise edge)
                                                      0.000     0.000 r  
    W5                                                0.000     0.000 r  clk (IN)
                         net (fo=0)                   0.000     0.000    clk
    W5                   IBUF (Prop_ibuf_I_O)         1.458     1.458 r  clk_IBUF_inst/O
                         net (fo=1, routed)           1.967     3.425    clk_IBUF
    BUFGCTRL_X0Y0        BUFG (Prop_bufg_I_O)         0.096     3.521 r  clk_IBUF_BUFG_inst/O
                         net (fo=354, routed)         1.624     5.145    db7/CLK
    SLICE_X6Y97          FDRE                                         r  db7/btn_level_reg/C
  -------------------------------------------------------------------    -------------------
    SLICE_X6Y97          FDRE (Prop_fdre_C_Q)         0.518     5.663 f  db7/btn_level_reg/Q
                         net (fo=7, routed)           1.213     6.876    db7/touch_level[0]
    SLICE_X8Y99          LUT4 (Prop_lut4_I0_O)        0.124     7.000 r  db7/FSM_sequential_state[1]_i_8/O
                         net (fo=2, routed)           0.702     7.702    db8/FSM_sequential_state[1]_i_5
    SLICE_X8Y99          LUT6 (Prop_lut6_I5_O)        0.124     7.826 r  db8/FSM_sequential_state[1]_i_9/O
                         net (fo=1, routed)           0.529     8.355    mem/FSM_sequential_state[1]_i_2_0
    SLICE_X7Y100         LUT6 (Prop_lut6_I0_O)        0.124     8.479 f  mem/FSM_sequential_state[1]_i_5/O
                         net (fo=1, routed)           1.000     9.479    mem/FSM_sequential_state[1]_i_5_n_0
    SLICE_X8Y100         LUT6 (Prop_lut6_I3_O)        0.124     9.603 f  mem/FSM_sequential_state[1]_i_2/O
                         net (fo=3, routed)           0.445    10.048    pc/user_read_index_reg[0]_0
    SLICE_X10Y100        LUT6 (Prop_lut6_I3_O)        0.124    10.172 r  pc/user_index[3]_i_1/O
                         net (fo=8, routed)           0.642    10.814    pc_n_10
    SLICE_X13Y102        FDRE                                         r  user_index_reg[2]/CE
  -------------------------------------------------------------------    -------------------

                         (clock sys_clk_pin rise edge)
                                                     10.000    10.000 r  
    W5                                                0.000    10.000 r  clk (IN)
                         net (fo=0)                   0.000    10.000    clk
    W5                   IBUF (Prop_ibuf_I_O)         1.388    11.388 r  clk_IBUF_inst/O
                         net (fo=1, routed)           1.862    13.250    clk_IBUF
    BUFGCTRL_X0Y0        BUFG (Prop_bufg_I_O)         0.091    13.341 r  clk_IBUF_BUFG_inst/O
                         net (fo=354, routed)         1.616    14.957    clk_IBUF_BUFG
    SLICE_X13Y102        FDRE                                         r  user_index_reg[2]/C
                         clock pessimism              0.187    15.144    
                         clock uncertainty           -0.035    15.109    
    SLICE_X13Y102        FDRE (Setup_fdre_C_CE)      -0.205    14.904    user_index_reg[2]
  -------------------------------------------------------------------
                         required time                         14.904    
                         arrival time                         -10.814    
  -------------------------------------------------------------------
                         slack                                  4.089    

Slack (MET) :             4.089ns  (required time - arrival time)
  Source:                 db7/btn_level_reg/C
                            (rising edge-triggered cell FDRE clocked by sys_clk_pin  {rise@0.000ns fall@5.000ns period=10.000ns})
  Destination:            user_index_reg[3]/CE
                            (rising edge-triggered cell FDRE clocked by sys_clk_pin  {rise@0.000ns fall@5.000ns period=10.000ns})
  Path Group:             sys_clk_pin
  Path Type:              Setup (Max at Slow Process Corner)
  Requirement:            10.000ns  (sys_clk_pin rise@10.000ns - sys_clk_pin rise@0.000ns)
  Data Path Delay:        5.669ns  (logic 1.138ns (20.073%)  route 4.531ns (79.927%))
  Logic Levels:           5  (LUT4=1 LUT6=4)
  Clock Path Skew:        -0.001ns (DCD - SCD + CPR)
    Destination Clock Delay (DCD):    4.957ns = ( 14.957 - 10.000 ) 
    Source Clock Delay      (SCD):    5.145ns
    Clock Pessimism Removal (CPR):    0.187ns
  Clock Uncertainty:      0.035ns  ((TSJ^2 + TIJ^2)^1/2 + DJ) / 2 + PE
    Total System Jitter     (TSJ):    0.071ns
    Total Input Jitter      (TIJ):    0.000ns
    Discrete Jitter          (DJ):    0.000ns
    Phase Error              (PE):    0.000ns

    Location             Delay type                Incr(ns)  Path(ns)    Netlist Resource(s)
  -------------------------------------------------------------------    -------------------
                         (clock sys_clk_pin rise edge)
                                                      0.000     0.000 r  
    W5                                                0.000     0.000 r  clk (IN)
                         net (fo=0)                   0.000     0.000    clk
    W5                   IBUF (Prop_ibuf_I_O)         1.458     1.458 r  clk_IBUF_inst/O
                         net (fo=1, routed)           1.967     3.425    clk_IBUF
    BUFGCTRL_X0Y0        BUFG (Prop_bufg_I_O)         0.096     3.521 r  clk_IBUF_BUFG_inst/O
                         net (fo=354, routed)         1.624     5.145    db7/CLK
    SLICE_X6Y97          FDRE                                         r  db7/btn_level_reg/C
  -------------------------------------------------------------------    -------------------
    SLICE_X6Y97          FDRE (Prop_fdre_C_Q)         0.518     5.663 f  db7/btn_level_reg/Q
                         net (fo=7, routed)           1.213     6.876    db7/touch_level[0]
    SLICE_X8Y99          LUT4 (Prop_lut4_I0_O)        0.124     7.000 r  db7/FSM_sequential_state[1]_i_8/O
                         net (fo=2, routed)           0.702     7.702    db8/FSM_sequential_state[1]_i_5
    SLICE_X8Y99          LUT6 (Prop_lut6_I5_O)        0.124     7.826 r  db8/FSM_sequential_state[1]_i_9/O
                         net (fo=1, routed)           0.529     8.355    mem/FSM_sequential_state[1]_i_2_0
    SLICE_X7Y100         LUT6 (Prop_lut6_I0_O)        0.124     8.479 f  mem/FSM_sequential_state[1]_i_5/O
                         net (fo=1, routed)           1.000     9.479    mem/FSM_sequential_state[1]_i_5_n_0
    SLICE_X8Y100         LUT6 (Prop_lut6_I3_O)        0.124     9.603 f  mem/FSM_sequential_state[1]_i_2/O
                         net (fo=3, routed)           0.445    10.048    pc/user_read_index_reg[0]_0
    SLICE_X10Y100        LUT6 (Prop_lut6_I3_O)        0.124    10.172 r  pc/user_index[3]_i_1/O
                         net (fo=8, routed)           0.642    10.814    pc_n_10
    SLICE_X13Y102        FDRE                                         r  user_index_reg[3]/CE
  -------------------------------------------------------------------    -------------------

                         (clock sys_clk_pin rise edge)
                                                     10.000    10.000 r  
    W5                                                0.000    10.000 r  clk (IN)
                         net (fo=0)                   0.000    10.000    clk
    W5                   IBUF (Prop_ibuf_I_O)         1.388    11.388 r  clk_IBUF_inst/O
                         net (fo=1, routed)           1.862    13.250    clk_IBUF
    BUFGCTRL_X0Y0        BUFG (Prop_bufg_I_O)         0.091    13.341 r  clk_IBUF_BUFG_inst/O
                         net (fo=354, routed)         1.616    14.957    clk_IBUF_BUFG
    SLICE_X13Y102        FDRE                                         r  user_index_reg[3]/C
                         clock pessimism              0.187    15.144    
                         clock uncertainty           -0.035    15.109    
    SLICE_X13Y102        FDRE (Setup_fdre_C_CE)      -0.205    14.904    user_index_reg[3]
  -------------------------------------------------------------------
                         required time                         14.904    
                         arrival time                         -10.814    
  -------------------------------------------------------------------
                         slack                                  4.089    

Slack (MET) :             4.089ns  (required time - arrival time)
  Source:                 db7/btn_level_reg/C
                            (rising edge-triggered cell FDRE clocked by sys_clk_pin  {rise@0.000ns fall@5.000ns period=10.000ns})
  Destination:            user_read_index_reg[0]/CE
                            (rising edge-triggered cell FDRE clocked by sys_clk_pin  {rise@0.000ns fall@5.000ns period=10.000ns})
  Path Group:             sys_clk_pin
  Path Type:              Setup (Max at Slow Process Corner)
  Requirement:            10.000ns  (sys_clk_pin rise@10.000ns - sys_clk_pin rise@0.000ns)
  Data Path Delay:        5.669ns  (logic 1.138ns (20.073%)  route 4.531ns (79.927%))
  Logic Levels:           5  (LUT4=1 LUT6=4)
  Clock Path Skew:        -0.001ns (DCD - SCD + CPR)
    Destination Clock Delay (DCD):    4.957ns = ( 14.957 - 10.000 ) 
    Source Clock Delay      (SCD):    5.145ns
    Clock Pessimism Removal (CPR):    0.187ns
  Clock Uncertainty:      0.035ns  ((TSJ^2 + TIJ^2)^1/2 + DJ) / 2 + PE
    Total System Jitter     (TSJ):    0.071ns
    Total Input Jitter      (TIJ):    0.000ns
    Discrete Jitter          (DJ):    0.000ns
    Phase Error              (PE):    0.000ns

    Location             Delay type                Incr(ns)  Path(ns)    Netlist Resource(s)
  -------------------------------------------------------------------    -------------------
                         (clock sys_clk_pin rise edge)
                                                      0.000     0.000 r  
    W5                                                0.000     0.000 r  clk (IN)
                         net (fo=0)                   0.000     0.000    clk
    W5                   IBUF (Prop_ibuf_I_O)         1.458     1.458 r  clk_IBUF_inst/O
                         net (fo=1, routed)           1.967     3.425    clk_IBUF
    BUFGCTRL_X0Y0        BUFG (Prop_bufg_I_O)         0.096     3.521 r  clk_IBUF_BUFG_inst/O
                         net (fo=354, routed)         1.624     5.145    db7/CLK
    SLICE_X6Y97          FDRE                                         r  db7/btn_level_reg/C
  -------------------------------------------------------------------    -------------------
    SLICE_X6Y97          FDRE (Prop_fdre_C_Q)         0.518     5.663 f  db7/btn_level_reg/Q
                         net (fo=7, routed)           1.213     6.876    db7/touch_level[0]
    SLICE_X8Y99          LUT4 (Prop_lut4_I0_O)        0.124     7.000 r  db7/FSM_sequential_state[1]_i_8/O
                         net (fo=2, routed)           0.702     7.702    db8/FSM_sequential_state[1]_i_5
    SLICE_X8Y99          LUT6 (Prop_lut6_I5_O)        0.124     7.826 r  db8/FSM_sequential_state[1]_i_9/O
                         net (fo=1, routed)           0.529     8.355    mem/FSM_sequential_state[1]_i_2_0
    SLICE_X7Y100         LUT6 (Prop_lut6_I0_O)        0.124     8.479 f  mem/FSM_sequential_state[1]_i_5/O
                         net (fo=1, routed)           1.000     9.479    mem/FSM_sequential_state[1]_i_5_n_0
    SLICE_X8Y100         LUT6 (Prop_lut6_I3_O)        0.124     9.603 f  mem/FSM_sequential_state[1]_i_2/O
                         net (fo=3, routed)           0.445    10.048    pc/user_read_index_reg[0]_0
    SLICE_X10Y100        LUT6 (Prop_lut6_I3_O)        0.124    10.172 r  pc/user_index[3]_i_1/O
                         net (fo=8, routed)           0.642    10.814    pc_n_10
    SLICE_X13Y102        FDRE                                         r  user_read_index_reg[0]/CE
  -------------------------------------------------------------------    -------------------

                         (clock sys_clk_pin rise edge)
                                                     10.000    10.000 r  
    W5                                                0.000    10.000 r  clk (IN)
                         net (fo=0)                   0.000    10.000    clk
    W5                   IBUF (Prop_ibuf_I_O)         1.388    11.388 r  clk_IBUF_inst/O
                         net (fo=1, routed)           1.862    13.250    clk_IBUF
    BUFGCTRL_X0Y0        BUFG (Prop_bufg_I_O)         0.091    13.341 r  clk_IBUF_BUFG_inst/O
                         net (fo=354, routed)         1.616    14.957    clk_IBUF_BUFG
    SLICE_X13Y102        FDRE                                         r  user_read_index_reg[0]/C
                         clock pessimism              0.187    15.144    
                         clock uncertainty           -0.035    15.109    
    SLICE_X13Y102        FDRE (Setup_fdre_C_CE)      -0.205    14.904    user_read_index_reg[0]
  -------------------------------------------------------------------
                         required time                         14.904    
                         arrival time                         -10.814    
  -------------------------------------------------------------------
                         slack                                  4.089    

Slack (MET) :             4.274ns  (required time - arrival time)
  Source:                 db7/btn_level_reg/C
                            (rising edge-triggered cell FDRE clocked by sys_clk_pin  {rise@0.000ns fall@5.000ns period=10.000ns})
  Destination:            user_read_index_reg[1]/CE
                            (rising edge-triggered cell FDRE clocked by sys_clk_pin  {rise@0.000ns fall@5.000ns period=10.000ns})
  Path Group:             sys_clk_pin
  Path Type:              Setup (Max at Slow Process Corner)
  Requirement:            10.000ns  (sys_clk_pin rise@10.000ns - sys_clk_pin rise@0.000ns)
  Data Path Delay:        5.520ns  (logic 1.138ns (20.614%)  route 4.382ns (79.386%))
  Logic Levels:           5  (LUT4=1 LUT6=4)
  Clock Path Skew:        -0.001ns (DCD - SCD + CPR)
    Destination Clock Delay (DCD):    4.957ns = ( 14.957 - 10.000 ) 
    Source Clock Delay      (SCD):    5.145ns
    Clock Pessimism Removal (CPR):    0.187ns
  Clock Uncertainty:      0.035ns  ((TSJ^2 + TIJ^2)^1/2 + DJ) / 2 + PE
    Total System Jitter     (TSJ):    0.071ns
    Total Input Jitter      (TIJ):    0.000ns
    Discrete Jitter          (DJ):    0.000ns
    Phase Error              (PE):    0.000ns

    Location             Delay type                Incr(ns)  Path(ns)    Netlist Resource(s)
  -------------------------------------------------------------------    -------------------
                         (clock sys_clk_pin rise edge)
                                                      0.000     0.000 r  
    W5                                                0.000     0.000 r  clk (IN)
                         net (fo=0)                   0.000     0.000    clk
    W5                   IBUF (Prop_ibuf_I_O)         1.458     1.458 r  clk_IBUF_inst/O
                         net (fo=1, routed)           1.967     3.425    clk_IBUF
    BUFGCTRL_X0Y0        BUFG (Prop_bufg_I_O)         0.096     3.521 r  clk_IBUF_BUFG_inst/O
                         net (fo=354, routed)         1.624     5.145    db7/CLK
    SLICE_X6Y97          FDRE                                         r  db7/btn_level_reg/C
  -------------------------------------------------------------------    -------------------
    SLICE_X6Y97          FDRE (Prop_fdre_C_Q)         0.518     5.663 f  db7/btn_level_reg/Q
                         net (fo=7, routed)           1.213     6.876    db7/touch_level[0]
    SLICE_X8Y99          LUT4 (Prop_lut4_I0_O)        0.124     7.000 r  db7/FSM_sequential_state[1]_i_8/O
                         net (fo=2, routed)           0.702     7.702    db8/FSM_sequential_state[1]_i_5
    SLICE_X8Y99          LUT6 (Prop_lut6_I5_O)        0.124     7.826 r  db8/FSM_sequential_state[1]_i_9/O
                         net (fo=1, routed)           0.529     8.355    mem/FSM_sequential_state[1]_i_2_0
    SLICE_X7Y100         LUT6 (Prop_lut6_I0_O)        0.124     8.479 f  mem/FSM_sequential_state[1]_i_5/O
                         net (fo=1, routed)           1.000     9.479    mem/FSM_sequential_state[1]_i_5_n_0
    SLICE_X8Y100         LUT6 (Prop_lut6_I3_O)        0.124     9.603 f  mem/FSM_sequential_state[1]_i_2/O
                         net (fo=3, routed)           0.445    10.048    pc/user_read_index_reg[0]_0
    SLICE_X10Y100        LUT6 (Prop_lut6_I3_O)        0.124    10.172 r  pc/user_index[3]_i_1/O
                         net (fo=8, routed)           0.493    10.665    pc_n_10
    SLICE_X14Y100        FDRE                                         r  user_read_index_reg[1]/CE
  -------------------------------------------------------------------    -------------------

                         (clock sys_clk_pin rise edge)
                                                     10.000    10.000 r  
    W5                                                0.000    10.000 r  clk (IN)
                         net (fo=0)                   0.000    10.000    clk
    W5                   IBUF (Prop_ibuf_I_O)         1.388    11.388 r  clk_IBUF_inst/O
                         net (fo=1, routed)           1.862    13.250    clk_IBUF
    BUFGCTRL_X0Y0        BUFG (Prop_bufg_I_O)         0.091    13.341 r  clk_IBUF_BUFG_inst/O
                         net (fo=354, routed)         1.616    14.957    clk_IBUF_BUFG
    SLICE_X14Y100        FDRE                                         r  user_read_index_reg[1]/C
                         clock pessimism              0.187    15.144    
                         clock uncertainty           -0.035    15.109    
    SLICE_X14Y100        FDRE (Setup_fdre_C_CE)      -0.169    14.940    user_read_index_reg[1]
  -------------------------------------------------------------------
                         required time                         14.940    
                         arrival time                         -10.665    
  -------------------------------------------------------------------
                         slack                                  4.274    

Slack (MET) :             4.274ns  (required time - arrival time)
  Source:                 db7/btn_level_reg/C
                            (rising edge-triggered cell FDRE clocked by sys_clk_pin  {rise@0.000ns fall@5.000ns period=10.000ns})
  Destination:            user_read_index_reg[2]/CE
                            (rising edge-triggered cell FDRE clocked by sys_clk_pin  {rise@0.000ns fall@5.000ns period=10.000ns})
  Path Group:             sys_clk_pin
  Path Type:              Setup (Max at Slow Process Corner)
  Requirement:            10.000ns  (sys_clk_pin rise@10.000ns - sys_clk_pin rise@0.000ns)
  Data Path Delay:        5.520ns  (logic 1.138ns (20.614%)  route 4.382ns (79.386%))
  Logic Levels:           5  (LUT4=1 LUT6=4)
  Clock Path Skew:        -0.001ns (DCD - SCD + CPR)
    Destination Clock Delay (DCD):    4.957ns = ( 14.957 - 10.000 ) 
    Source Clock Delay      (SCD):    5.145ns
    Clock Pessimism Removal (CPR):    0.187ns
  Clock Uncertainty:      0.035ns  ((TSJ^2 + TIJ^2)^1/2 + DJ) / 2 + PE
    Total System Jitter     (TSJ):    0.071ns
    Total Input Jitter      (TIJ):    0.000ns
    Discrete Jitter          (DJ):    0.000ns
    Phase Error              (PE):    0.000ns

    Location             Delay type                Incr(ns)  Path(ns)    Netlist Resource(s)
  -------------------------------------------------------------------    -------------------
                         (clock sys_clk_pin rise edge)
                                                      0.000     0.000 r  
    W5                                                0.000     0.000 r  clk (IN)
                         net (fo=0)                   0.000     0.000    clk
    W5                   IBUF (Prop_ibuf_I_O)         1.458     1.458 r  clk_IBUF_inst/O
                         net (fo=1, routed)           1.967     3.425    clk_IBUF
    BUFGCTRL_X0Y0        BUFG (Prop_bufg_I_O)         0.096     3.521 r  clk_IBUF_BUFG_inst/O
                         net (fo=354, routed)         1.624     5.145    db7/CLK
    SLICE_X6Y97          FDRE                                         r  db7/btn_level_reg/C
  -------------------------------------------------------------------    -------------------
    SLICE_X6Y97          FDRE (Prop_fdre_C_Q)         0.518     5.663 f  db7/btn_level_reg/Q
                         net (fo=7, routed)           1.213     6.876    db7/touch_level[0]
    SLICE_X8Y99          LUT4 (Prop_lut4_I0_O)        0.124     7.000 r  db7/FSM_sequential_state[1]_i_8/O
                         net (fo=2, routed)           0.702     7.702    db8/FSM_sequential_state[1]_i_5
    SLICE_X8Y99          LUT6 (Prop_lut6_I5_O)        0.124     7.826 r  db8/FSM_sequential_state[1]_i_9/O
                         net (fo=1, routed)           0.529     8.355    mem/FSM_sequential_state[1]_i_2_0
    SLICE_X7Y100         LUT6 (Prop_lut6_I0_O)        0.124     8.479 f  mem/FSM_sequential_state[1]_i_5/O
                         net (fo=1, routed)           1.000     9.479    mem/FSM_sequential_state[1]_i_5_n_0
    SLICE_X8Y100         LUT6 (Prop_lut6_I3_O)        0.124     9.603 f  mem/FSM_sequential_state[1]_i_2/O
                         net (fo=3, routed)           0.445    10.048    pc/user_read_index_reg[0]_0
    SLICE_X10Y100        LUT6 (Prop_lut6_I3_O)        0.124    10.172 r  pc/user_index[3]_i_1/O
                         net (fo=8, routed)           0.493    10.665    pc_n_10
    SLICE_X14Y100        FDRE                                         r  user_read_index_reg[2]/CE
  -------------------------------------------------------------------    -------------------

                         (clock sys_clk_pin rise edge)
                                                     10.000    10.000 r  
    W5                                                0.000    10.000 r  clk (IN)
                         net (fo=0)                   0.000    10.000    clk
    W5                   IBUF (Prop_ibuf_I_O)         1.388    11.388 r  clk_IBUF_inst/O
                         net (fo=1, routed)           1.862    13.250    clk_IBUF
    BUFGCTRL_X0Y0        BUFG (Prop_bufg_I_O)         0.091    13.341 r  clk_IBUF_BUFG_inst/O
                         net (fo=354, routed)         1.616    14.957    clk_IBUF_BUFG
    SLICE_X14Y100        FDRE                                         r  user_read_index_reg[2]/C
                         clock pessimism              0.187    15.144    
                         clock uncertainty           -0.035    15.109    
    SLICE_X14Y100        FDRE (Setup_fdre_C_CE)      -0.169    14.940    user_read_index_reg[2]
  -------------------------------------------------------------------
                         required time                         14.940    
                         arrival time                         -10.665    
  -------------------------------------------------------------------
                         slack                                  4.274    

Slack (MET) :             4.274ns  (required time - arrival time)
  Source:                 db7/btn_level_reg/C
                            (rising edge-triggered cell FDRE clocked by sys_clk_pin  {rise@0.000ns fall@5.000ns period=10.000ns})
  Destination:            user_read_index_reg[3]/CE
                            (rising edge-triggered cell FDRE clocked by sys_clk_pin  {rise@0.000ns fall@5.000ns period=10.000ns})
  Path Group:             sys_clk_pin
  Path Type:              Setup (Max at Slow Process Corner)
  Requirement:            10.000ns  (sys_clk_pin rise@10.000ns - sys_clk_pin rise@0.000ns)
  Data Path Delay:        5.520ns  (logic 1.138ns (20.614%)  route 4.382ns (79.386%))
  Logic Levels:           5  (LUT4=1 LUT6=4)
  Clock Path Skew:        -0.001ns (DCD - SCD + CPR)
    Destination Clock Delay (DCD):    4.957ns = ( 14.957 - 10.000 ) 
    Source Clock Delay      (SCD):    5.145ns
    Clock Pessimism Removal (CPR):    0.187ns
  Clock Uncertainty:      0.035ns  ((TSJ^2 + TIJ^2)^1/2 + DJ) / 2 + PE
    Total System Jitter     (TSJ):    0.071ns
    Total Input Jitter      (TIJ):    0.000ns
    Discrete Jitter          (DJ):    0.000ns
    Phase Error              (PE):    0.000ns

    Location             Delay type                Incr(ns)  Path(ns)    Netlist Resource(s)
  -------------------------------------------------------------------    -------------------
                         (clock sys_clk_pin rise edge)
                                                      0.000     0.000 r  
    W5                                                0.000     0.000 r  clk (IN)
                         net (fo=0)                   0.000     0.000    clk
    W5                   IBUF (Prop_ibuf_I_O)         1.458     1.458 r  clk_IBUF_inst/O
                         net (fo=1, routed)           1.967     3.425    clk_IBUF
    BUFGCTRL_X0Y0        BUFG (Prop_bufg_I_O)         0.096     3.521 r  clk_IBUF_BUFG_inst/O
                         net (fo=354, routed)         1.624     5.145    db7/CLK
    SLICE_X6Y97          FDRE                                         r  db7/btn_level_reg/C
  -------------------------------------------------------------------    -------------------
    SLICE_X6Y97          FDRE (Prop_fdre_C_Q)         0.518     5.663 f  db7/btn_level_reg/Q
                         net (fo=7, routed)           1.213     6.876    db7/touch_level[0]
    SLICE_X8Y99          LUT4 (Prop_lut4_I0_O)        0.124     7.000 r  db7/FSM_sequential_state[1]_i_8/O
                         net (fo=2, routed)           0.702     7.702    db8/FSM_sequential_state[1]_i_5
    SLICE_X8Y99          LUT6 (Prop_lut6_I5_O)        0.124     7.826 r  db8/FSM_sequential_state[1]_i_9/O
                         net (fo=1, routed)           0.529     8.355    mem/FSM_sequential_state[1]_i_2_0
    SLICE_X7Y100         LUT6 (Prop_lut6_I0_O)        0.124     8.479 f  mem/FSM_sequential_state[1]_i_5/O
                         net (fo=1, routed)           1.000     9.479    mem/FSM_sequential_state[1]_i_5_n_0
    SLICE_X8Y100         LUT6 (Prop_lut6_I3_O)        0.124     9.603 f  mem/FSM_sequential_state[1]_i_2/O
                         net (fo=3, routed)           0.445    10.048    pc/user_read_index_reg[0]_0
    SLICE_X10Y100        LUT6 (Prop_lut6_I3_O)        0.124    10.172 r  pc/user_index[3]_i_1/O
                         net (fo=8, routed)           0.493    10.665    pc_n_10
    SLICE_X14Y100        FDRE                                         r  user_read_index_reg[3]/CE
  -------------------------------------------------------------------    -------------------

                         (clock sys_clk_pin rise edge)
                                                     10.000    10.000 r  
    W5                                                0.000    10.000 r  clk (IN)
                         net (fo=0)                   0.000    10.000    clk
    W5                   IBUF (Prop_ibuf_I_O)         1.388    11.388 r  clk_IBUF_inst/O
                         net (fo=1, routed)           1.862    13.250    clk_IBUF
    BUFGCTRL_X0Y0        BUFG (Prop_bufg_I_O)         0.091    13.341 r  clk_IBUF_BUFG_inst/O
                         net (fo=354, routed)         1.616    14.957    clk_IBUF_BUFG
    SLICE_X14Y100        FDRE                                         r  user_read_index_reg[3]/C
                         clock pessimism              0.187    15.144    
                         clock uncertainty           -0.035    15.109    
    SLICE_X14Y100        FDRE (Setup_fdre_C_CE)      -0.169    14.940    user_read_index_reg[3]
  -------------------------------------------------------------------
                         required time                         14.940    
                         arrival time                         -10.665    
  -------------------------------------------------------------------
                         slack                                  4.274    

Slack (MET) :             4.642ns  (required time - arrival time)
  Source:                 db7/btn_level_reg/C
                            (rising edge-triggered cell FDRE clocked by sys_clk_pin  {rise@0.000ns fall@5.000ns period=10.000ns})
  Destination:            FSM_sequential_state_reg[1]/D
                            (rising edge-triggered cell FDRE clocked by sys_clk_pin  {rise@0.000ns fall@5.000ns period=10.000ns})
  Path Group:             sys_clk_pin
  Path Type:              Setup (Max at Slow Process Corner)
  Requirement:            10.000ns  (sys_clk_pin rise@10.000ns - sys_clk_pin rise@0.000ns)
  Data Path Delay:        5.403ns  (logic 1.138ns (21.063%)  route 4.265ns (78.937%))
  Logic Levels:           5  (LUT4=1 LUT5=1 LUT6=3)
  Clock Path Skew:        -0.001ns (DCD - SCD + CPR)
    Destination Clock Delay (DCD):    4.957ns = ( 14.957 - 10.000 ) 
    Source Clock Delay      (SCD):    5.145ns
    Clock Pessimism Removal (CPR):    0.187ns
  Clock Uncertainty:      0.035ns  ((TSJ^2 + TIJ^2)^1/2 + DJ) / 2 + PE
    Total System Jitter     (TSJ):    0.071ns
    Total Input Jitter      (TIJ):    0.000ns
    Discrete Jitter          (DJ):    0.000ns
    Phase Error              (PE):    0.000ns

    Location             Delay type                Incr(ns)  Path(ns)    Netlist Resource(s)
  -------------------------------------------------------------------    -------------------
                         (clock sys_clk_pin rise edge)
                                                      0.000     0.000 r  
    W5                                                0.000     0.000 r  clk (IN)
                         net (fo=0)                   0.000     0.000    clk
    W5                   IBUF (Prop_ibuf_I_O)         1.458     1.458 r  clk_IBUF_inst/O
                         net (fo=1, routed)           1.967     3.425    clk_IBUF
    BUFGCTRL_X0Y0        BUFG (Prop_bufg_I_O)         0.096     3.521 r  clk_IBUF_BUFG_inst/O
                         net (fo=354, routed)         1.624     5.145    db7/CLK
    SLICE_X6Y97          FDRE                                         r  db7/btn_level_reg/C
  -------------------------------------------------------------------    -------------------
    SLICE_X6Y97          FDRE (Prop_fdre_C_Q)         0.518     5.663 f  db7/btn_level_reg/Q
                         net (fo=7, routed)           1.213     6.876    db7/touch_level[0]
    SLICE_X8Y99          LUT4 (Prop_lut4_I0_O)        0.124     7.000 r  db7/FSM_sequential_state[1]_i_8/O
                         net (fo=2, routed)           0.702     7.702    db8/FSM_sequential_state[1]_i_5
    SLICE_X8Y99          LUT6 (Prop_lut6_I5_O)        0.124     7.826 r  db8/FSM_sequential_state[1]_i_9/O
                         net (fo=1, routed)           0.529     8.355    mem/FSM_sequential_state[1]_i_2_0
    SLICE_X7Y100         LUT6 (Prop_lut6_I0_O)        0.124     8.479 r  mem/FSM_sequential_state[1]_i_5/O
                         net (fo=1, routed)           1.000     9.479    mem/FSM_sequential_state[1]_i_5_n_0
    SLICE_X8Y100         LUT6 (Prop_lut6_I3_O)        0.124     9.603 r  mem/FSM_sequential_state[1]_i_2/O
                         net (fo=3, routed)           0.820    10.424    mem/out_value_reg[3]_0
    SLICE_X10Y100        LUT5 (Prop_lut5_I2_O)        0.124    10.548 r  mem/FSM_sequential_state[1]_i_1/O
                         net (fo=1, routed)           0.000    10.548    mem_n_0
    SLICE_X10Y100        FDRE                                         r  FSM_sequential_state_reg[1]/D
  -------------------------------------------------------------------    -------------------

                         (clock sys_clk_pin rise edge)
                                                     10.000    10.000 r  
    W5                                                0.000    10.000 r  clk (IN)
                         net (fo=0)                   0.000    10.000    clk
    W5                   IBUF (Prop_ibuf_I_O)         1.388    11.388 r  clk_IBUF_inst/O
                         net (fo=1, routed)           1.862    13.250    clk_IBUF
    BUFGCTRL_X0Y0        BUFG (Prop_bufg_I_O)         0.091    13.341 r  clk_IBUF_BUFG_inst/O
                         net (fo=354, routed)         1.616    14.957    clk_IBUF_BUFG
    SLICE_X10Y100        FDRE                                         r  FSM_sequential_state_reg[1]/C
                         clock pessimism              0.187    15.144    
                         clock uncertainty           -0.035    15.109    
    SLICE_X10Y100        FDRE (Setup_fdre_C_D)        0.081    15.190    FSM_sequential_state_reg[1]
  -------------------------------------------------------------------
                         required time                         15.190    
                         arrival time                         -10.548    
  -------------------------------------------------------------------
                         slack                                  4.642    

Slack (MET) :             4.839ns  (required time - arrival time)
  Source:                 db7/btn_level_reg/C
                            (rising edge-triggered cell FDRE clocked by sys_clk_pin  {rise@0.000ns fall@5.000ns period=10.000ns})
  Destination:            FSM_sequential_state_reg[0]/D
                            (rising edge-triggered cell FDRE clocked by sys_clk_pin  {rise@0.000ns fall@5.000ns period=10.000ns})
  Path Group:             sys_clk_pin
  Path Type:              Setup (Max at Slow Process Corner)
  Requirement:            10.000ns  (sys_clk_pin rise@10.000ns - sys_clk_pin rise@0.000ns)
  Data Path Delay:        5.202ns  (logic 1.138ns (21.877%)  route 4.064ns (78.123%))
  Logic Levels:           5  (LUT4=1 LUT6=4)
  Clock Path Skew:        -0.001ns (DCD - SCD + CPR)
    Destination Clock Delay (DCD):    4.957ns = ( 14.957 - 10.000 ) 
    Source Clock Delay      (SCD):    5.145ns
    Clock Pessimism Removal (CPR):    0.187ns
  Clock Uncertainty:      0.035ns  ((TSJ^2 + TIJ^2)^1/2 + DJ) / 2 + PE
    Total System Jitter     (TSJ):    0.071ns
    Total Input Jitter      (TIJ):    0.000ns
    Discrete Jitter          (DJ):    0.000ns
    Phase Error              (PE):    0.000ns

    Location             Delay type                Incr(ns)  Path(ns)    Netlist Resource(s)
  -------------------------------------------------------------------    -------------------
                         (clock sys_clk_pin rise edge)
                                                      0.000     0.000 r  
    W5                                                0.000     0.000 r  clk (IN)
                         net (fo=0)                   0.000     0.000    clk
    W5                   IBUF (Prop_ibuf_I_O)         1.458     1.458 r  clk_IBUF_inst/O
                         net (fo=1, routed)           1.967     3.425    clk_IBUF
    BUFGCTRL_X0Y0        BUFG (Prop_bufg_I_O)         0.096     3.521 r  clk_IBUF_BUFG_inst/O
                         net (fo=354, routed)         1.624     5.145    db7/CLK
    SLICE_X6Y97          FDRE                                         r  db7/btn_level_reg/C
  -------------------------------------------------------------------    -------------------
    SLICE_X6Y97          FDRE (Prop_fdre_C_Q)         0.518     5.663 f  db7/btn_level_reg/Q
                         net (fo=7, routed)           1.213     6.876    db7/touch_level[0]
    SLICE_X8Y99          LUT4 (Prop_lut4_I0_O)        0.124     7.000 r  db7/FSM_sequential_state[1]_i_8/O
                         net (fo=2, routed)           0.702     7.702    db8/FSM_sequential_state[1]_i_5
    SLICE_X8Y99          LUT6 (Prop_lut6_I5_O)        0.124     7.826 r  db8/FSM_sequential_state[1]_i_9/O
                         net (fo=1, routed)           0.529     8.355    mem/FSM_sequential_state[1]_i_2_0
    SLICE_X7Y100         LUT6 (Prop_lut6_I0_O)        0.124     8.479 f  mem/FSM_sequential_state[1]_i_5/O
                         net (fo=1, routed)           1.000     9.479    mem/FSM_sequential_state[1]_i_5_n_0
    SLICE_X8Y100         LUT6 (Prop_lut6_I3_O)        0.124     9.603 f  mem/FSM_sequential_state[1]_i_2/O
                         net (fo=3, routed)           0.619    10.223    mem/out_value_reg[3]_0
    SLICE_X10Y100        LUT6 (Prop_lut6_I1_O)        0.124    10.347 r  mem/FSM_sequential_state[0]_i_1/O
                         net (fo=1, routed)           0.000    10.347    mem_n_2
    SLICE_X10Y100        FDRE                                         r  FSM_sequential_state_reg[0]/D
  -------------------------------------------------------------------    -------------------

                         (clock sys_clk_pin rise edge)
                                                     10.000    10.000 r  
    W5                                                0.000    10.000 r  clk (IN)
                         net (fo=0)                   0.000    10.000    clk
    W5                   IBUF (Prop_ibuf_I_O)         1.388    11.388 r  clk_IBUF_inst/O
                         net (fo=1, routed)           1.862    13.250    clk_IBUF
    BUFGCTRL_X0Y0        BUFG (Prop_bufg_I_O)         0.091    13.341 r  clk_IBUF_BUFG_inst/O
                         net (fo=354, routed)         1.616    14.957    clk_IBUF_BUFG
    SLICE_X10Y100        FDRE                                         r  FSM_sequential_state_reg[0]/C
                         clock pessimism              0.187    15.144    
                         clock uncertainty           -0.035    15.109    
    SLICE_X10Y100        FDRE (Setup_fdre_C_D)        0.077    15.186    FSM_sequential_state_reg[0]
  -------------------------------------------------------------------
                         required time                         15.186    
                         arrival time                         -10.347    
  -------------------------------------------------------------------
                         slack                                  4.839    





Min Delay Paths
--------------------------------------------------------------------------------------
Slack (MET) :             0.094ns  (arrival time - required time)
  Source:                 db8/state_reg/C
                            (rising edge-triggered cell FDRE clocked by sys_clk_pin  {rise@0.000ns fall@5.000ns period=10.000ns})
  Destination:            db8/btn_level_reg/D
                            (rising edge-triggered cell FDRE clocked by sys_clk_pin  {rise@0.000ns fall@5.000ns period=10.000ns})
  Path Group:             sys_clk_pin
  Path Type:              Hold (Min at Fast Process Corner)
  Requirement:            0.000ns  (sys_clk_pin rise@0.000ns - sys_clk_pin rise@0.000ns)
  Data Path Delay:        0.328ns  (logic 0.141ns (42.947%)  route 0.187ns (57.053%))
  Logic Levels:           0  
  Clock Path Skew:        0.182ns (DCD - SCD - CPR)
    Destination Clock Delay (DCD):    1.990ns
    Source Clock Delay      (SCD):    1.559ns
    Clock Pessimism Removal (CPR):    0.249ns

    Location             Delay type                Incr(ns)  Path(ns)    Netlist Resource(s)
  -------------------------------------------------------------------    -------------------
                         (clock sys_clk_pin rise edge)
                                                      0.000     0.000 r  
    W5                                                0.000     0.000 r  clk (IN)
                         net (fo=0)                   0.000     0.000    clk
    W5                   IBUF (Prop_ibuf_I_O)         0.226     0.226 r  clk_IBUF_inst/O
                         net (fo=1, routed)           0.631     0.858    clk_IBUF
    BUFGCTRL_X0Y0        BUFG (Prop_bufg_I_O)         0.026     0.884 r  clk_IBUF_BUFG_inst/O
                         net (fo=354, routed)         0.675     1.559    db8/CLK
    SLICE_X4Y100         FDRE                                         r  db8/state_reg/C
  -------------------------------------------------------------------    -------------------
    SLICE_X4Y100         FDRE (Prop_fdre_C_Q)         0.141     1.700 r  db8/state_reg/Q
                         net (fo=4, routed)           0.187     1.887    db8/state_reg_n_0
    SLICE_X6Y99          FDRE                                         r  db8/btn_level_reg/D
  -------------------------------------------------------------------    -------------------

                         (clock sys_clk_pin rise edge)
                                                      0.000     0.000 r  
    W5                                                0.000     0.000 r  clk (IN)
                         net (fo=0)                   0.000     0.000    clk
    W5                   IBUF (Prop_ibuf_I_O)         0.414     0.414 r  clk_IBUF_inst/O
                         net (fo=1, routed)           0.685     1.099    clk_IBUF
    BUFGCTRL_X0Y0        BUFG (Prop_bufg_I_O)         0.029     1.128 r  clk_IBUF_BUFG_inst/O
                         net (fo=354, routed)         0.863     1.990    db8/CLK
    SLICE_X6Y99          FDRE                                         r  db8/btn_level_reg/C
                         clock pessimism             -0.249     1.741    
    SLICE_X6Y99          FDRE (Hold_fdre_C_D)         0.052     1.793    db8/btn_level_reg
  -------------------------------------------------------------------
                         required time                         -1.793    
                         arrival time                           1.887    
  -------------------------------------------------------------------
                         slack                                  0.094    

Slack (MET) :             0.133ns  (arrival time - required time)
  Source:                 db7/btn_level_reg/C
                            (rising edge-triggered cell FDRE clocked by sys_clk_pin  {rise@0.000ns fall@5.000ns period=10.000ns})
  Destination:            led_reg[7]/D
                            (rising edge-triggered cell FDRE clocked by sys_clk_pin  {rise@0.000ns fall@5.000ns period=10.000ns})
  Path Group:             sys_clk_pin
  Path Type:              Hold (Min at Fast Process Corner)
  Requirement:            0.000ns  (sys_clk_pin rise@0.000ns - sys_clk_pin rise@0.000ns)
  Data Path Delay:        0.578ns  (logic 0.209ns (36.136%)  route 0.369ns (63.864%))
  Logic Levels:           1  (LUT5=1)
  Clock Path Skew:        0.325ns (DCD - SCD - CPR)
    Destination Clock Delay (DCD):    2.050ns
    Source Clock Delay      (SCD):    1.475ns
    Clock Pessimism Removal (CPR):    0.249ns

    Location             Delay type                Incr(ns)  Path(ns)    Netlist Resource(s)
  -------------------------------------------------------------------    -------------------
                         (clock sys_clk_pin rise edge)
                                                      0.000     0.000 r  
    W5                                                0.000     0.000 r  clk (IN)
                         net (fo=0)                   0.000     0.000    clk
    W5                   IBUF (Prop_ibuf_I_O)         0.226     0.226 r  clk_IBUF_inst/O
                         net (fo=1, routed)           0.631     0.858    clk_IBUF
    BUFGCTRL_X0Y0        BUFG (Prop_bufg_I_O)         0.026     0.884 r  clk_IBUF_BUFG_inst/O
                         net (fo=354, routed)         0.592     1.475    db7/CLK
    SLICE_X6Y97          FDRE                                         r  db7/btn_level_reg/C
  -------------------------------------------------------------------    -------------------
    SLICE_X6Y97          FDRE (Prop_fdre_C_Q)         0.164     1.639 r  db7/btn_level_reg/Q
                         net (fo=7, routed)           0.369     2.009    mem/touch_level[7]
    SLICE_X8Y101         LUT5 (Prop_lut5_I4_O)        0.045     2.054 r  mem/led[7]_i_1/O
                         net (fo=1, routed)           0.000     2.054    mem_n_18
    SLICE_X8Y101         FDRE                                         r  led_reg[7]/D
  -------------------------------------------------------------------    -------------------

                         (clock sys_clk_pin rise edge)
                                                      0.000     0.000 r  
    W5                                                0.000     0.000 r  clk (IN)
                         net (fo=0)                   0.000     0.000    clk
    W5                   IBUF (Prop_ibuf_I_O)         0.414     0.414 r  clk_IBUF_inst/O
                         net (fo=1, routed)           0.685     1.099    clk_IBUF
    BUFGCTRL_X0Y0        BUFG (Prop_bufg_I_O)         0.029     1.128 r  clk_IBUF_BUFG_inst/O
                         net (fo=354, routed)         0.922     2.050    clk_IBUF_BUFG
    SLICE_X8Y101         FDRE                                         r  led_reg[7]/C
                         clock pessimism             -0.249     1.801    
    SLICE_X8Y101         FDRE (Hold_fdre_C_D)         0.120     1.921    led_reg[7]
  -------------------------------------------------------------------
                         required time                         -1.921    
                         arrival time                           2.054    
  -------------------------------------------------------------------
                         slack                                  0.133    

Slack (MET) :             0.136ns  (arrival time - required time)
  Source:                 db0/btn_level_reg/C
                            (rising edge-triggered cell FDRE clocked by sys_clk_pin  {rise@0.000ns fall@5.000ns period=10.000ns})
  Destination:            led_reg[0]/D
                            (rising edge-triggered cell FDRE clocked by sys_clk_pin  {rise@0.000ns fall@5.000ns period=10.000ns})
  Path Group:             sys_clk_pin
  Path Type:              Hold (Min at Fast Process Corner)
  Requirement:            0.000ns  (sys_clk_pin rise@0.000ns - sys_clk_pin rise@0.000ns)
  Data Path Delay:        0.553ns  (logic 0.227ns (41.085%)  route 0.326ns (58.915%))
  Logic Levels:           1  (LUT5=1)
  Clock Path Skew:        0.325ns (DCD - SCD - CPR)
    Destination Clock Delay (DCD):    2.050ns
    Source Clock Delay      (SCD):    1.475ns
    Clock Pessimism Removal (CPR):    0.249ns

    Location             Delay type                Incr(ns)  Path(ns)    Netlist Resource(s)
  -------------------------------------------------------------------    -------------------
                         (clock sys_clk_pin rise edge)
                                                      0.000     0.000 r  
    W5                                                0.000     0.000 r  clk (IN)
                         net (fo=0)                   0.000     0.000    clk
    W5                   IBUF (Prop_ibuf_I_O)         0.226     0.226 r  clk_IBUF_inst/O
                         net (fo=1, routed)           0.631     0.858    clk_IBUF
    BUFGCTRL_X0Y0        BUFG (Prop_bufg_I_O)         0.026     0.884 r  clk_IBUF_BUFG_inst/O
                         net (fo=354, routed)         0.592     1.475    db0/CLK
    SLICE_X7Y98          FDRE                                         r  db0/btn_level_reg/C
  -------------------------------------------------------------------    -------------------
    SLICE_X7Y98          FDRE (Prop_fdre_C_Q)         0.128     1.603 r  db0/btn_level_reg/Q
                         net (fo=7, routed)           0.326     1.929    mem/touch_level[0]
    SLICE_X9Y100         LUT5 (Prop_lut5_I4_O)        0.099     2.028 r  mem/led[0]_i_1/O
                         net (fo=1, routed)           0.000     2.028    mem_n_25
    SLICE_X9Y100         FDRE                                         r  led_reg[0]/D
  -------------------------------------------------------------------    -------------------

                         (clock sys_clk_pin rise edge)
                                                      0.000     0.000 r  
    W5                                                0.000     0.000 r  clk (IN)
                         net (fo=0)                   0.000     0.000    clk
    W5                   IBUF (Prop_ibuf_I_O)         0.414     0.414 r  clk_IBUF_inst/O
                         net (fo=1, routed)           0.685     1.099    clk_IBUF
    BUFGCTRL_X0Y0        BUFG (Prop_bufg_I_O)         0.029     1.128 r  clk_IBUF_BUFG_inst/O
                         net (fo=354, routed)         0.922     2.050    clk_IBUF_BUFG
    SLICE_X9Y100         FDRE                                         r  led_reg[0]/C
                         clock pessimism             -0.249     1.801    
    SLICE_X9Y100         FDRE (Hold_fdre_C_D)         0.091     1.892    led_reg[0]
  -------------------------------------------------------------------
                         required time                         -1.892    
                         arrival time                           2.028    
  -------------------------------------------------------------------
                         slack                                  0.136    

Slack (MET) :             0.145ns  (arrival time - required time)
  Source:                 db6/btn_level_reg/C
                            (rising edge-triggered cell FDRE clocked by sys_clk_pin  {rise@0.000ns fall@5.000ns period=10.000ns})
  Destination:            led_reg[6]/D
                            (rising edge-triggered cell FDRE clocked by sys_clk_pin  {rise@0.000ns fall@5.000ns period=10.000ns})
  Path Group:             sys_clk_pin
  Path Type:              Hold (Min at Fast Process Corner)
  Requirement:            0.000ns  (sys_clk_pin rise@0.000ns - sys_clk_pin rise@0.000ns)
  Data Path Delay:        0.563ns  (logic 0.209ns (37.134%)  route 0.354ns (62.866%))
  Logic Levels:           1  (LUT5=1)
  Clock Path Skew:        0.325ns (DCD - SCD - CPR)
    Destination Clock Delay (DCD):    2.050ns
    Source Clock Delay      (SCD):    1.475ns
    Clock Pessimism Removal (CPR):    0.249ns

    Location             Delay type                Incr(ns)  Path(ns)    Netlist Resource(s)
  -------------------------------------------------------------------    -------------------
                         (clock sys_clk_pin rise edge)
                                                      0.000     0.000 r  
    W5                                                0.000     0.000 r  clk (IN)
                         net (fo=0)                   0.000     0.000    clk
    W5                   IBUF (Prop_ibuf_I_O)         0.226     0.226 r  clk_IBUF_inst/O
                         net (fo=1, routed)           0.631     0.858    clk_IBUF
    BUFGCTRL_X0Y0        BUFG (Prop_bufg_I_O)         0.026     0.884 r  clk_IBUF_BUFG_inst/O
                         net (fo=354, routed)         0.592     1.475    db6/CLK
    SLICE_X6Y98          FDRE                                         r  db6/btn_level_reg/C
  -------------------------------------------------------------------    -------------------
    SLICE_X6Y98          FDRE (Prop_fdre_C_Q)         0.164     1.639 r  db6/btn_level_reg/Q
                         net (fo=8, routed)           0.354     1.993    mem/touch_level[6]
    SLICE_X9Y102         LUT5 (Prop_lut5_I4_O)        0.045     2.038 r  mem/led[6]_i_1/O
                         net (fo=1, routed)           0.000     2.038    mem_n_19
    SLICE_X9Y102         FDRE                                         r  led_reg[6]/D
  -------------------------------------------------------------------    -------------------

                         (clock sys_clk_pin rise edge)
                                                      0.000     0.000 r  
    W5                                                0.000     0.000 r  clk (IN)
                         net (fo=0)                   0.000     0.000    clk
    W5                   IBUF (Prop_ibuf_I_O)         0.414     0.414 r  clk_IBUF_inst/O
                         net (fo=1, routed)           0.685     1.099    clk_IBUF
    BUFGCTRL_X0Y0        BUFG (Prop_bufg_I_O)         0.029     1.128 r  clk_IBUF_BUFG_inst/O
                         net (fo=354, routed)         0.922     2.050    clk_IBUF_BUFG
    SLICE_X9Y102         FDRE                                         r  led_reg[6]/C
                         clock pessimism             -0.249     1.801    
    SLICE_X9Y102         FDRE (Hold_fdre_C_D)         0.092     1.893    led_reg[6]
  -------------------------------------------------------------------
                         required time                         -1.893    
                         arrival time                           2.038    
  -------------------------------------------------------------------
                         slack                                  0.145    

Slack (MET) :             0.152ns  (arrival time - required time)
  Source:                 db1/btn_level_reg/C
                            (rising edge-triggered cell FDRE clocked by sys_clk_pin  {rise@0.000ns fall@5.000ns period=10.000ns})
  Destination:            db1/btn_pulse_reg/D
                            (rising edge-triggered cell FDRE clocked by sys_clk_pin  {rise@0.000ns fall@5.000ns period=10.000ns})
  Path Group:             sys_clk_pin
  Path Type:              Hold (Min at Fast Process Corner)
  Requirement:            0.000ns  (sys_clk_pin rise@0.000ns - sys_clk_pin rise@0.000ns)
  Data Path Delay:        0.285ns  (logic 0.186ns (65.209%)  route 0.099ns (34.791%))
  Logic Levels:           1  (LUT2=1)
  Clock Path Skew:        0.013ns (DCD - SCD - CPR)
    Destination Clock Delay (DCD):    1.962ns
    Source Clock Delay      (SCD):    1.448ns
    Clock Pessimism Removal (CPR):    0.501ns

    Location             Delay type                Incr(ns)  Path(ns)    Netlist Resource(s)
  -------------------------------------------------------------------    -------------------
                         (clock sys_clk_pin rise edge)
                                                      0.000     0.000 r  
    W5                                                0.000     0.000 r  clk (IN)
                         net (fo=0)                   0.000     0.000    clk
    W5                   IBUF (Prop_ibuf_I_O)         0.226     0.226 r  clk_IBUF_inst/O
                         net (fo=1, routed)           0.631     0.858    clk_IBUF
    BUFGCTRL_X0Y0        BUFG (Prop_bufg_I_O)         0.026     0.884 r  clk_IBUF_BUFG_inst/O
                         net (fo=354, routed)         0.565     1.448    db1/CLK
    SLICE_X9Y98          FDRE                                         r  db1/btn_level_reg/C
  -------------------------------------------------------------------    -------------------
    SLICE_X9Y98          FDRE (Prop_fdre_C_Q)         0.141     1.589 f  db1/btn_level_reg/Q
                         net (fo=9, routed)           0.099     1.688    db1/btn_level_reg_0[0]
    SLICE_X8Y98          LUT2 (Prop_lut2_I1_O)        0.045     1.733 r  db1/btn_pulse_i_1__0/O
                         net (fo=1, routed)           0.000     1.733    db1/btn_pulse0
    SLICE_X8Y98          FDRE                                         r  db1/btn_pulse_reg/D
  -------------------------------------------------------------------    -------------------

                         (clock sys_clk_pin rise edge)
                                                      0.000     0.000 r  
    W5                                                0.000     0.000 r  clk (IN)
                         net (fo=0)                   0.000     0.000    clk
    W5                   IBUF (Prop_ibuf_I_O)         0.414     0.414 r  clk_IBUF_inst/O
                         net (fo=1, routed)           0.685     1.099    clk_IBUF
    BUFGCTRL_X0Y0        BUFG (Prop_bufg_I_O)         0.029     1.128 r  clk_IBUF_BUFG_inst/O
                         net (fo=354, routed)         0.834     1.962    db1/CLK
    SLICE_X8Y98          FDRE                                         r  db1/btn_pulse_reg/C
                         clock pessimism             -0.501     1.461    
    SLICE_X8Y98          FDRE (Hold_fdre_C_D)         0.120     1.581    db1/btn_pulse_reg
  -------------------------------------------------------------------
                         required time                         -1.581    
                         arrival time                           1.733    
  -------------------------------------------------------------------
                         slack                                  0.152    

Slack (MET) :             0.164ns  (arrival time - required time)
  Source:                 rand_gen/lfsr_reg[3]/C
                            (rising edge-triggered cell FDRE clocked by sys_clk_pin  {rise@0.000ns fall@5.000ns period=10.000ns})
  Destination:            rand_gen/lfsr_reg[0]/D
                            (rising edge-triggered cell FDSE clocked by sys_clk_pin  {rise@0.000ns fall@5.000ns period=10.000ns})
  Path Group:             sys_clk_pin
  Path Type:              Hold (Min at Fast Process Corner)
  Requirement:            0.000ns  (sys_clk_pin rise@0.000ns - sys_clk_pin rise@0.000ns)
  Data Path Delay:        0.268ns  (logic 0.186ns (69.475%)  route 0.082ns (30.525%))
  Logic Levels:           1  (LUT2=1)
  Clock Path Skew:        0.013ns (DCD - SCD - CPR)
    Destination Clock Delay (DCD):    2.047ns
    Source Clock Delay      (SCD):    1.530ns
    Clock Pessimism Removal (CPR):    0.504ns

    Location             Delay type                Incr(ns)  Path(ns)    Netlist Resource(s)
  -------------------------------------------------------------------    -------------------
                         (clock sys_clk_pin rise edge)
                                                      0.000     0.000 r  
    W5                                                0.000     0.000 r  clk (IN)
                         net (fo=0)                   0.000     0.000    clk
    W5                   IBUF (Prop_ibuf_I_O)         0.226     0.226 r  clk_IBUF_inst/O
                         net (fo=1, routed)           0.631     0.858    clk_IBUF
    BUFGCTRL_X0Y0        BUFG (Prop_bufg_I_O)         0.026     0.884 r  clk_IBUF_BUFG_inst/O
                         net (fo=354, routed)         0.646     1.530    rand_gen/CLK
    SLICE_X19Y103        FDRE                                         r  rand_gen/lfsr_reg[3]/C
  -------------------------------------------------------------------    -------------------
    SLICE_X19Y103        FDRE (Prop_fdre_C_Q)         0.141     1.671 r  rand_gen/lfsr_reg[3]/Q
                         net (fo=5, routed)           0.082     1.752    rand_gen/lfsr[3]
    SLICE_X18Y103        LUT2 (Prop_lut2_I0_O)        0.045     1.797 r  rand_gen/lfsr[0]_i_1/O
                         net (fo=1, routed)           0.000     1.797    rand_gen/p_0_out[0]
    SLICE_X18Y103        FDSE                                         r  rand_gen/lfsr_reg[0]/D
  -------------------------------------------------------------------    -------------------

                         (clock sys_clk_pin rise edge)
                                                      0.000     0.000 r  
    W5                                                0.000     0.000 r  clk (IN)
                         net (fo=0)                   0.000     0.000    clk
    W5                   IBUF (Prop_ibuf_I_O)         0.414     0.414 r  clk_IBUF_inst/O
                         net (fo=1, routed)           0.685     1.099    clk_IBUF
    BUFGCTRL_X0Y0        BUFG (Prop_bufg_I_O)         0.029     1.128 r  clk_IBUF_BUFG_inst/O
                         net (fo=354, routed)         0.919     2.047    rand_gen/CLK
    SLICE_X18Y103        FDSE                                         r  rand_gen/lfsr_reg[0]/C
                         clock pessimism             -0.504     1.543    
    SLICE_X18Y103        FDSE (Hold_fdse_C_D)         0.091     1.634    rand_gen/lfsr_reg[0]
  -------------------------------------------------------------------
                         required time                         -1.634    
                         arrival time                           1.797    
  -------------------------------------------------------------------
                         slack                                  0.164    

Slack (MET) :             0.184ns  (arrival time - required time)
  Source:                 db7/state_reg/C
                            (rising edge-triggered cell FDRE clocked by sys_clk_pin  {rise@0.000ns fall@5.000ns period=10.000ns})
  Destination:            db7/btn_level_reg/D
                            (rising edge-triggered cell FDRE clocked by sys_clk_pin  {rise@0.000ns fall@5.000ns period=10.000ns})
  Path Group:             sys_clk_pin
  Path Type:              Hold (Min at Fast Process Corner)
  Requirement:            0.000ns  (sys_clk_pin rise@0.000ns - sys_clk_pin rise@0.000ns)
  Data Path Delay:        0.278ns  (logic 0.141ns (50.643%)  route 0.137ns (49.357%))
  Logic Levels:           0  
  Clock Path Skew:        0.035ns (DCD - SCD - CPR)
    Destination Clock Delay (DCD):    1.990ns
    Source Clock Delay      (SCD):    1.477ns
    Clock Pessimism Removal (CPR):    0.478ns

    Location             Delay type                Incr(ns)  Path(ns)    Netlist Resource(s)
  -------------------------------------------------------------------    -------------------
                         (clock sys_clk_pin rise edge)
                                                      0.000     0.000 r  
    W5                                                0.000     0.000 r  clk (IN)
                         net (fo=0)                   0.000     0.000    clk
    W5                   IBUF (Prop_ibuf_I_O)         0.226     0.226 r  clk_IBUF_inst/O
                         net (fo=1, routed)           0.631     0.858    clk_IBUF
    BUFGCTRL_X0Y0        BUFG (Prop_bufg_I_O)         0.026     0.884 r  clk_IBUF_BUFG_inst/O
                         net (fo=354, routed)         0.594     1.477    db7/CLK
    SLICE_X3Y97          FDRE                                         r  db7/state_reg/C
  -------------------------------------------------------------------    -------------------
    SLICE_X3Y97          FDRE (Prop_fdre_C_Q)         0.141     1.618 r  db7/state_reg/Q
                         net (fo=4, routed)           0.137     1.756    db7/state_reg_n_0
    SLICE_X6Y97          FDRE                                         r  db7/btn_level_reg/D
  -------------------------------------------------------------------    -------------------

                         (clock sys_clk_pin rise edge)
                                                      0.000     0.000 r  
    W5                                                0.000     0.000 r  clk (IN)
                         net (fo=0)                   0.000     0.000    clk
    W5                   IBUF (Prop_ibuf_I_O)         0.414     0.414 r  clk_IBUF_inst/O
                         net (fo=1, routed)           0.685     1.099    clk_IBUF
    BUFGCTRL_X0Y0        BUFG (Prop_bufg_I_O)         0.029     1.128 r  clk_IBUF_BUFG_inst/O
                         net (fo=354, routed)         0.863     1.990    db7/CLK
    SLICE_X6Y97          FDRE                                         r  db7/btn_level_reg/C
                         clock pessimism             -0.478     1.512    
    SLICE_X6Y97          FDRE (Hold_fdre_C_D)         0.059     1.571    db7/btn_level_reg
  -------------------------------------------------------------------
                         required time                         -1.571    
                         arrival time                           1.756    
  -------------------------------------------------------------------
                         slack                                  0.184    

Slack (MET) :             0.191ns  (arrival time - required time)
  Source:                 rand_gen/rand_out_reg[0]/C
                            (rising edge-triggered cell FDRE clocked by sys_clk_pin  {rise@0.000ns fall@5.000ns period=10.000ns})
  Destination:            mem/memory_reg[3][0]/D
                            (rising edge-triggered cell FDRE clocked by sys_clk_pin  {rise@0.000ns fall@5.000ns period=10.000ns})
  Path Group:             sys_clk_pin
  Path Type:              Hold (Min at Fast Process Corner)
  Requirement:            0.000ns  (sys_clk_pin rise@0.000ns - sys_clk_pin rise@0.000ns)
  Data Path Delay:        0.277ns  (logic 0.141ns (50.886%)  route 0.136ns (49.114%))
  Logic Levels:           0  
  Clock Path Skew:        0.016ns (DCD - SCD - CPR)
    Destination Clock Delay (DCD):    2.047ns
    Source Clock Delay      (SCD):    1.530ns
    Clock Pessimism Removal (CPR):    0.501ns

    Location             Delay type                Incr(ns)  Path(ns)    Netlist Resource(s)
  -------------------------------------------------------------------    -------------------
                         (clock sys_clk_pin rise edge)
                                                      0.000     0.000 r  
    W5                                                0.000     0.000 r  clk (IN)
                         net (fo=0)                   0.000     0.000    clk
    W5                   IBUF (Prop_ibuf_I_O)         0.226     0.226 r  clk_IBUF_inst/O
                         net (fo=1, routed)           0.631     0.858    clk_IBUF
    BUFGCTRL_X0Y0        BUFG (Prop_bufg_I_O)         0.026     0.884 r  clk_IBUF_BUFG_inst/O
                         net (fo=354, routed)         0.646     1.530    rand_gen/CLK
    SLICE_X18Y103        FDRE                                         r  rand_gen/rand_out_reg[0]/C
  -------------------------------------------------------------------    -------------------
    SLICE_X18Y103        FDRE (Prop_fdre_C_Q)         0.141     1.671 r  rand_gen/rand_out_reg[0]/Q
                         net (fo=16, routed)          0.136     1.807    mem/memory_reg[0][3]_0[0]
    SLICE_X17Y103        FDRE                                         r  mem/memory_reg[3][0]/D
  -------------------------------------------------------------------    -------------------

                         (clock sys_clk_pin rise edge)
                                                      0.000     0.000 r  
    W5                                                0.000     0.000 r  clk (IN)
                         net (fo=0)                   0.000     0.000    clk
    W5                   IBUF (Prop_ibuf_I_O)         0.414     0.414 r  clk_IBUF_inst/O
                         net (fo=1, routed)           0.685     1.099    clk_IBUF
    BUFGCTRL_X0Y0        BUFG (Prop_bufg_I_O)         0.029     1.128 r  clk_IBUF_BUFG_inst/O
                         net (fo=354, routed)         0.919     2.047    mem/CLK
    SLICE_X17Y103        FDRE                                         r  mem/memory_reg[3][0]/C
                         clock pessimism             -0.501     1.546    
    SLICE_X17Y103        FDRE (Hold_fdre_C_D)         0.070     1.616    mem/memory_reg[3][0]
  -------------------------------------------------------------------
                         required time                         -1.616    
                         arrival time                           1.807    
  -------------------------------------------------------------------
                         slack                                  0.191    

Slack (MET) :             0.194ns  (arrival time - required time)
  Source:                 db8/count_reg[1]/C
                            (rising edge-triggered cell FDRE clocked by sys_clk_pin  {rise@0.000ns fall@5.000ns period=10.000ns})
  Destination:            db8/count_reg[13]/D
                            (rising edge-triggered cell FDRE clocked by sys_clk_pin  {rise@0.000ns fall@5.000ns period=10.000ns})
  Path Group:             sys_clk_pin
  Path Type:              Hold (Min at Fast Process Corner)
  Requirement:            0.000ns  (sys_clk_pin rise@0.000ns - sys_clk_pin rise@0.000ns)
  Data Path Delay:        0.678ns  (logic 0.257ns (37.924%)  route 0.421ns (62.076%))
  Logic Levels:           2  (LUT2=1 LUT6=1)
  Clock Path Skew:        0.352ns (DCD - SCD - CPR)
    Destination Clock Delay (DCD):    2.079ns
    Source Clock Delay      (SCD):    1.477ns
    Clock Pessimism Removal (CPR):    0.249ns

    Location             Delay type                Incr(ns)  Path(ns)    Netlist Resource(s)
  -------------------------------------------------------------------    -------------------
                         (clock sys_clk_pin rise edge)
                                                      0.000     0.000 r  
    W5                                                0.000     0.000 r  clk (IN)
                         net (fo=0)                   0.000     0.000    clk
    W5                   IBUF (Prop_ibuf_I_O)         0.226     0.226 r  clk_IBUF_inst/O
                         net (fo=1, routed)           0.631     0.858    clk_IBUF
    BUFGCTRL_X0Y0        BUFG (Prop_bufg_I_O)         0.026     0.884 r  clk_IBUF_BUFG_inst/O
                         net (fo=354, routed)         0.594     1.477    db8/CLK
    SLICE_X2Y99          FDRE                                         r  db8/count_reg[1]/C
  -------------------------------------------------------------------    -------------------
    SLICE_X2Y99          FDRE (Prop_fdre_C_Q)         0.164     1.641 r  db8/count_reg[1]/Q
                         net (fo=2, routed)           0.124     1.765    db8/count_reg_n_0_[1]
    SLICE_X2Y99          LUT6 (Prop_lut6_I4_O)        0.045     1.810 f  db8/state_i_2__7/O
                         net (fo=21, routed)          0.297     2.107    db8/state_i_2__7_n_0
    SLICE_X2Y101         LUT2 (Prop_lut2_I1_O)        0.048     2.155 r  db8/count[13]_i_1__7/O
                         net (fo=1, routed)           0.000     2.155    db8/count[13]
    SLICE_X2Y101         FDRE                                         r  db8/count_reg[13]/D
  -------------------------------------------------------------------    -------------------

                         (clock sys_clk_pin rise edge)
                                                      0.000     0.000 r  
    W5                                                0.000     0.000 r  clk (IN)
                         net (fo=0)                   0.000     0.000    clk
    W5                   IBUF (Prop_ibuf_I_O)         0.414     0.414 r  clk_IBUF_inst/O
                         net (fo=1, routed)           0.685     1.099    clk_IBUF
    BUFGCTRL_X0Y0        BUFG (Prop_bufg_I_O)         0.029     1.128 r  clk_IBUF_BUFG_inst/O
                         net (fo=354, routed)         0.951     2.079    db8/CLK
    SLICE_X2Y101         FDRE                                         r  db8/count_reg[13]/C
                         clock pessimism             -0.249     1.830    
    SLICE_X2Y101         FDRE (Hold_fdre_C_D)         0.131     1.961    db8/count_reg[13]
  -------------------------------------------------------------------
                         required time                         -1.961    
                         arrival time                           2.155    
  -------------------------------------------------------------------
                         slack                                  0.194    

Slack (MET) :             0.197ns  (arrival time - required time)
  Source:                 db8/count_reg[1]/C
                            (rising edge-triggered cell FDRE clocked by sys_clk_pin  {rise@0.000ns fall@5.000ns period=10.000ns})
  Destination:            db8/count_reg[8]/D
                            (rising edge-triggered cell FDRE clocked by sys_clk_pin  {rise@0.000ns fall@5.000ns period=10.000ns})
  Path Group:             sys_clk_pin
  Path Type:              Hold (Min at Fast Process Corner)
  Requirement:            0.000ns  (sys_clk_pin rise@0.000ns - sys_clk_pin rise@0.000ns)
  Data Path Delay:        0.681ns  (logic 0.258ns (37.903%)  route 0.423ns (62.097%))
  Logic Levels:           2  (LUT2=1 LUT6=1)
  Clock Path Skew:        0.352ns (DCD - SCD - CPR)
    Destination Clock Delay (DCD):    2.079ns
    Source Clock Delay      (SCD):    1.477ns
    Clock Pessimism Removal (CPR):    0.249ns

    Location             Delay type                Incr(ns)  Path(ns)    Netlist Resource(s)
  -------------------------------------------------------------------    -------------------
                         (clock sys_clk_pin rise edge)
                                                      0.000     0.000 r  
    W5                                                0.000     0.000 r  clk (IN)
                         net (fo=0)                   0.000     0.000    clk
    W5                   IBUF (Prop_ibuf_I_O)         0.226     0.226 r  clk_IBUF_inst/O
                         net (fo=1, routed)           0.631     0.858    clk_IBUF
    BUFGCTRL_X0Y0        BUFG (Prop_bufg_I_O)         0.026     0.884 r  clk_IBUF_BUFG_inst/O
                         net (fo=354, routed)         0.594     1.477    db8/CLK
    SLICE_X2Y99          FDRE                                         r  db8/count_reg[1]/C
  -------------------------------------------------------------------    -------------------
    SLICE_X2Y99          FDRE (Prop_fdre_C_Q)         0.164     1.641 r  db8/count_reg[1]/Q
                         net (fo=2, routed)           0.124     1.765    db8/count_reg_n_0_[1]
    SLICE_X2Y99          LUT6 (Prop_lut6_I4_O)        0.045     1.810 f  db8/state_i_2__7/O
                         net (fo=21, routed)          0.299     2.109    db8/state_i_2__7_n_0
    SLICE_X2Y100         LUT2 (Prop_lut2_I1_O)        0.049     2.158 r  db8/count[8]_i_1__7/O
                         net (fo=1, routed)           0.000     2.158    db8/count[8]
    SLICE_X2Y100         FDRE                                         r  db8/count_reg[8]/D
  -------------------------------------------------------------------    -------------------

                         (clock sys_clk_pin rise edge)
                                                      0.000     0.000 r  
    W5                                                0.000     0.000 r  clk (IN)
                         net (fo=0)                   0.000     0.000    clk
    W5                   IBUF (Prop_ibuf_I_O)         0.414     0.414 r  clk_IBUF_inst/O
                         net (fo=1, routed)           0.685     1.099    clk_IBUF
    BUFGCTRL_X0Y0        BUFG (Prop_bufg_I_O)         0.029     1.128 r  clk_IBUF_BUFG_inst/O
                         net (fo=354, routed)         0.951     2.079    db8/CLK
    SLICE_X2Y100         FDRE                                         r  db8/count_reg[8]/C
                         clock pessimism             -0.249     1.830    
    SLICE_X2Y100         FDRE (Hold_fdre_C_D)         0.131     1.961    db8/count_reg[8]
  -------------------------------------------------------------------
                         required time                         -1.961    
                         arrival time                           2.158    
  -------------------------------------------------------------------
                         slack                                  0.197    





Pulse Width Checks
--------------------------------------------------------------------------------------
Clock Name:         sys_clk_pin
Waveform(ns):       { 0.000 5.000 }
Period(ns):         10.000
Sources:            { clk }

Check Type        Corner  Lib Pin  Reference Pin  Required(ns)  Actual(ns)  Slack(ns)  Location       Pin
Min Period        n/a     BUFG/I   n/a            2.155         10.000      7.845      BUFGCTRL_X0Y0  clk_IBUF_BUFG_inst/I
Min Period        n/a     FDRE/C   n/a            1.000         10.000      9.000      SLICE_X10Y100  FSM_sequential_state_reg[0]/C
Min Period        n/a     FDRE/C   n/a            1.000         10.000      9.000      SLICE_X10Y100  FSM_sequential_state_reg[1]/C
Min Period        n/a     FDRE/C   n/a            1.000         10.000      9.000      SLICE_X9Y101   FSM_sequential_state_reg[2]/C
Min Period        n/a     FDRE/C   n/a            1.000         10.000      9.000      SLICE_X7Y98    db0/btn_level_reg/C
Min Period        n/a     FDRE/C   n/a            1.000         10.000      9.000      SLICE_X7Y98    db0/btn_pulse_reg/C
Min Period        n/a     FDRE/C   n/a            1.000         10.000      9.000      SLICE_X9Y93    db0/count_reg[8]/C
Min Period        n/a     FDRE/C   n/a            1.000         10.000      9.000      SLICE_X10Y94   db0/count_reg[9]/C
Min Period        n/a     FDRE/C   n/a            1.000         10.000      9.000      SLICE_X10Y95   db0/state_reg/C
Min Period        n/a     FDRE/C   n/a            1.000         10.000      9.000      SLICE_X9Y98    db1/btn_level_reg/C
Low Pulse Width   Slow    FDRE/C   n/a            0.500         5.000       4.500      SLICE_X7Y91    db2/count_reg[16]/C
Low Pulse Width   Slow    FDRE/C   n/a            0.500         5.000       4.500      SLICE_X7Y91    db2/count_reg[17]/C
Low Pulse Width   Slow    FDRE/C   n/a            0.500         5.000       4.500      SLICE_X7Y91    db2/count_reg[18]/C
Low Pulse Width   Slow    FDRE/C   n/a            0.500         5.000       4.500      SLICE_X7Y91    db2/count_reg[19]/C
Low Pulse Width   Slow    FDRE/C   n/a            0.500         5.000       4.500      SLICE_X7Y89    db2/count_reg[6]/C
Low Pulse Width   Slow    FDRE/C   n/a            0.500         5.000       4.500      SLICE_X7Y89    db2/count_reg[7]/C
Low Pulse Width   Slow    FDRE/C   n/a            0.500         5.000       4.500      SLICE_X7Y89    db2/count_reg[8]/C
Low Pulse Width   Slow    FDRE/C   n/a            0.500         5.000       4.500      SLICE_X7Y89    db2/count_reg[9]/C
Low Pulse Width   Slow    FDRE/C   n/a            0.500         5.000       4.500      SLICE_X3Y87    db4/count_reg[0]/C
Low Pulse Width   Slow    FDRE/C   n/a            0.500         5.000       4.500      SLICE_X0Y88    db4/count_reg[10]/C
High Pulse Width  Slow    FDRE/C   n/a            0.500         5.000       4.500      SLICE_X7Y98    db0/btn_level_reg/C
High Pulse Width  Slow    FDRE/C   n/a            0.500         5.000       4.500      SLICE_X7Y98    db0/btn_pulse_reg/C
High Pulse Width  Slow    FDRE/C   n/a            0.500         5.000       4.500      SLICE_X9Y93    db0/count_reg[8]/C
High Pulse Width  Slow    FDRE/C   n/a            0.500         5.000       4.500      SLICE_X10Y94   db0/count_reg[9]/C
High Pulse Width  Slow    FDRE/C   n/a            0.500         5.000       4.500      SLICE_X10Y95   db0/state_reg/C
High Pulse Width  Slow    FDRE/C   n/a            0.500         5.000       4.500      SLICE_X11Y89   db1/count_reg[2]/C
High Pulse Width  Slow    FDRE/C   n/a            0.500         5.000       4.500      SLICE_X11Y89   db1/count_reg[3]/C
High Pulse Width  Slow    FDRE/C   n/a            0.500         5.000       4.500      SLICE_X11Y89   db1/count_reg[4]/C
High Pulse Width  Slow    FDRE/C   n/a            0.500         5.000       4.500      SLICE_X11Y89   db1/count_reg[5]/C
High Pulse Width  Slow    FDRE/C   n/a            0.500         5.000       4.500      SLICE_X11Y90   db1/count_reg[6]/C



